#
# A fatal error has been detected by the Java Runtime Environment:
#
#  SIGSEGV (0xb) at pc=0x00007f97b565bf58, pid=5741, tid=140289581311744
#
# JRE version: 7.0_147-b147
# Java VM: OpenJDK 64-Bit Server VM (21.0-b17 mixed mode linux-amd64 compressed oops)
# Derivative: IcedTea7 2.0
# Distribution: Debian GNU/Linux unstable (sid), package 7~b147-2.0-1
# Problematic frame:
# C  [libX11.so.6+0x3cf58]  XQueryExtension+0x28
#
# Failed to write core dump. Core dumps have been disabled. To enable core dumping, try "ulimit -c unlimited" before starting Java again
#
# If you would like to submit a bug report, please include
# instructions on how to reproduce the bug and visit:
#   http://icedtea.classpath.org/bugzilla
#

---------------  T H R E A D  ---------------

Current thread (0x0000000002292800):  VMThread [stack: 0x00007f97b698e000,0x00007f97b6a8f000] [id=5751]

siginfo:si_signo=SIGSEGV: si_errno=0, si_code=1 (SEGV_MAPERR), si_addr=0xffffffffb02eb858

Registers:
RAX=0x0000000002293ac0, RBX=0xffffffffb02eaef0, RCX=0x00007f97b6a8d7f8, RDX=0x00007f97b6a8d7f4
RSP=0x00007f97b6a8d790, RBP=0x00007f97a964b872, RSI=0x00007f97a964b872, RDI=0xffffffffb02eaef0
R8 =0x00007f97b6a8d7fc, R9 =0x0000000000000000, R10=0x00007f97bd185768, R11=0x00007f97bce380d0
R12=0x00007f97b6a8d7f4, R13=0x00007f97a964b872, R14=0x0000000002293ac0, R15=0x0000000000000000
RIP=0x00007f97b565bf58, EFLAGS=0x0000000000010206, CSGSFS=0x0000000000000033, ERR=0x0000000000000005
  TRAPNO=0x000000000000000e

Top of Stack: (sp=0x00007f97b6a8d790)
0x00007f97b6a8d790:   0000000000000020 00007f97bd9e1f72
0x00007f97b6a8d7a0:   00007f97bce0f5c8 00007f97bdbca000
0x00007f97b6a8d7b0:   00007f97bce0f5c8 ffffffffb02eaef0
0x00007f97b6a8d7c0:   00007f97a964b872 0000000000000000
0x00007f97b6a8d7d0:   00007f97a964b872 0000000002293ac0
0x00007f97b6a8d7e0:   0000000000000000 00007f97b564f905
0x00007f97b6a8d7f0:   00007f97b02ee1a0 00007f97a97843e0
0x00007f97b6a8d800:   00007f97a97843e0 ffffffffb02eaef0
0x00007f97b6a8d810:   00007f97b0351a80 00007f97b596cb8b
0x00007f97b6a8d820:   0101010100000005 00000011bce0f5c8
0x00007f97b6a8d830:   00007f97b6a8d8b0 0000000000000000
0x00007f97b6a8d840:   00007f97b6a8d8b0 ffffffffb02eaef0
0x00007f97b6a8d850:   00007f97bdbeb048 00007f97b02ee1a0
0x00007f97b6a8d860:   00007f97a979dbd0 00007f97a95f20b9
0x00007f97b6a8d870:   0000000000000000 0000000000000058
0x00007f97b6a8d880:   00007f97b6a8d8b0 0000000000000000
0x00007f97b6a8d890:   00007f97bdbeb048 00007f97b02ee1a0
0x00007f97b6a8d8a0:   0000000000000032 00007f97a95e8ad2
0x00007f97b6a8d8b0:   00007f97b6a8dc10 00007f97a964b7f1
0x00007f97b6a8d8c0:   00007f97b6a8dc10 00007f97bd9d923c
0x00007f97b6a8d8d0:   00007f97bdbec1c8 00007f97bdbec758
0x00007f97b6a8d8e0:   00007f97bdbcb000 00000000021f9e80
0x00007f97b6a8d8f0:   00000000021fa940 00000000021fa330
0x00007f97b6a8d900:   00000000021fae40 00000000021ffaf0
0x00007f97b6a8d910:   00007f97b02e6ff0 00007f97b02e61b0
0x00007f97b6a8d920:   00007f97b01e20d0 00007f97b01e8d80
0x00007f97b6a8d930:   00007f97b01f1360 00007f97b01f4400
0x00007f97b6a8d940:   00007f97b01f0e30 00007f97b01f0410
0x00007f97b6a8d950:   00007f97b01f38e0 00007f97b01f33d0
0x00007f97b6a8d960:   00007f97b01f0920 00007f97b01f3e70
0x00007f97b6a8d970:   00007f97b01eefb0 00007f97b01ef4d0
0x00007f97b6a8d980:   00007f97b01eff00 00007f97b01ef9e0 

Instructions: (pc=0x00007f97b565bf58)
0x00007f97b565bf38:   24 d8 48 89 fb 4c 89 64 24 e0 4c 89 6c 24 e8 49
0x00007f97b565bf48:   89 d4 4c 89 74 24 f0 4c 89 7c 24 f8 48 83 ec 58
0x00007f97b565bf58:   48 8b 87 68 09 00 00 49 89 f5 48 89 cd 4d 89 c6
0x00007f97b565bf68:   48 85 c0 74 02 ff 10 4c 8b bb b0 00 00 00 49 8d 

Register to memory mapping:

RAX=0x0000000002293ac0 is an unknown value
RBX=0xffffffffb02eaef0 is an unknown value
RCX=0x00007f97b6a8d7f8 is an unknown value
RDX=0x00007f97b6a8d7f4 is an unknown value
RSP=0x00007f97b6a8d790 is an unknown value
RBP=0x00007f97a964b872: <offset 0x96872> in /usr/lib/libGL.so.1 at 0x00007f97a95b5000
RSI=0x00007f97a964b872: <offset 0x96872> in /usr/lib/libGL.so.1 at 0x00007f97a95b5000
RDI=0xffffffffb02eaef0 is an unknown value
R8 =0x00007f97b6a8d7fc is an unknown value
R9 =0x0000000000000000 is an unknown value
R10=0x00007f97bd185768: <offset 0x384768> in /lib/x86_64-linux-gnu/libc.so.6 at 0x00007f97bce01000
R11=0x00007f97bce380d0: __cxa_finalize+0 in /lib/x86_64-linux-gnu/libc.so.6 at 0x00007f97bce01000
R12=0x00007f97b6a8d7f4 is an unknown value
R13=0x00007f97a964b872: <offset 0x96872> in /usr/lib/libGL.so.1 at 0x00007f97a95b5000
R14=0x0000000002293ac0 is an unknown value
R15=0x0000000000000000 is an unknown value


Stack: [0x00007f97b698e000,0x00007f97b6a8f000],  sp=0x00007f97b6a8d790,  free space=1021k
Native frames: (J=compiled Java code, j=interpreted, Vv=VM code, C=native code)
C  [libX11.so.6+0x3cf58]  XQueryExtension+0x28

VM_Operation (0x00007f97bdbc5660): Exit, mode: safepoint, requested by thread 0x00000000021fb800


---------------  P R O C E S S  ---------------

Java Threads: ( => current thread )
  0x00007f97b09b2800 JavaThread "Thread-1" daemon [_thread_blocked, id=5767, stack(0x00007f97a6428000,0x00007f97a6529000)]
  0x00007f97b02e5000 JavaThread "process reaper" daemon [_thread_blocked, id=5763, stack(0x00007f97bd9ec000,0x00007f97bda06000)]
  0x00007f97b02cc000 JavaThread "AWT-XAWT" daemon [_thread_blocked, id=5761, stack(0x00007f97a9e2e000,0x00007f97a9f2f000)]
  0x00007f97b028f000 JavaThread "Java2D Disposer" daemon [_thread_blocked, id=5760, stack(0x00007f97b40a2000,0x00007f97b41a3000)]
  0x00007f97b005f800 JavaThread "Service Thread" daemon [_thread_blocked, id=5757, stack(0x00007f97b6211000,0x00007f97b6312000)]
  0x00007f97b005d000 JavaThread "C2 CompilerThread1" daemon [_thread_blocked, id=5756, stack(0x00007f97b6312000,0x00007f97b6413000)]
  0x00007f97b005a000 JavaThread "C2 CompilerThread0" daemon [_thread_blocked, id=5755, stack(0x00007f97b6413000,0x00007f97b6514000)]
  0x00007f97b0058000 JavaThread "Signal Dispatcher" daemon [_thread_blocked, id=5754, stack(0x00007f97b6514000,0x00007f97b6615000)]
  0x00007f97b0001000 JavaThread "Finalizer" daemon [_thread_blocked, id=5753, stack(0x00007f97b678c000,0x00007f97b688d000)]
  0x000000000229b000 JavaThread "Reference Handler" daemon [_thread_blocked, id=5752, stack(0x00007f97b688d000,0x00007f97b698e000)]
  0x00000000021fb800 JavaThread "main" [_thread_blocked, id=5745, stack(0x00007f97bdac6000,0x00007f97bdbc7000)]

Other Threads:
=>0x0000000002292800 VMThread [stack: 0x00007f97b698e000,0x00007f97b6a8f000] [id=5751]

VM state:at safepoint (shutting down)

VM Mutex/Monitor currently owned by a thread:  ([mutex/lock_event])
[0x00000000021f8250] Threads_lock - owner thread: 0x0000000002292800

Heap
 PSYoungGen      total 32960K, used 4601K [0x00000000ec160000, 0x00000000f0200000, 0x0000000100000000)
  eden space 30720K, 7% used [0x00000000ec160000,0x00000000ec3ba878,0x00000000edf60000)
  from space 2240K, 97% used [0x00000000effd0000,0x00000000f01f3cc0,0x00000000f0200000)
  to   space 2496K, 0% used [0x00000000efd20000,0x00000000efd20000,0x00000000eff90000)
 PSOldGen        total 40832K, used 23983K [0x00000000c4400000, 0x00000000c6be0000, 0x00000000ec160000)
  object space 40832K, 58% used [0x00000000c4400000,0x00000000c5b6bc28,0x00000000c6be0000)
 PSPermGen       total 21248K, used 12097K [0x00000000b9e00000, 0x00000000bb2c0000, 0x00000000c4400000)
  object space 21248K, 56% used [0x00000000b9e00000,0x00000000ba9d0778,0x00000000bb2c0000)

Code Cache  [0x00007f97b799e000, 0x00007f97b7c0e000, 0x00007f97ba99e000)
 total_blobs=700 nmethods=177 adapters=476 free_code_cache=48205Kb largest_free_block=49333952

Dynamic libraries:
00400000-00401000 r-xp 00000000 08:06 2884677                            /usr/lib/jvm/java-7-openjdk-amd64/jre/bin/java
00600000-00601000 rw-p 00000000 08:06 2884677                            /usr/lib/jvm/java-7-openjdk-amd64/jre/bin/java
021f0000-029f0000 rw-p 00000000 00:00 0                                  [heap]
b9e00000-bb2c0000 rw-p 00000000 00:00 0 
bb2c0000-c4400000 rw-p 00000000 00:00 0 
c4400000-c6be0000 rw-p 00000000 00:00 0 
c6be0000-ec160000 rw-p 00000000 00:00 0 
ec160000-f0200000 rw-p 00000000 00:00 0 
f0200000-f0240000 ---p 00000000 00:00 0 
f0240000-100000000 rw-p 00000000 00:00 0 
7f97a556f000-7f97a5578000 r--s 00000000 08:06 788462                     /var/cache/fontconfig/945677eb7aeaf62f1d50efc3fb3ec7d8-le64.cache-3
7f97a5578000-7f97a557d000 r--s 00000000 08:06 791153                     /var/cache/fontconfig/6eb3985aa4124903f6ff08ba781cd364-le64.cache-3
7f97a557d000-7f97a5586000 r--s 00000000 08:06 788455                     /var/cache/fontconfig/6d41288fd70b0be22e8c3a91e032eec0-le64.cache-3
7f97a5586000-7f97a55c0000 r-xp 00000000 08:06 2884642                    /usr/lib/jvm/java-7-openjdk-amd64/jre/lib/amd64/libfontmanager.so
7f97a55c0000-7f97a57c0000 ---p 0003a000 08:06 2884642                    /usr/lib/jvm/java-7-openjdk-amd64/jre/lib/amd64/libfontmanager.so
7f97a57c0000-7f97a57c3000 rw-p 0003a000 08:06 2884642                    /usr/lib/jvm/java-7-openjdk-amd64/jre/lib/amd64/libfontmanager.so
7f97a5ac2000-7f97a5ac5000 ---p 00000000 00:00 0 
7f97a5ac5000-7f97a5bc3000 rw-p 00000000 00:00 0 
7f97a5bc3000-7f97a5bc6000 ---p 00000000 00:00 0 
7f97a5bc6000-7f97a5cc4000 rw-p 00000000 00:00 0 
7f97a5cc4000-7f97a5cc7000 ---p 00000000 00:00 0 
7f97a5cc7000-7f97a5dc5000 rw-p 00000000 00:00 0 
7f97a5dc5000-7f97a5dff000 r-xp 00000000 08:06 1978619                    /usr/lib/x86_64-linux-gnu/libjpeg.so.8.4.0
7f97a5dff000-7f97a5ffe000 ---p 0003a000 08:06 1978619                    /usr/lib/x86_64-linux-gnu/libjpeg.so.8.4.0
7f97a5ffe000-7f97a5fff000 rw-p 00039000 08:06 1978619                    /usr/lib/x86_64-linux-gnu/libjpeg.so.8.4.0
7f97a6003000-7f97a6008000 r--s 00000000 08:06 791152                     /var/cache/fontconfig/3047814df9a2f067bd2d96a2b9c36e5a-le64.cache-3
7f97a6008000-7f97a600b000 r--s 00000000 08:06 790198                     /var/cache/fontconfig/e49e89034d371f0f9de17aab02136486-le64.cache-3
7f97a600b000-7f97a601b000 r--s 00000000 08:06 788433                     /var/cache/fontconfig/d52a8644073d54c13679302ca1180695-le64.cache-3
7f97a601b000-7f97a6024000 r-xp 00000000 08:06 2884661                    /usr/lib/jvm/java-7-openjdk-amd64/jre/lib/amd64/libjavajpeg.so
7f97a6024000-7f97a6223000 ---p 00009000 08:06 2884661                    /usr/lib/jvm/java-7-openjdk-amd64/jre/lib/amd64/libjavajpeg.so
7f97a6223000-7f97a6224000 rw-p 00008000 08:06 2884661                    /usr/lib/jvm/java-7-openjdk-amd64/jre/lib/amd64/libjavajpeg.so
7f97a6224000-7f97a6227000 r-xp 00000000 08:07 3555793                    /home/speedy/Programming/Libraries/Java/slick/native/linux/libjinput-linux64.so
7f97a6227000-7f97a6426000 ---p 00003000 08:07 3555793                    /home/speedy/Programming/Libraries/Java/slick/native/linux/libjinput-linux64.so
7f97a6426000-7f97a6427000 r--p 00002000 08:07 3555793                    /home/speedy/Programming/Libraries/Java/slick/native/linux/libjinput-linux64.so
7f97a6427000-7f97a6428000 rw-p 00003000 08:07 3555793                    /home/speedy/Programming/Libraries/Java/slick/native/linux/libjinput-linux64.so
7f97a6428000-7f97a642b000 ---p 00000000 00:00 0 
7f97a642b000-7f97a6529000 rw-p 00000000 00:00 0 
7f97a6569000-7f97a6c69000 rw-s 00006000 00:05 5447                       /dev/ati/card0
7f97a6c69000-7f97a6d69000 rw-p 00000000 00:00 0 
7f97a6d69000-7f97a6da4000 r-xp 00000000 08:06 1709772                    /usr/lib/libatiadlxx.so
7f97a6da4000-7f97a6ea3000 ---p 0003b000 08:06 1709772                    /usr/lib/libatiadlxx.so
7f97a6ea3000-7f97a6eac000 rw-p 0003a000 08:06 1709772                    /usr/lib/libatiadlxx.so
7f97a6eac000-7f97a6ebd000 rw-p 00000000 00:00 0 
7f97a6ebd000-7f97a6ec4000 r-xp 00000000 08:06 1709776                    /usr/lib/libatiuki.so.1.0
7f97a6ec4000-7f97a6fc4000 ---p 00007000 08:06 1709776                    /usr/lib/libatiuki.so.1.0
7f97a6fc4000-7f97a6fc5000 rw-p 00007000 08:06 1709776                    /usr/lib/libatiuki.so.1.0
7f97a6fc5000-7f97a6fc6000 rw-p 00000000 00:00 0 
7f97a6fc6000-7f97a8e39000 r-xp 00000000 08:06 1709779                    /usr/lib/dri/fglrx_dri.so
7f97a8e39000-7f97a8f38000 ---p 01e73000 08:06 1709779                    /usr/lib/dri/fglrx_dri.so
7f97a8f38000-7f97a906a000 rwxp 01e72000 08:06 1709779                    /usr/lib/dri/fglrx_dri.so
7f97a906a000-7f97a918e000 rwxp 00000000 00:00 0 
7f97a918e000-7f97a91a3000 r-xp 00000000 08:06 2884657                    /usr/lib/jvm/java-7-openjdk-amd64/jre/lib/amd64/libnet.so
7f97a91a3000-7f97a93a3000 ---p 00015000 08:06 2884657                    /usr/lib/jvm/java-7-openjdk-amd64/jre/lib/amd64/libnet.so
7f97a93a3000-7f97a93a4000 rw-p 00015000 08:06 2884657                    /usr/lib/jvm/java-7-openjdk-amd64/jre/lib/amd64/libnet.so
7f97a93a4000-7f97a93b4000 r-xp 00000000 08:06 2884641                    /usr/lib/jvm/java-7-openjdk-amd64/jre/lib/amd64/libnio.so
7f97a93b4000-7f97a95b4000 ---p 00010000 08:06 2884641                    /usr/lib/jvm/java-7-openjdk-amd64/jre/lib/amd64/libnio.so
7f97a95b4000-7f97a95b5000 rw-p 00010000 08:06 2884641                    /usr/lib/jvm/java-7-openjdk-amd64/jre/lib/amd64/libnio.so
7f97a95b5000-7f97a9678000 r-xp 00000000 08:06 2490543                    /usr/lib/fglrx/fglrx-libGL.so.1.2
7f97a9678000-7f97a9777000 ---p 000c3000 08:06 2490543                    /usr/lib/fglrx/fglrx-libGL.so.1.2
7f97a9777000-7f97a979e000 rwxp 000c2000 08:06 2490543                    /usr/lib/fglrx/fglrx-libGL.so.1.2
7f97a979e000-7f97a97be000 rwxp 00000000 00:00 0 
7f97a97be000-7f97a97c3000 r-xp 00000000 08:06 1979605                    /usr/lib/x86_64-linux-gnu/libXxf86vm.so.1.0.0
7f97a97c3000-7f97a99c2000 ---p 00005000 08:06 1979605                    /usr/lib/x86_64-linux-gnu/libXxf86vm.so.1.0.0
7f97a99c2000-7f97a99c3000 rw-p 00004000 08:06 1979605                    /usr/lib/x86_64-linux-gnu/libXxf86vm.so.1.0.0
7f97a99c3000-7f97a9a2a000 r-xp 00000000 08:07 3555791                    /home/speedy/Programming/Libraries/Java/slick/native/linux/liblwjgl64.so
7f97a9a2a000-7f97a9c2a000 ---p 00067000 08:07 3555791                    /home/speedy/Programming/Libraries/Java/slick/native/linux/liblwjgl64.so
7f97a9c2a000-7f97a9c2c000 r--p 00067000 08:07 3555791                    /home/speedy/Programming/Libraries/Java/slick/native/linux/liblwjgl64.so
7f97a9c2c000-7f97a9c2d000 rw-p 00069000 08:07 3555791                    /home/speedy/Programming/Libraries/Java/slick/native/linux/liblwjgl64.so
7f97a9c2d000-7f97a9c2e000 r-xp 00000000 08:06 2884649                    /usr/lib/jvm/java-7-openjdk-amd64/jre/lib/amd64/libjawt.so
7f97a9c2e000-7f97a9e2d000 ---p 00001000 08:06 2884649                    /usr/lib/jvm/java-7-openjdk-amd64/jre/lib/amd64/libjawt.so
7f97a9e2d000-7f97a9e2e000 rw-p 00000000 08:06 2884649                    /usr/lib/jvm/java-7-openjdk-amd64/jre/lib/amd64/libjawt.so
7f97a9e2e000-7f97a9e31000 ---p 00000000 00:00 0 
7f97a9e31000-7f97a9f2f000 rw-p 00000000 00:00 0 
7f97a9f2f000-7f97a9f72000 r-xp 00000000 08:06 2752607                    /lib/x86_64-linux-gnu/libdbus-1.so.3.5.8
7f97a9f72000-7f97aa171000 ---p 00043000 08:06 2752607                    /lib/x86_64-linux-gnu/libdbus-1.so.3.5.8
7f97aa171000-7f97aa173000 r--p 00042000 08:06 2752607                    /lib/x86_64-linux-gnu/libdbus-1.so.3.5.8
7f97aa173000-7f97aa174000 rw-p 00044000 08:06 2752607                    /lib/x86_64-linux-gnu/libdbus-1.so.3.5.8
7f97aa174000-7f97aa177000 r-xp 00000000 08:06 2757703                    /lib/x86_64-linux-gnu/libgpg-error.so.0.8.0
7f97aa177000-7f97aa376000 ---p 00003000 08:06 2757703                    /lib/x86_64-linux-gnu/libgpg-error.so.0.8.0
7f97aa376000-7f97aa377000 rw-p 00002000 08:06 2757703                    /lib/x86_64-linux-gnu/libgpg-error.so.0.8.0
7f97aa377000-7f97aa388000 r-xp 00000000 08:06 1970821                    /usr/lib/x86_64-linux-gnu/libp11-kit.so.0.0.0
7f97aa388000-7f97aa588000 ---p 00011000 08:06 1970821                    /usr/lib/x86_64-linux-gnu/libp11-kit.so.0.0.0
7f97aa588000-7f97aa589000 rw-p 00011000 08:06 1970821                    /usr/lib/x86_64-linux-gnu/libp11-kit.so.0.0.0
7f97aa589000-7f97aa599000 r-xp 00000000 08:06 1971812                    /usr/lib/x86_64-linux-gnu/libtasn1.so.3.1.13
7f97aa599000-7f97aa798000 ---p 00010000 08:06 1971812                    /usr/lib/x86_64-linux-gnu/libtasn1.so.3.1.13
7f97aa798000-7f97aa799000 rw-p 0000f000 08:06 1971812                    /usr/lib/x86_64-linux-gnu/libtasn1.so.3.1.13
7f97aa799000-7f97aa79c000 r-xp 00000000 08:06 2752833                    /lib/x86_64-linux-gnu/libkeyutils.so.1.4
7f97aa79c000-7f97aa99b000 ---p 00003000 08:06 2752833                    /lib/x86_64-linux-gnu/libkeyutils.so.1.4
7f97aa99b000-7f97aa99c000 rw-p 00002000 08:06 2752833                    /lib/x86_64-linux-gnu/libkeyutils.so.1.4
7f97aa99c000-7f97aa9a4000 r-xp 00000000 08:06 1968160                    /usr/lib/x86_64-linux-gnu/libkrb5support.so.0.1
7f97aa9a4000-7f97aaba3000 ---p 00008000 08:06 1968160                    /usr/lib/x86_64-linux-gnu/libkrb5support.so.0.1
7f97aaba3000-7f97aaba4000 r--p 00007000 08:06 1968160                    /usr/lib/x86_64-linux-gnu/libkrb5support.so.0.1
7f97aaba4000-7f97aaba5000 rw-p 00008000 08:06 1968160                    /usr/lib/x86_64-linux-gnu/libkrb5support.so.0.1
7f97aaba5000-7f97aabaa000 r-xp 00000000 08:06 1970246                    /usr/lib/x86_64-linux-gnu/libXdmcp.so.6.0.0
7f97aabaa000-7f97aada9000 ---p 00005000 08:06 1970246                    /usr/lib/x86_64-linux-gnu/libXdmcp.so.6.0.0
7f97aada9000-7f97aadaa000 r--p 00004000 08:06 1970246                    /usr/lib/x86_64-linux-gnu/libXdmcp.so.6.0.0
7f97aadaa000-7f97aadab000 rw-p 00005000 08:06 1970246                    /usr/lib/x86_64-linux-gnu/libXdmcp.so.6.0.0
7f97aadab000-7f97aadad000 r-xp 00000000 08:06 1968899                    /usr/lib/x86_64-linux-gnu/libXau.so.6.0.0
7f97aadad000-7f97aafac000 ---p 00002000 08:06 1968899                    /usr/lib/x86_64-linux-gnu/libXau.so.6.0.0
7f97aafac000-7f97aafad000 r--p 00001000 08:06 1968899                    /usr/lib/x86_64-linux-gnu/libXau.so.6.0.0
7f97aafad000-7f97aafae000 rw-p 00002000 08:06 1968899                    /usr/lib/x86_64-linux-gnu/libXau.so.6.0.0
7f97aafae000-7f97aafbe000 r-xp 00000000 08:06 1968913                    /usr/lib/x86_64-linux-gnu/libavahi-client.so.3.2.9
7f97aafbe000-7f97ab1be000 ---p 00010000 08:06 1968913                    /usr/lib/x86_64-linux-gnu/libavahi-client.so.3.2.9
7f97ab1be000-7f97ab1bf000 r--p 00010000 08:06 1968913                    /usr/lib/x86_64-linux-gnu/libavahi-client.so.3.2.9
7f97ab1bf000-7f97ab1c0000 rw-p 00011000 08:06 1968913                    /usr/lib/x86_64-linux-gnu/libavahi-client.so.3.2.9
7f97ab1c0000-7f97ab1cc000 r-xp 00000000 08:06 1968902                    /usr/lib/x86_64-linux-gnu/libavahi-common.so.3.5.3
7f97ab1cc000-7f97ab3cb000 ---p 0000c000 08:06 1968902                    /usr/lib/x86_64-linux-gnu/libavahi-common.so.3.5.3
7f97ab3cb000-7f97ab3cc000 r--p 0000b000 08:06 1968902                    /usr/lib/x86_64-linux-gnu/libavahi-common.so.3.5.3
7f97ab3cc000-7f97ab3cd000 rw-p 0000c000 08:06 1968902                    /usr/lib/x86_64-linux-gnu/libavahi-common.so.3.5.3
7f97ab3cd000-7f97ab447000 r-xp 00000000 08:06 2752831                    /lib/x86_64-linux-gnu/libgcrypt.so.11.7.0
7f97ab447000-7f97ab647000 ---p 0007a000 08:06 2752831                    /lib/x86_64-linux-gnu/libgcrypt.so.11.7.0
7f97ab647000-7f97ab64b000 rw-p 0007a000 08:06 2752831                    /lib/x86_64-linux-gnu/libgcrypt.so.11.7.0
7f97ab64b000-7f97ab703000 r-xp 00000000 08:06 1971262                    /usr/lib/x86_64-linux-gnu/libgnutls.so.26.21.9
7f97ab703000-7f97ab902000 ---p 000b8000 08:06 1971262                    /usr/lib/x86_64-linux-gnu/libgnutls.so.26.21.9
7f97ab902000-7f97ab90a000 rw-p 000b7000 08:06 1971262                    /usr/lib/x86_64-linux-gnu/libgnutls.so.26.21.9
7f97ab90a000-7f97ab90d000 r-xp 00000000 08:06 2752559                    /lib/x86_64-linux-gnu/libcom_err.so.2.1
7f97ab90d000-7f97abb0c000 ---p 00003000 08:06 2752559                    /lib/x86_64-linux-gnu/libcom_err.so.2.1
7f97abb0c000-7f97abb0d000 r--p 00002000 08:06 2752559                    /lib/x86_64-linux-gnu/libcom_err.so.2.1
7f97abb0d000-7f97abb0e000 rw-p 00003000 08:06 2752559                    /lib/x86_64-linux-gnu/libcom_err.so.2.1
7f97abb0e000-7f97abb34000 r-xp 00000000 08:06 1968166                    /usr/lib/x86_64-linux-gnu/libk5crypto.so.3.1
7f97abb34000-7f97abd34000 ---p 00026000 08:06 1968166                    /usr/lib/x86_64-linux-gnu/libk5crypto.so.3.1
7f97abd34000-7f97abd35000 r--p 00026000 08:06 1968166                    /usr/lib/x86_64-linux-gnu/libk5crypto.so.3.1
7f97abd35000-7f97abd36000 rw-p 00027000 08:06 1968166                    /usr/lib/x86_64-linux-gnu/libk5crypto.so.3.1
7f97abd36000-7f97abd37000 rw-p 00000000 00:00 0 
7f97abd37000-7f97abe00000 r-xp 00000000 08:06 1968156                    /usr/lib/x86_64-linux-gnu/libkrb5.so.3.3
7f97abe00000-7f97abfff000 ---p 000c9000 08:06 1968156                    /usr/lib/x86_64-linux-gnu/libkrb5.so.3.3
7f97abfff000-7f97ac009000 r--p 000c8000 08:06 1968156                    /usr/lib/x86_64-linux-gnu/libkrb5.so.3.3
7f97ac009000-7f97ac00b000 rw-p 000d2000 08:06 1968156                    /usr/lib/x86_64-linux-gnu/libkrb5.so.3.3
7f97ac00b000-7f97ac047000 r-xp 00000000 08:06 1972194                    /usr/lib/x86_64-linux-gnu/libgssapi_krb5.so.2.2
7f97ac047000-7f97ac247000 ---p 0003c000 08:06 1972194                    /usr/lib/x86_64-linux-gnu/libgssapi_krb5.so.2.2
7f97ac247000-7f97ac248000 r--p 0003c000 08:06 1972194                    /usr/lib/x86_64-linux-gnu/libgssapi_krb5.so.2.2
7f97ac248000-7f97ac24a000 rw-p 0003d000 08:06 1972194                    /usr/lib/x86_64-linux-gnu/libgssapi_krb5.so.2.2
7f97ac24a000-7f97ac286000 r-xp 00000000 08:06 2755932                    /lib/x86_64-linux-gnu/libpcre.so.3.12.1
7f97ac286000-7f97ac485000 ---p 0003c000 08:06 2755932                    /lib/x86_64-linux-gnu/libpcre.so.3.12.1
7f97ac485000-7f97ac486000 rw-p 0003b000 08:06 2755932                    /lib/x86_64-linux-gnu/libpcre.so.3.12.1
7f97ac486000-7f97ac492000 r-xp 00000000 08:06 1971731                    /usr/lib/x86_64-linux-gnu/libffi.so.5.0.10
7f97ac492000-7f97ac692000 ---p 0000c000 08:06 1971731                    /usr/lib/x86_64-linux-gnu/libffi.so.5.0.10
7f97ac692000-7f97ac693000 rw-p 0000c000 08:06 1971731                    /usr/lib/x86_64-linux-gnu/libffi.so.5.0.10
7f97ac693000-7f97ac6ba000 r-xp 00000000 08:06 2752609                    /lib/x86_64-linux-gnu/libexpat.so.1.5.2
7f97ac6ba000-7f97ac8ba000 ---p 00027000 08:06 2752609                    /lib/x86_64-linux-gnu/libexpat.so.1.5.2
7f97ac8ba000-7f97ac8bc000 rw-p 00027000 08:06 2752609                    /lib/x86_64-linux-gnu/libexpat.so.1.5.2
7f97ac8bc000-7f97ac8c4000 r-xp 00000000 08:06 1970251                    /usr/lib/x86_64-linux-gnu/libxcb-render.so.0.0.0
7f97ac8c4000-7f97acac4000 ---p 00008000 08:06 1970251                    /usr/lib/x86_64-linux-gnu/libxcb-render.so.0.0.0
7f97acac4000-7f97acac5000 r--p 00008000 08:06 1970251                    /usr/lib/x86_64-linux-gnu/libxcb-render.so.0.0.0
7f97acac5000-7f97acac6000 rw-p 00009000 08:06 1970251                    /usr/lib/x86_64-linux-gnu/libxcb-render.so.0.0.0
7f97acac6000-7f97acac8000 r-xp 00000000 08:06 1968101                    /usr/lib/x86_64-linux-gnu/libxcb-shm.so.0.0.0
7f97acac8000-7f97accc7000 ---p 00002000 08:06 1968101                    /usr/lib/x86_64-linux-gnu/libxcb-shm.so.0.0.0
7f97accc7000-7f97accc8000 r--p 00001000 08:06 1968101                    /usr/lib/x86_64-linux-gnu/libxcb-shm.so.0.0.0
7f97accc8000-7f97accc9000 rw-p 00002000 08:06 1968101                    /usr/lib/x86_64-linux-gnu/libxcb-shm.so.0.0.0
7f97accc9000-7f97acd4b000 r-xp 00000000 08:06 1969187                    /usr/lib/x86_64-linux-gnu/libpixman-1.so.0.24.4
7f97acd4b000-7f97acf4a000 ---p 00082000 08:06 1969187                    /usr/lib/x86_64-linux-gnu/libpixman-1.so.0.24.4
7f97acf4a000-7f97acf50000 rw-p 00081000 08:06 1969187                    /usr/lib/x86_64-linux-gnu/libpixman-1.so.0.24.4
7f97acf50000-7f97acf77000 r-xp 00000000 08:06 2752837                    /lib/x86_64-linux-gnu/libpng12.so.0.47.0
7f97acf77000-7f97ad176000 ---p 00027000 08:06 2752837                    /lib/x86_64-linux-gnu/libpng12.so.0.47.0
7f97ad176000-7f97ad177000 r--p 00026000 08:06 2752837                    /lib/x86_64-linux-gnu/libpng12.so.0.47.0
7f97ad177000-7f97ad178000 rw-p 00027000 08:06 2752837                    /lib/x86_64-linux-gnu/libpng12.so.0.47.0
7f97ad178000-7f97ad18b000 r-xp 00000000 08:06 2759611                    /lib/x86_64-linux-gnu/libresolv-2.13.so
7f97ad18b000-7f97ad38a000 ---p 00013000 08:06 2759611                    /lib/x86_64-linux-gnu/libresolv-2.13.so
7f97ad38a000-7f97ad38b000 r--p 00012000 08:06 2759611                    /lib/x86_64-linux-gnu/libresolv-2.13.so
7f97ad38b000-7f97ad38c000 rw-p 00013000 08:06 2759611                    /lib/x86_64-linux-gnu/libresolv-2.13.so
7f97ad38c000-7f97ad38e000 rw-p 00000000 00:00 0 
7f97ad38e000-7f97ad3ac000 r-xp 00000000 08:06 2752578                    /lib/x86_64-linux-gnu/libselinux.so.1
7f97ad3ac000-7f97ad5ab000 ---p 0001e000 08:06 2752578                    /lib/x86_64-linux-gnu/libselinux.so.1
7f97ad5ab000-7f97ad5ac000 r--p 0001d000 08:06 2752578                    /lib/x86_64-linux-gnu/libselinux.so.1
7f97ad5ac000-7f97ad5ad000 rw-p 0001e000 08:06 2752578                    /lib/x86_64-linux-gnu/libselinux.so.1
7f97ad5ad000-7f97ad5ae000 rw-p 00000000 00:00 0 
7f97ad5ae000-7f97ad5b7000 r-xp 00000000 08:06 1969986                    /usr/lib/x86_64-linux-gnu/libXcursor.so.1.0.2
7f97ad5b7000-7f97ad7b7000 ---p 00009000 08:06 1969986                    /usr/lib/x86_64-linux-gnu/libXcursor.so.1.0.2
7f97ad7b7000-7f97ad7b8000 rw-p 00009000 08:06 1969986                    /usr/lib/x86_64-linux-gnu/libXcursor.so.1.0.2
7f97ad7b8000-7f97ad7c0000 r-xp 00000000 08:06 1969068                    /usr/lib/x86_64-linux-gnu/libXrandr.so.2.2.0
7f97ad7c0000-7f97ad9bf000 ---p 00008000 08:06 1969068                    /usr/lib/x86_64-linux-gnu/libXrandr.so.2.2.0
7f97ad9bf000-7f97ad9c0000 rw-p 00007000 08:06 1969068                    /usr/lib/x86_64-linux-gnu/libXrandr.so.2.2.0
7f97ad9c0000-7f97ad9c2000 r-xp 00000000 08:06 1973890                    /usr/lib/x86_64-linux-gnu/libXinerama.so.1.0.0
7f97ad9c2000-7f97adbc1000 ---p 00002000 08:06 1973890                    /usr/lib/x86_64-linux-gnu/libXinerama.so.1.0.0
7f97adbc1000-7f97adbc2000 rw-p 00001000 08:06 1973890                    /usr/lib/x86_64-linux-gnu/libXinerama.so.1.0.0
7f97adbc2000-7f97adbc7000 r-xp 00000000 08:06 1969984                    /usr/lib/x86_64-linux-gnu/libXfixes.so.3.1.0
7f97adbc7000-7f97addc7000 ---p 00005000 08:06 1969984                    /usr/lib/x86_64-linux-gnu/libXfixes.so.3.1.0
7f97addc7000-7f97addc8000 rw-p 00005000 08:06 1969984                    /usr/lib/x86_64-linux-gnu/libXfixes.so.3.1.0
7f97addc8000-7f97addca000 r-xp 00000000 08:06 1979594                    /usr/lib/x86_64-linux-gnu/libXdamage.so.1.1.0
7f97addca000-7f97adfc9000 ---p 00002000 08:06 1979594                    /usr/lib/x86_64-linux-gnu/libXdamage.so.1.1.0
7f97adfc9000-7f97adfca000 rw-p 00001000 08:06 1979594                    /usr/lib/x86_64-linux-gnu/libXdamage.so.1.1.0
7f97adfca000-7f97adfcc000 r-xp 00000000 08:06 1979581                    /usr/lib/x86_64-linux-gnu/libXcomposite.so.1.0.0
7f97adfcc000-7f97ae1cb000 ---p 00002000 08:06 1979581                    /usr/lib/x86_64-linux-gnu/libXcomposite.so.1.0.0
7f97ae1cb000-7f97ae1cc000 rw-p 00001000 08:06 1979581                    /usr/lib/x86_64-linux-gnu/libXcomposite.so.1.0.0
7f97ae1cc000-7f97ae1eb000 r-xp 00000000 08:06 1970249                    /usr/lib/x86_64-linux-gnu/libxcb.so.1.1.0
7f97ae1eb000-7f97ae3ea000 ---p 0001f000 08:06 1970249                    /usr/lib/x86_64-linux-gnu/libxcb.so.1.1.0
7f97ae3ea000-7f97ae3eb000 r--p 0001e000 08:06 1970249                    /usr/lib/x86_64-linux-gnu/libxcb.so.1.1.0
7f97ae3eb000-7f97ae3ec000 rw-p 0001f000 08:06 1970249                    /usr/lib/x86_64-linux-gnu/libxcb.so.1.1.0
7f97ae3ec000-7f97ae43f000 r-xp 00000000 08:06 1976545                    /usr/lib/x86_64-linux-gnu/libcups.so.2
7f97ae43f000-7f97ae63e000 ---p 00053000 08:06 1976545                    /usr/lib/x86_64-linux-gnu/libcups.so.2
7f97ae63e000-7f97ae643000 r--p 00052000 08:06 1976545                    /usr/lib/x86_64-linux-gnu/libcups.so.2
7f97ae643000-7f97ae644000 rw-p 00057000 08:06 1976545                    /usr/lib/x86_64-linux-gnu/libcups.so.2
7f97ae644000-7f97ae73a000 r-xp 00000000 08:06 2757526                    /lib/x86_64-linux-gnu/libglib-2.0.so.0.3000.2
7f97ae73a000-7f97ae939000 ---p 000f6000 08:06 2757526                    /lib/x86_64-linux-gnu/libglib-2.0.so.0.3000.2
7f97ae939000-7f97ae93b000 rw-p 000f5000 08:06 2757526                    /lib/x86_64-linux-gnu/libglib-2.0.so.0.3000.2
7f97ae93b000-7f97ae93f000 r-xp 00000000 08:06 1970358                    /usr/lib/x86_64-linux-gnu/libgthread-2.0.so.0.3000.2
7f97ae93f000-7f97aeb3f000 ---p 00004000 08:06 1970358                    /usr/lib/x86_64-linux-gnu/libgthread-2.0.so.0.3000.2
7f97aeb3f000-7f97aeb40000 rw-p 00004000 08:06 1970358                    /usr/lib/x86_64-linux-gnu/libgthread-2.0.so.0.3000.2
7f97aeb40000-7f97aeb43000 r-xp 00000000 08:06 1970363                    /usr/lib/x86_64-linux-gnu/libgmodule-2.0.so.0.3000.2
7f97aeb43000-7f97aed42000 ---p 00003000 08:06 1970363                    /usr/lib/x86_64-linux-gnu/libgmodule-2.0.so.0.3000.2
7f97aed42000-7f97aed43000 rw-p 00002000 08:06 1970363                    /usr/lib/x86_64-linux-gnu/libgmodule-2.0.so.0.3000.2
7f97aed43000-7f97aed92000 r-xp 00000000 08:06 1970362                    /usr/lib/x86_64-linux-gnu/libgobject-2.0.so.0.3000.2
7f97aed92000-7f97aef91000 ---p 0004f000 08:06 1970362                    /usr/lib/x86_64-linux-gnu/libgobject-2.0.so.0.3000.2
7f97aef91000-7f97aef93000 rw-p 0004e000 08:06 1970362                    /usr/lib/x86_64-linux-gnu/libgobject-2.0.so.0.3000.2
7f97aef93000-7f97aef94000 rw-p 00000000 00:00 0 
7f97aef94000-7f97aefc8000 r-xp 00000000 08:06 1967803                    /usr/lib/x86_64-linux-gnu/libfontconfig.so.1.4.4
7f97aefc8000-7f97af1c7000 ---p 00034000 08:06 1967803                    /usr/lib/x86_64-linux-gnu/libfontconfig.so.1.4.4
7f97af1c7000-7f97af1c9000 rw-p 00033000 08:06 1967803                    /usr/lib/x86_64-linux-gnu/libfontconfig.so.1.4.4
7f97af1c9000-7f97af261000 r-xp 00000000 08:06 1970043                    /usr/lib/x86_64-linux-gnu/libfreetype.so.6.8.0
7f97af261000-7f97af460000 ---p 00098000 08:06 1970043                    /usr/lib/x86_64-linux-gnu/libfreetype.so.6.8.0
7f97af460000-7f97af466000 r--p 00097000 08:06 1970043                    /usr/lib/x86_64-linux-gnu/libfreetype.so.6.8.0
7f97af466000-7f97af467000 rw-p 0009d000 08:06 1970043                    /usr/lib/x86_64-linux-gnu/libfreetype.so.6.8.0
7f97af467000-7f97af4b2000 r-xp 00000000 08:06 1969023                    /usr/lib/x86_64-linux-gnu/libpango-1.0.so.0.2904.0
7f97af4b2000-7f97af6b1000 ---p 0004b000 08:06 1969023                    /usr/lib/x86_64-linux-gnu/libpango-1.0.so.0.2904.0
7f97af6b1000-7f97af6b4000 rw-p 0004a000 08:06 1969023                    /usr/lib/x86_64-linux-gnu/libpango-1.0.so.0.2904.0
7f97af6b4000-7f97af7a3000 r-xp 00000000 08:06 1710009                    /usr/lib/libcairo.so.2.11000.2
7f97af7a3000-7f97af9a2000 ---p 000ef000 08:06 1710009                    /usr/lib/libcairo.so.2.11000.2
7f97af9a2000-7f97af9a5000 rw-p 000ee000 08:06 1710009                    /usr/lib/libcairo.so.2.11000.2
7f97af9a5000-7f97af9a8000 rw-p 00000000 00:00 0 
7f97af9a8000-7f97af9c6000 r-xp 00000000 08:06 1969127                    /usr/lib/x86_64-linux-gnu/libgdk_pixbuf-2.0.so.0.2400.1
7f97af9c6000-7f97afbc6000 ---p 0001e000 08:06 1969127                    /usr/lib/x86_64-linux-gnu/libgdk_pixbuf-2.0.so.0.2400.1
7f97afbc6000-7f97afbc7000 rw-p 0001e000 08:06 1969127                    /usr/lib/x86_64-linux-gnu/libgdk_pixbuf-2.0.so.0.2400.1
7f97afbc7000-7f97afbd3000 r-xp 00000000 08:06 1969024                    /usr/lib/x86_64-linux-gnu/libpangocairo-1.0.so.0.2904.0
7f97afbd3000-7f97afdd3000 ---p 0000c000 08:06 1969024                    /usr/lib/x86_64-linux-gnu/libpangocairo-1.0.so.0.2904.0
7f97afdd3000-7f97afdd4000 rw-p 0000c000 08:06 1969024                    /usr/lib/x86_64-linux-gnu/libpangocairo-1.0.so.0.2904.0
7f97afdd4000-7f97afdff000 r-xp 00000000 08:06 1969022                    /usr/lib/x86_64-linux-gnu/libpangoft2-1.0.so.0.2904.0
7f97afdff000-7f97affff000 ---p 0002b000 08:06 1969022                    /usr/lib/x86_64-linux-gnu/libpangoft2-1.0.so.0.2904.0
7f97affff000-7f97b0000000 rw-p 0002b000 08:06 1969022                    /usr/lib/x86_64-linux-gnu/libpangoft2-1.0.so.0.2904.0
7f97b0000000-7f97b1a29000 rw-p 00000000 00:00 0 
7f97b1a29000-7f97b4000000 ---p 00000000 00:00 0 
7f97b4002000-7f97b4004000 r--s 00000000 08:06 790195                     /var/cache/fontconfig/4b14b093aebc79c320de5e86ae1d3314-le64.cache-3
7f97b4004000-7f97b400a000 r--s 00000000 08:06 789900                     /var/cache/fontconfig/3f7329c5293ffd510edef78f73874cfd-le64.cache-3
7f97b400a000-7f97b4051000 rw-p 00000000 00:00 0 
7f97b4051000-7f97b4071000 rw-s f0020000 00:05 5447                       /dev/ati/card0
7f97b4071000-7f97b40a2000 rw-p 00000000 00:00 0 
7f97b40a2000-7f97b40a5000 ---p 00000000 00:00 0 
7f97b40a5000-7f97b41a3000 rw-p 00000000 00:00 0 
7f97b41a3000-7f97b42e1000 r-xp 00000000 08:06 1970359                    /usr/lib/x86_64-linux-gnu/libgio-2.0.so.0.3000.2
7f97b42e1000-7f97b44e1000 ---p 0013e000 08:06 1970359                    /usr/lib/x86_64-linux-gnu/libgio-2.0.so.0.3000.2
7f97b44e1000-7f97b44e7000 rw-p 0013e000 08:06 1970359                    /usr/lib/x86_64-linux-gnu/libgio-2.0.so.0.3000.2
7f97b44e7000-7f97b44e8000 rw-p 00000000 00:00 0 
7f97b44e8000-7f97b4509000 r-xp 00000000 08:06 1971830                    /usr/lib/x86_64-linux-gnu/libatk-1.0.so.0.20209.1
7f97b4509000-7f97b4708000 ---p 00021000 08:06 1971830                    /usr/lib/x86_64-linux-gnu/libatk-1.0.so.0.20209.1
7f97b4708000-7f97b470b000 rw-p 00020000 08:06 1971830                    /usr/lib/x86_64-linux-gnu/libatk-1.0.so.0.20209.1
7f97b470b000-7f97b47ba000 r-xp 00000000 08:06 1969142                    /usr/lib/x86_64-linux-gnu/libgdk-x11-2.0.so.0.2400.10
7f97b47ba000-7f97b49ba000 ---p 000af000 08:06 1969142                    /usr/lib/x86_64-linux-gnu/libgdk-x11-2.0.so.0.2400.10
7f97b49ba000-7f97b49bf000 rw-p 000af000 08:06 1969142                    /usr/lib/x86_64-linux-gnu/libgdk-x11-2.0.so.0.2400.10
7f97b49bf000-7f97b4df4000 r-xp 00000000 08:06 1969141                    /usr/lib/x86_64-linux-gnu/libgtk-x11-2.0.so.0.2400.10
7f97b4df4000-7f97b4ff3000 ---p 00435000 08:06 1969141                    /usr/lib/x86_64-linux-gnu/libgtk-x11-2.0.so.0.2400.10
7f97b4ff3000-7f97b4ffe000 rw-p 00434000 08:06 1969141                    /usr/lib/x86_64-linux-gnu/libgtk-x11-2.0.so.0.2400.10
7f97b4ffe000-7f97b5000000 rw-p 00000000 00:00 0 
7f97b5000000-7f97b500f000 r-xp 00000000 08:06 1969062                    /usr/lib/x86_64-linux-gnu/libXi.so.6.1.0
7f97b500f000-7f97b520e000 ---p 0000f000 08:06 1969062                    /usr/lib/x86_64-linux-gnu/libXi.so.6.1.0
7f97b520e000-7f97b520f000 rw-p 0000e000 08:06 1969062                    /usr/lib/x86_64-linux-gnu/libXi.so.6.1.0
7f97b520f000-7f97b5214000 r-xp 00000000 08:06 1969076                    /usr/lib/x86_64-linux-gnu/libXtst.so.6.1.0
7f97b5214000-7f97b5414000 ---p 00005000 08:06 1969076                    /usr/lib/x86_64-linux-gnu/libXtst.so.6.1.0
7f97b5414000-7f97b5415000 rw-p 00005000 08:06 1969076                    /usr/lib/x86_64-linux-gnu/libXtst.so.6.1.0
7f97b5415000-7f97b541f000 r-xp 00000000 08:06 1970265                    /usr/lib/x86_64-linux-gnu/libXrender.so.1.3.0
7f97b541f000-7f97b561e000 ---p 0000a000 08:06 1970265                    /usr/lib/x86_64-linux-gnu/libXrender.so.1.3.0
7f97b561e000-7f97b561f000 rw-p 00009000 08:06 1970265                    /usr/lib/x86_64-linux-gnu/libXrender.so.1.3.0
7f97b561f000-7f97b5758000 r-xp 00000000 08:06 1978979                    /usr/lib/x86_64-linux-gnu/libX11.so.6.3.0
7f97b5758000-7f97b5958000 ---p 00139000 08:06 1978979                    /usr/lib/x86_64-linux-gnu/libX11.so.6.3.0
7f97b5958000-7f97b595e000 rw-p 00139000 08:06 1978979                    /usr/lib/x86_64-linux-gnu/libX11.so.6.3.0
7f97b595e000-7f97b5970000 r-xp 00000000 08:06 1967602                    /usr/lib/x86_64-linux-gnu/libXext.so.6.4.0
7f97b5970000-7f97b5b70000 ---p 00012000 08:06 1967602                    /usr/lib/x86_64-linux-gnu/libXext.so.6.4.0
7f97b5b70000-7f97b5b71000 rw-p 00012000 08:06 1967602                    /usr/lib/x86_64-linux-gnu/libXext.so.6.4.0
7f97b5b71000-7f97b5bc3000 r-xp 00000000 08:06 2884765                    /usr/lib/jvm/java-7-openjdk-amd64/jre/lib/amd64/xawt/libmawt.so
7f97b5bc3000-7f97b5dc2000 ---p 00052000 08:06 2884765                    /usr/lib/jvm/java-7-openjdk-amd64/jre/lib/amd64/xawt/libmawt.so
7f97b5dc2000-7f97b5dc6000 rw-p 00051000 08:06 2884765                    /usr/lib/jvm/java-7-openjdk-amd64/jre/lib/amd64/xawt/libmawt.so
7f97b5dc6000-7f97b5dc7000 rw-p 00000000 00:00 0 
7f97b5dc7000-7f97b5e68000 r-xp 00000000 08:06 2884648                    /usr/lib/jvm/java-7-openjdk-amd64/jre/lib/amd64/libawt.so
7f97b5e68000-7f97b6068000 ---p 000a1000 08:06 2884648                    /usr/lib/jvm/java-7-openjdk-amd64/jre/lib/amd64/libawt.so
7f97b6068000-7f97b6073000 rw-p 000a1000 08:06 2884648                    /usr/lib/jvm/java-7-openjdk-amd64/jre/lib/amd64/libawt.so
7f97b6073000-7f97b6098000 rw-p 00000000 00:00 0 
7f97b6098000-7f97b609a000 r--s 00015000 08:07 3280485                    /home/speedy/Programming/Libraries/Java/slick/lib/tinylinepp.jar
7f97b609a000-7f97b609d000 r--s 00015000 08:07 3280483                    /home/speedy/Programming/Libraries/Java/slick/lib/slick-util.jar
7f97b609d000-7f97b609f000 r--s 00013000 08:07 3280501                    /home/speedy/Programming/Libraries/Java/slick/lib/slick-util-src.zip
7f97b609f000-7f97b60a7000 r--s 00067000 08:07 3280494                    /home/speedy/Programming/Libraries/Java/slick/lib/slick-sources.jar
7f97b60a7000-7f97b60a8000 r--s 00000000 08:07 3280489                    /home/speedy/Programming/Libraries/Java/slick/lib/slick-examples.jar
7f97b60a8000-7f97b60a9000 r--s 00003000 08:07 3280486                    /home/speedy/Programming/Libraries/Java/slick/lib/scalar.jar
7f97b60a9000-7f97b60b4000 r--s 00093000 08:07 1573503                    /home/speedy/Programming/Libraries/Java/slick/lib/slick.jar
7f97b60b4000-7f97b60b7000 r--s 00017000 08:07 3280498                    /home/speedy/Programming/Libraries/Java/slick/lib/pedigree.jar
7f97b60b7000-7f97b60b9000 r--s 00004000 08:07 3280490                    /home/speedy/Programming/Libraries/Java/slick/lib/packulike.jar
7f97b60b9000-7f97b60bb000 r--s 00063000 08:07 3280497                    /home/speedy/Programming/Libraries/Java/slick/lib/natives-win32.jar
7f97b60bb000-7f97b60bc000 r--s 00049000 08:07 3280495                    /home/speedy/Programming/Libraries/Java/slick/lib/natives-mac.jar
7f97b60bc000-7f97b60bd000 r--s 0006b000 08:07 3280499                    /home/speedy/Programming/Libraries/Java/slick/lib/natives-linux.jar
7f97b60bd000-7f97b60be000 r--s 00001000 08:07 3280521                    /home/speedy/Programming/Libraries/Java/slick/lib/lzma.jar
7f97b60be000-7f97b60bf000 r--s 00007000 08:07 3280519                    /home/speedy/Programming/Libraries/Java/slick/lib/lwjgl_util_applet.jar
7f97b60bf000-7f97b60c3000 r--s 00027000 08:07 3280520                    /home/speedy/Programming/Libraries/Java/slick/lib/lwjgl_util.jar
7f97b60c3000-7f97b60c8000 r--s 00041000 08:07 3280518                    /home/speedy/Programming/Libraries/Java/slick/lib/lwjgl_test.jar
7f97b60c8000-7f97b60d7000 r--s 000cb000 08:07 3280484                    /home/speedy/Programming/Libraries/Java/slick/lib/lwjgl.jar
7f97b60d7000-7f97b60e4000 r--s 000db000 08:07 3280517                    /home/speedy/Programming/Libraries/Java/slick/lib/lwjgl-debug.jar
7f97b60e4000-7f97b60e6000 r--s 0000d000 08:07 3280487                    /home/speedy/Programming/Libraries/Java/slick/lib/jorbis-0.0.15.jar
7f97b60e6000-7f97b60e7000 r--s 00001000 08:07 3280488                    /home/speedy/Programming/Libraries/Java/slick/lib/jogg-0.0.7.jar
7f97b60e7000-7f97b60e8000 r--s 00001000 08:07 3280491                    /home/speedy/Programming/Libraries/Java/slick/lib/jnlp.jar
7f97b60e8000-7f97b60ed000 r--s 00030000 08:07 3280493                    /home/speedy/Programming/Libraries/Java/slick/lib/jinput.jar
7f97b60ed000-7f97b60ef000 r--s 00008000 08:07 3280492                    /home/speedy/Programming/Libraries/Java/slick/lib/ibxm.jar
7f97b60ef000-7f97b60f2000 r--s 0005b000 08:07 3280496                    /home/speedy/Programming/Libraries/Java/slick/lib/hiero.jar
7f97b60f2000-7f97b60f7000 r--s 0004a000 08:07 3280516                    /home/speedy/Programming/Libraries/Java/slick/lib/asm-debug-all.jar
7f97b60f7000-7f97b60f9000 r--s 00000000 08:07 3280515                    /home/speedy/Programming/Libraries/Java/slick/lib/AppleJavaExtensions.jar
7f97b60f9000-7f97b60fc000 r--s 0003c000 08:06 2758237                    /usr/lib/jvm/java-7-openjdk-common/jre/lib/ext/sunpkcs11.jar
7f97b60fc000-7f97b60fd000 r--s 00002000 08:06 2758236                    /usr/lib/jvm/java-7-openjdk-common/jre/lib/ext/dnsns.jar
7f97b60fd000-7f97b6100000 r--s 00085000 08:06 2758239                    /usr/lib/jvm/java-7-openjdk-common/jre/lib/ext/localedata.jar
7f97b6100000-7f97b6103000 r--s 00032000 08:06 2758234                    /usr/lib/jvm/java-7-openjdk-common/jre/lib/ext/sunjce_provider.jar
7f97b6103000-7f97b6105000 r--s 00012000 08:06 2758238                    /usr/lib/jvm/java-7-openjdk-common/jre/lib/ext/zipfs.jar
7f97b6105000-7f97b610d000 r--s 00066000 08:06 1844237                    /usr/share/java/gnome-java-bridge.jar
7f97b610d000-7f97b6110000 r--s 0000f000 08:06 2758235                    /usr/lib/jvm/java-7-openjdk-common/jre/lib/ext/pulse-java.jar
7f97b6110000-7f97b6111000 ---p 00000000 00:00 0 
7f97b6111000-7f97b6211000 rw-p 00000000 00:00 0 
7f97b6211000-7f97b6214000 ---p 00000000 00:00 0 
7f97b6214000-7f97b6312000 rw-p 00000000 00:00 0 
7f97b6312000-7f97b6315000 ---p 00000000 00:00 0 
7f97b6315000-7f97b6413000 rw-p 00000000 00:00 0 
7f97b6413000-7f97b6416000 ---p 00000000 00:00 0 
7f97b6416000-7f97b6514000 rw-p 00000000 00:00 0 
7f97b6514000-7f97b6517000 ---p 00000000 00:00 0 
7f97b6517000-7f97b6615000 rw-p 00000000 00:00 0 
7f97b6615000-7f97b678c000 r--p 00000000 08:06 1710362                    /usr/lib/locale/locale-archive
7f97b678c000-7f97b678f000 ---p 00000000 00:00 0 
7f97b678f000-7f97b688d000 rw-p 00000000 00:00 0 
7f97b688d000-7f97b6890000 ---p 00000000 00:00 0 
7f97b6890000-7f97b698e000 rw-p 00000000 00:00 0 
7f97b698e000-7f97b698f000 ---p 00000000 00:00 0 
7f97b698f000-7f97b7000000 rw-p 00000000 00:00 0 
7f97b7000000-7f97b71ae000 r--s 03e77000 08:06 2884624                    /usr/lib/jvm/java-7-openjdk-amd64/jre/lib/rt.jar
7f97b71ae000-7f97b71d6000 rw-p 00000000 00:00 0 
7f97b71d6000-7f97b71d7000 ---p 00000000 00:00 0 
7f97b71d7000-7f97b72d7000 rw-p 00000000 00:00 0 
7f97b72d7000-7f97b72d8000 ---p 00000000 00:00 0 
7f97b72d8000-7f97b73d8000 rw-p 00000000 00:00 0 
7f97b73d8000-7f97b73d9000 ---p 00000000 00:00 0 
7f97b73d9000-7f97b74d9000 rw-p 00000000 00:00 0 
7f97b74d9000-7f97b74da000 ---p 00000000 00:00 0 
7f97b74da000-7f97b75e5000 rw-p 00000000 00:00 0 
7f97b75e5000-7f97b762d000 rw-p 00000000 00:00 0 
7f97b762d000-7f97b7641000 rw-p 00000000 00:00 0 
7f97b7641000-7f97b776c000 rw-p 00000000 00:00 0 
7f97b776c000-7f97b7777000 rw-p 00000000 00:00 0 
7f97b7777000-7f97b77bf000 rw-p 00000000 00:00 0 
7f97b77bf000-7f97b77d3000 rw-p 00000000 00:00 0 
7f97b77d3000-7f97b78fd000 rw-p 00000000 00:00 0 
7f97b78fd000-7f97b791e000 rw-p 00000000 00:00 0 
7f97b791e000-7f97b791f000 ---p 00000000 00:00 0 
7f97b791f000-7f97b799d000 rw-p 00000000 00:00 0 
7f97b799d000-7f97b799e000 rw-p 00000000 00:00 0 
7f97b799e000-7f97b7c0e000 rwxp 00000000 00:00 0 
7f97b7c0e000-7f97ba99e000 rw-p 00000000 00:00 0 
7f97ba99e000-7f97ba9a6000 r-xp 00000000 08:06 2884653                    /usr/lib/jvm/java-7-openjdk-amd64/jre/lib/amd64/libzip.so
7f97ba9a6000-7f97baba5000 ---p 00008000 08:06 2884653                    /usr/lib/jvm/java-7-openjdk-amd64/jre/lib/amd64/libzip.so
7f97baba5000-7f97baba6000 rw-p 00007000 08:06 2884653                    /usr/lib/jvm/java-7-openjdk-amd64/jre/lib/amd64/libzip.so
7f97baba6000-7f97babb1000 r-xp 00000000 08:06 2759626                    /lib/x86_64-linux-gnu/libnss_files-2.13.so
7f97babb1000-7f97badb0000 ---p 0000b000 08:06 2759626                    /lib/x86_64-linux-gnu/libnss_files-2.13.so
7f97badb0000-7f97badb1000 r--p 0000a000 08:06 2759626                    /lib/x86_64-linux-gnu/libnss_files-2.13.so
7f97badb1000-7f97badb2000 rw-p 0000b000 08:06 2759626                    /lib/x86_64-linux-gnu/libnss_files-2.13.so
7f97badb2000-7f97badbc000 r-xp 00000000 08:06 2759622                    /lib/x86_64-linux-gnu/libnss_nis-2.13.so
7f97badbc000-7f97bafbb000 ---p 0000a000 08:06 2759622                    /lib/x86_64-linux-gnu/libnss_nis-2.13.so
7f97bafbb000-7f97bafbc000 r--p 00009000 08:06 2759622                    /lib/x86_64-linux-gnu/libnss_nis-2.13.so
7f97bafbc000-7f97bafbd000 rw-p 0000a000 08:06 2759622                    /lib/x86_64-linux-gnu/libnss_nis-2.13.so
7f97bafbd000-7f97bafd2000 r-xp 00000000 08:06 2759620                    /lib/x86_64-linux-gnu/libnsl-2.13.so
7f97bafd2000-7f97bb1d1000 ---p 00015000 08:06 2759620                    /lib/x86_64-linux-gnu/libnsl-2.13.so
7f97bb1d1000-7f97bb1d2000 r--p 00014000 08:06 2759620                    /lib/x86_64-linux-gnu/libnsl-2.13.so
7f97bb1d2000-7f97bb1d3000 rw-p 00015000 08:06 2759620                    /lib/x86_64-linux-gnu/libnsl-2.13.so
7f97bb1d3000-7f97bb1d5000 rw-p 00000000 00:00 0 
7f97bb1d5000-7f97bb1dc000 r-xp 00000000 08:06 2759615                    /lib/x86_64-linux-gnu/libnss_compat-2.13.so
7f97bb1dc000-7f97bb3db000 ---p 00007000 08:06 2759615                    /lib/x86_64-linux-gnu/libnss_compat-2.13.so
7f97bb3db000-7f97bb3dc000 r--p 00006000 08:06 2759615                    /lib/x86_64-linux-gnu/libnss_compat-2.13.so
7f97bb3dc000-7f97bb3dd000 rw-p 00007000 08:06 2759615                    /lib/x86_64-linux-gnu/libnss_compat-2.13.so
7f97bb3dd000-7f97bb405000 r-xp 00000000 08:06 2884638                    /usr/lib/jvm/java-7-openjdk-amd64/jre/lib/amd64/libjava.so
7f97bb405000-7f97bb605000 ---p 00028000 08:06 2884638                    /usr/lib/jvm/java-7-openjdk-amd64/jre/lib/amd64/libjava.so
7f97bb605000-7f97bb607000 rw-p 00028000 08:06 2884638                    /usr/lib/jvm/java-7-openjdk-amd64/jre/lib/amd64/libjava.so
7f97bb607000-7f97bb615000 r-xp 00000000 08:06 2884671                    /usr/lib/jvm/java-7-openjdk-amd64/jre/lib/amd64/libverify.so
7f97bb615000-7f97bb814000 ---p 0000e000 08:06 2884671                    /usr/lib/jvm/java-7-openjdk-amd64/jre/lib/amd64/libverify.so
7f97bb814000-7f97bb816000 rw-p 0000d000 08:06 2884671                    /usr/lib/jvm/java-7-openjdk-amd64/jre/lib/amd64/libverify.so
7f97bb816000-7f97bb81d000 r-xp 00000000 08:06 2759630                    /lib/x86_64-linux-gnu/librt-2.13.so
7f97bb81d000-7f97bba1c000 ---p 00007000 08:06 2759630                    /lib/x86_64-linux-gnu/librt-2.13.so
7f97bba1c000-7f97bba1d000 r--p 00006000 08:06 2759630                    /lib/x86_64-linux-gnu/librt-2.13.so
7f97bba1d000-7f97bba1e000 rw-p 00007000 08:06 2759630                    /lib/x86_64-linux-gnu/librt-2.13.so
7f97bba1e000-7f97bba33000 r-xp 00000000 08:06 2757459                    /lib/x86_64-linux-gnu/libgcc_s.so.1
7f97bba33000-7f97bbc33000 ---p 00015000 08:06 2757459                    /lib/x86_64-linux-gnu/libgcc_s.so.1
7f97bbc33000-7f97bbc34000 rw-p 00015000 08:06 2757459                    /lib/x86_64-linux-gnu/libgcc_s.so.1
7f97bbc34000-7f97bbcb5000 r-xp 00000000 08:06 2759617                    /lib/x86_64-linux-gnu/libm-2.13.so
7f97bbcb5000-7f97bbeb4000 ---p 00081000 08:06 2759617                    /lib/x86_64-linux-gnu/libm-2.13.so
7f97bbeb4000-7f97bbeb5000 r--p 00080000 08:06 2759617                    /lib/x86_64-linux-gnu/libm-2.13.so
7f97bbeb5000-7f97bbeb6000 rw-p 00081000 08:06 2759617                    /lib/x86_64-linux-gnu/libm-2.13.so
7f97bbeb6000-7f97bbf9b000 r-xp 00000000 08:06 1971743                    /usr/lib/x86_64-linux-gnu/libstdc++.so.6.0.16
7f97bbf9b000-7f97bc19b000 ---p 000e5000 08:06 1971743                    /usr/lib/x86_64-linux-gnu/libstdc++.so.6.0.16
7f97bc19b000-7f97bc1a3000 r--p 000e5000 08:06 1971743                    /usr/lib/x86_64-linux-gnu/libstdc++.so.6.0.16
7f97bc1a3000-7f97bc1a5000 rw-p 000ed000 08:06 1971743                    /usr/lib/x86_64-linux-gnu/libstdc++.so.6.0.16
7f97bc1a5000-7f97bc1ba000 rw-p 00000000 00:00 0 
7f97bc1ba000-7f97bcb3e000 r-xp 00000000 08:06 2884646                    /usr/lib/jvm/java-7-openjdk-amd64/jre/lib/amd64/server/libjvm.so
7f97bcb3e000-7f97bcd3d000 ---p 00984000 08:06 2884646                    /usr/lib/jvm/java-7-openjdk-amd64/jre/lib/amd64/server/libjvm.so
7f97bcd3d000-7f97bcdd6000 rw-p 00983000 08:06 2884646                    /usr/lib/jvm/java-7-openjdk-amd64/jre/lib/amd64/server/libjvm.so
7f97bcdd6000-7f97bce01000 rw-p 00000000 00:00 0 
7f97bce01000-7f97bcf7e000 r-xp 00000000 08:06 2757460                    /lib/x86_64-linux-gnu/libc-2.13.so
7f97bcf7e000-7f97bd17e000 ---p 0017d000 08:06 2757460                    /lib/x86_64-linux-gnu/libc-2.13.so
7f97bd17e000-7f97bd182000 r--p 0017d000 08:06 2757460                    /lib/x86_64-linux-gnu/libc-2.13.so
7f97bd182000-7f97bd183000 rw-p 00181000 08:06 2757460                    /lib/x86_64-linux-gnu/libc-2.13.so
7f97bd183000-7f97bd188000 rw-p 00000000 00:00 0 
7f97bd188000-7f97bd18a000 r-xp 00000000 08:06 2759624                    /lib/x86_64-linux-gnu/libdl-2.13.so
7f97bd18a000-7f97bd38a000 ---p 00002000 08:06 2759624                    /lib/x86_64-linux-gnu/libdl-2.13.so
7f97bd38a000-7f97bd38b000 r--p 00002000 08:06 2759624                    /lib/x86_64-linux-gnu/libdl-2.13.so
7f97bd38b000-7f97bd38c000 rw-p 00003000 08:06 2759624                    /lib/x86_64-linux-gnu/libdl-2.13.so
7f97bd38c000-7f97bd3a2000 r-xp 00000000 08:06 1966114                    /usr/lib/x86_64-linux-gnu/libz.so.1.2.6
7f97bd3a2000-7f97bd5a1000 ---p 00016000 08:06 1966114                    /usr/lib/x86_64-linux-gnu/libz.so.1.2.6
7f97bd5a1000-7f97bd5a2000 rw-p 00015000 08:06 1966114                    /usr/lib/x86_64-linux-gnu/libz.so.1.2.6
7f97bd5a2000-7f97bd5ae000 r-xp 00000000 08:06 2884637                    /usr/lib/jvm/java-7-openjdk-amd64/jre/lib/amd64/jli/libjli.so
7f97bd5ae000-7f97bd7ae000 ---p 0000c000 08:06 2884637                    /usr/lib/jvm/java-7-openjdk-amd64/jre/lib/amd64/jli/libjli.so
7f97bd7ae000-7f97bd7af000 rw-p 0000c000 08:06 2884637                    /usr/lib/jvm/java-7-openjdk-amd64/jre/lib/amd64/jli/libjli.so
7f97bd7af000-7f97bd7c6000 r-xp 00000000 08:06 2759628                    /lib/x86_64-linux-gnu/libpthread-2.13.so
7f97bd7c6000-7f97bd9c5000 ---p 00017000 08:06 2759628                    /lib/x86_64-linux-gnu/libpthread-2.13.so
7f97bd9c5000-7f97bd9c6000 r--p 00016000 08:06 2759628                    /lib/x86_64-linux-gnu/libpthread-2.13.so
7f97bd9c6000-7f97bd9c7000 rw-p 00017000 08:06 2759628                    /lib/x86_64-linux-gnu/libpthread-2.13.so
7f97bd9c7000-7f97bd9cb000 rw-p 00000000 00:00 0 
7f97bd9cb000-7f97bd9ea000 r-xp 00000000 08:06 2759632                    /lib/x86_64-linux-gnu/ld-2.13.so
7f97bd9ea000-7f97bd9ec000 r--s 00000000 08:06 787205                     /var/cache/fontconfig/e13b20fdb08344e0e664864cc2ede53d-le64.cache-3
7f97bd9ec000-7f97bd9ef000 ---p 00000000 00:00 0 
7f97bd9ef000-7f97bda10000 rw-p 00000000 00:00 0 
7f97bda10000-7f97bdac6000 rw-p 00000000 00:00 0 
7f97bdac6000-7f97bdac9000 ---p 00000000 00:00 0 
7f97bdac9000-7f97bdbcc000 rw-p 00000000 00:00 0 
7f97bdbcc000-7f97bdbcd000 r--s 00000000 08:06 788454                     /var/cache/fontconfig/393be3659170ead87bc7d2aed521dc5c-le64.cache-3
7f97bdbcd000-7f97bdbd1000 r--s 000a0000 08:06 2758213                    /usr/lib/jvm/java-7-openjdk-common/jre/lib/jsse.jar
7f97bdbd1000-7f97bdbd2000 rw-s 00005000 00:05 5447                       /dev/ati/card0
7f97bdbd2000-7f97bdbd4000 rw-s 00002000 00:05 5447                       /dev/ati/card0
7f97bdbd4000-7f97bdbd5000 r--p 00000000 00:00 0 
7f97bdbd5000-7f97bdbde000 r--s 00263000 08:06 2758218                    /usr/lib/jvm/java-7-openjdk-common/jre/lib/resources.jar
7f97bdbde000-7f97bdbe6000 rw-s 00000000 08:06 1181387                    /tmp/hsperfdata_speedy/5741 (deleted)
7f97bdbe6000-7f97bdbe7000 rw-p 00000000 00:00 0 
7f97bdbe7000-7f97bdbe8000 ---p 00000000 00:00 0 
7f97bdbe8000-7f97bdbea000 rw-p 00000000 00:00 0 
7f97bdbea000-7f97bdbeb000 r--p 0001f000 08:06 2759632                    /lib/x86_64-linux-gnu/ld-2.13.so
7f97bdbeb000-7f97bdbec000 rw-p 00020000 08:06 2759632                    /lib/x86_64-linux-gnu/ld-2.13.so
7f97bdbec000-7f97bdbed000 rw-p 00000000 00:00 0 
7fff9ee75000-7fff9ee96000 rw-p 00000000 00:00 0                          [stack]
7fff9efff000-7fff9f000000 r-xp 00000000 00:00 0                          [vdso]
ffffffffff600000-ffffffffff601000 r-xp 00000000 00:00 0                  [vsyscall]

VM Arguments:
jvm_args: -Dfile.encoding=UTF-8 -Djava.library.path=/home/speedy/Programming/Libraries/Java/slick/native/linux 
java_command: prehistoricreactivation.PrehistoricReactivation
Launcher Type: SUN_STANDARD

Environment Variables:
PATH=/usr/local/bin:/usr/bin:/bin:/usr/bin/X11:/usr/games:/sbin/:/usr/sbin/:/usr/local/sbin/:/sbin:/usr/sbin:/usr/local/sbin
USERNAME=speedy
SHELL=/bin/bash
DISPLAY=:0.0

Signal Handlers:
SIGSEGV: [libjvm.so+0x7fa760], sa_mask[0]=0x7ffbfeff, sa_flags=0x10000004
SIGBUS: [libjvm.so+0x7fa760], sa_mask[0]=0x7ffbfeff, sa_flags=0x10000004
SIGFPE: [libjvm.so+0x69f9f0], sa_mask[0]=0x7ffbfeff, sa_flags=0x10000004
SIGPIPE: [libjvm.so+0x69f9f0], sa_mask[0]=0x7ffbfeff, sa_flags=0x10000004
SIGXFSZ: [libjvm.so+0x69f9f0], sa_mask[0]=0x7ffbfeff, sa_flags=0x10000004
SIGILL: [libjvm.so+0x69f9f0], sa_mask[0]=0x7ffbfeff, sa_flags=0x10000004
SIGUSR1: SIG_DFL, sa_mask[0]=0x00000000, sa_flags=0x00000000
SIGUSR2: [libjvm.so+0x69fd70], sa_mask[0]=0x00000004, sa_flags=0x10000004
SIGHUP: [libjvm.so+0x69feb0], sa_mask[0]=0x7ffbfeff, sa_flags=0x10000004
SIGINT: SIG_IGN, sa_mask[0]=0x00000000, sa_flags=0x00000000
SIGTERM: [libjvm.so+0x69feb0], sa_mask[0]=0x7ffbfeff, sa_flags=0x10000004
SIGQUIT: [libjvm.so+0x69feb0], sa_mask[0]=0x7ffbfeff, sa_flags=0x10000004


---------------  S Y S T E M  ---------------

OS:wheezy/sid

uname:Linux 3.2.0-1-amd64 #1 SMP Fri Feb 17 05:17:36 UTC 2012 x86_64
libc:glibc 2.13 NPTL 2.13 
rlimit: STACK 8192k, CORE 0k, NPROC 30484, NOFILE 4096, AS infinity
load average:0.50 0.50 0.43

/proc/meminfo:
MemTotal:        3913988 kB
MemFree:          161788 kB
Buffers:          108652 kB
Cached:          1180952 kB
SwapCached:          120 kB
Active:          2393204 kB
Inactive:        1040956 kB
Active(anon):    1758408 kB
Inactive(anon):   409888 kB
Active(file):     634796 kB
Inactive(file):   631068 kB
Unevictable:          16 kB
Mlocked:              16 kB
SwapTotal:      12280828 kB
SwapFree:       12278356 kB
Dirty:               348 kB
Writeback:             0 kB
AnonPages:       2144500 kB
Mapped:           195884 kB
Shmem:             23732 kB
Slab:             115128 kB
SReclaimable:      85512 kB
SUnreclaim:        29616 kB
KernelStack:        3728 kB
PageTables:        33612 kB
NFS_Unstable:          0 kB
Bounce:                0 kB
WritebackTmp:          0 kB
CommitLimit:    14237820 kB
Committed_AS:    4036768 kB
VmallocTotal:   34359738367 kB
VmallocUsed:      106436 kB
VmallocChunk:   34359629820 kB
HardwareCorrupted:     0 kB
AnonHugePages:         0 kB
HugePages_Total:       0
HugePages_Free:        0
HugePages_Rsvd:        0
HugePages_Surp:        0
Hugepagesize:       2048 kB
DirectMap4k:      496112 kB
DirectMap2M:     3549184 kB


CPU:total 4 (2 cores per cpu, 2 threads per core) family 6 model 37 stepping 2, cmov, cx8, fxsr, mmx, sse, sse2, sse3, ssse3, sse4.1, sse4.2, popcnt, ht

Memory: 4k page, physical 3913988k(161788k free), swap 12280828k(12278356k free)

vm_info: OpenJDK 64-Bit Server VM (21.0-b17) for linux-amd64 JRE (1.7.0_147-b147), built on Oct 20 2011 18:07:37 by "pbuilder" with gcc 4.6.1

time: Tue Mar 20 00:11:39 2012
elapsed time: 38 seconds

