#
# A fatal error has been detected by the Java Runtime Environment:
#
#  SIGSEGV (0xb) at pc=0x00007fda5aecff58, pid=5845, tid=140575893784320
#
# JRE version: 7.0_147-b147
# Java VM: OpenJDK 64-Bit Server VM (21.0-b17 mixed mode linux-amd64 compressed oops)
# Derivative: IcedTea7 2.0
# Distribution: Debian GNU/Linux unstable (sid), package 7~b147-2.0-1
# Problematic frame:
# C  [libX11.so.6+0x3cf58]  XQueryExtension+0x28
#
# Failed to write core dump. Core dumps have been disabled. To enable core dumping, try "ulimit -c unlimited" before starting Java again
#
# If you would like to submit a bug report, please include
# instructions on how to reproduce the bug and visit:
#   http://icedtea.classpath.org/bugzilla
#

---------------  T H R E A D  ---------------

Current thread (0x0000000000dd5800):  VMThread [stack: 0x00007fda60268000,0x00007fda60369000] [id=5854]

siginfo:si_signo=SIGSEGV: si_errno=0, si_code=1 (SEGV_MAPERR), si_addr=0x000000005c2961f8

Registers:
RAX=0x0000000000e3b290, RBX=0x000000005c295890, RCX=0x00007fda603677f8, RDX=0x00007fda603677f4
RSP=0x00007fda60367790, RBP=0x00007fda52f61872, RSI=0x00007fda52f61872, RDI=0x000000005c295890
R8 =0x00007fda603677fc, R9 =0x0000000000000000, R10=0x00007fda66a5f768, R11=0x00007fda667120d0
R12=0x00007fda603677f4, R13=0x00007fda52f61872, R14=0x0000000000e3b290, R15=0x0000000000000000
RIP=0x00007fda5aecff58, EFLAGS=0x0000000000010206, CSGSFS=0x0000000000000033, ERR=0x0000000000000004
  TRAPNO=0x000000000000000e

Top of Stack: (sp=0x00007fda60367790)
0x00007fda60367790:   0000000000000020 00007fda672bbf72
0x00007fda603677a0:   00007fda666e95c8 00007fda674a4000
0x00007fda603677b0:   00007fda666e95c8 000000005c295890
0x00007fda603677c0:   00007fda52f61872 0000000000000000
0x00007fda603677d0:   00007fda52f61872 0000000000e3b290
0x00007fda603677e0:   0000000000000000 00007fda5aec3905
0x00007fda603677f0:   00007fda5c29a400 00007fda5309a3e0
0x00007fda60367800:   00007fda5309a3e0 000000005c295890
0x00007fda60367810:   00007fda5c2fb4e0 00007fda5b1e0b8b
0x00007fda60367820:   0101010100000005 00000011666e95c8
0x00007fda60367830:   00007fda603678b0 0000000000000000
0x00007fda60367840:   00007fda603678b0 000000005c295890
0x00007fda60367850:   00007fda674c5048 00007fda5c29a400
0x00007fda60367860:   00007fda530b3bd0 00007fda52f080b9
0x00007fda60367870:   0000000000000000 0000000000000058
0x00007fda60367880:   00007fda603678b0 0000000000000000
0x00007fda60367890:   00007fda674c5048 00007fda5c29a400
0x00007fda603678a0:   0000000000000032 00007fda52efead2
0x00007fda603678b0:   00007fda60367c10 00007fda52f617f1
0x00007fda603678c0:   00007fda60367c10 00007fda672b323c
0x00007fda603678d0:   00007fda674c61c8 00007fda674c6758
0x00007fda603678e0:   00007fda674a5000 0000000000d3ce80
0x00007fda603678f0:   0000000000d3d940 0000000000d3d330
0x00007fda60367900:   0000000000d3de40 0000000000d42af0
0x00007fda60367910:   00007fda5c2909c0 00007fda5c28fb80
0x00007fda60367920:   00007fda5c18b790 00007fda5c1923a0
0x00007fda60367930:   00007fda5c19a980 00007fda5c19da20
0x00007fda60367940:   00007fda5c19a450 00007fda5c199a30
0x00007fda60367950:   00007fda5c19cf00 00007fda5c19c9f0
0x00007fda60367960:   00007fda5c199f40 00007fda5c19d490
0x00007fda60367970:   00007fda5c1985d0 00007fda5c198af0
0x00007fda60367980:   00007fda5c199520 00007fda5c199000 

Instructions: (pc=0x00007fda5aecff58)
0x00007fda5aecff38:   24 d8 48 89 fb 4c 89 64 24 e0 4c 89 6c 24 e8 49
0x00007fda5aecff48:   89 d4 4c 89 74 24 f0 4c 89 7c 24 f8 48 83 ec 58
0x00007fda5aecff58:   48 8b 87 68 09 00 00 49 89 f5 48 89 cd 4d 89 c6
0x00007fda5aecff68:   48 85 c0 74 02 ff 10 4c 8b bb b0 00 00 00 49 8d 

Register to memory mapping:

RAX=0x0000000000e3b290 is an unknown value
RBX=0x000000005c295890 is an unknown value
RCX=0x00007fda603677f8 is an unknown value
RDX=0x00007fda603677f4 is an unknown value
RSP=0x00007fda60367790 is an unknown value
RBP=0x00007fda52f61872: <offset 0x96872> in /usr/lib/libGL.so.1 at 0x00007fda52ecb000
RSI=0x00007fda52f61872: <offset 0x96872> in /usr/lib/libGL.so.1 at 0x00007fda52ecb000
RDI=0x000000005c295890 is an unknown value
R8 =0x00007fda603677fc is an unknown value
R9 =0x0000000000000000 is an unknown value
R10=0x00007fda66a5f768: <offset 0x384768> in /lib/x86_64-linux-gnu/libc.so.6 at 0x00007fda666db000
R11=0x00007fda667120d0: __cxa_finalize+0 in /lib/x86_64-linux-gnu/libc.so.6 at 0x00007fda666db000
R12=0x00007fda603677f4 is an unknown value
R13=0x00007fda52f61872: <offset 0x96872> in /usr/lib/libGL.so.1 at 0x00007fda52ecb000
R14=0x0000000000e3b290 is an unknown value
R15=0x0000000000000000 is an unknown value


Stack: [0x00007fda60268000,0x00007fda60369000],  sp=0x00007fda60367790,  free space=1021k
Native frames: (J=compiled Java code, j=interpreted, Vv=VM code, C=native code)
C  [libX11.so.6+0x3cf58]  XQueryExtension+0x28

VM_Operation (0x00007fda6749f660): Exit, mode: safepoint, requested by thread 0x0000000000d3e800


---------------  P R O C E S S  ---------------

Java Threads: ( => current thread )
  0x00007fda5c95e800 JavaThread "Thread-1" daemon [_thread_blocked, id=5869, stack(0x00007fda4fcdb000,0x00007fda4fddc000)]
  0x00007fda5c28e800 JavaThread "process reaper" daemon [_thread_blocked, id=5865, stack(0x00007fda672c6000,0x00007fda672e0000)]
  0x00007fda5c275800 JavaThread "AWT-XAWT" daemon [_thread_in_native, id=5863, stack(0x00007fda53744000,0x00007fda53845000)]
  0x00007fda5c238800 JavaThread "Java2D Disposer" daemon [_thread_blocked, id=5862, stack(0x00007fda53845000,0x00007fda53946000)]
  0x00007fda5c009000 JavaThread "Service Thread" daemon [_thread_blocked, id=5860, stack(0x00007fda5ba85000,0x00007fda5bb86000)]
  0x00007fda5c006800 JavaThread "C2 CompilerThread1" daemon [_thread_blocked, id=5859, stack(0x00007fda5bb86000,0x00007fda5bc87000)]
  0x0000000000e39800 JavaThread "C2 CompilerThread0" daemon [_thread_blocked, id=5858, stack(0x00007fda5bc87000,0x00007fda5bd88000)]
  0x0000000000e37000 JavaThread "Signal Dispatcher" daemon [_thread_blocked, id=5857, stack(0x00007fda5bd88000,0x00007fda5be89000)]
  0x0000000000de0000 JavaThread "Finalizer" daemon [_thread_blocked, id=5856, stack(0x00007fda60066000,0x00007fda60167000)]
  0x0000000000dde000 JavaThread "Reference Handler" daemon [_thread_blocked, id=5855, stack(0x00007fda60167000,0x00007fda60268000)]
  0x0000000000d3e800 JavaThread "main" [_thread_blocked, id=5849, stack(0x00007fda673a0000,0x00007fda674a1000)]

Other Threads:
=>0x0000000000dd5800 VMThread [stack: 0x00007fda60268000,0x00007fda60369000] [id=5854]

VM state:at safepoint (shutting down)

VM Mutex/Monitor currently owned by a thread:  ([mutex/lock_event])
[0x0000000000d3b250] Threads_lock - owner thread: 0x0000000000dd5800

Heap
 PSYoungGen      total 63936K, used 7273K [0x00000000ec160000, 0x00000000f0240000, 0x0000000100000000)
  eden space 61440K, 7% used [0x00000000ec160000,0x00000000ec60e8f0,0x00000000efd60000)
  from space 2496K, 99% used [0x00000000effd0000,0x00000000f023bcd0,0x00000000f0240000)
  to   space 2496K, 0% used [0x00000000efd60000,0x00000000efd60000,0x00000000effd0000)
 PSOldGen        total 40832K, used 19527K [0x00000000c4400000, 0x00000000c6be0000, 0x00000000ec160000)
  object space 40832K, 47% used [0x00000000c4400000,0x00000000c5711dd8,0x00000000c6be0000)
 PSPermGen       total 21248K, used 12098K [0x00000000b9e00000, 0x00000000bb2c0000, 0x00000000c4400000)
  object space 21248K, 56% used [0x00000000b9e00000,0x00000000ba9d0b50,0x00000000bb2c0000)

Code Cache  [0x00007fda61278000, 0x00007fda614e8000, 0x00007fda64278000)
 total_blobs=714 nmethods=191 adapters=476 free_code_cache=48216Kb largest_free_block=49327488

Dynamic libraries:
00400000-00401000 r-xp 00000000 08:06 2884677                            /usr/lib/jvm/java-7-openjdk-amd64/jre/bin/java
00600000-00601000 rw-p 00000000 08:06 2884677                            /usr/lib/jvm/java-7-openjdk-amd64/jre/bin/java
00d33000-016ec000 rw-p 00000000 00:00 0                                  [heap]
b9e00000-bb2c0000 rw-p 00000000 00:00 0 
bb2c0000-c4400000 rw-p 00000000 00:00 0 
c4400000-c6be0000 rw-p 00000000 00:00 0 
c6be0000-ec160000 rw-p 00000000 00:00 0 
ec160000-f0240000 rw-p 00000000 00:00 0 
f0240000-100000000 rw-p 00000000 00:00 0 
7fda4ee47000-7fda4ee50000 r--s 00000000 08:06 788462                     /var/cache/fontconfig/945677eb7aeaf62f1d50efc3fb3ec7d8-le64.cache-3
7fda4ee50000-7fda4ee55000 r--s 00000000 08:06 791153                     /var/cache/fontconfig/6eb3985aa4124903f6ff08ba781cd364-le64.cache-3
7fda4ee55000-7fda4ee8f000 r-xp 00000000 08:06 2884642                    /usr/lib/jvm/java-7-openjdk-amd64/jre/lib/amd64/libfontmanager.so
7fda4ee8f000-7fda4f08f000 ---p 0003a000 08:06 2884642                    /usr/lib/jvm/java-7-openjdk-amd64/jre/lib/amd64/libfontmanager.so
7fda4f08f000-7fda4f092000 rw-p 0003a000 08:06 2884642                    /usr/lib/jvm/java-7-openjdk-amd64/jre/lib/amd64/libfontmanager.so
7fda4f391000-7fda4f394000 ---p 00000000 00:00 0 
7fda4f394000-7fda4f492000 rw-p 00000000 00:00 0 
7fda4f492000-7fda4f495000 ---p 00000000 00:00 0 
7fda4f495000-7fda4f593000 rw-p 00000000 00:00 0 
7fda4f593000-7fda4f596000 ---p 00000000 00:00 0 
7fda4f596000-7fda4f694000 rw-p 00000000 00:00 0 
7fda4f694000-7fda4f6ce000 r-xp 00000000 08:06 1978619                    /usr/lib/x86_64-linux-gnu/libjpeg.so.8.4.0
7fda4f6ce000-7fda4f8cd000 ---p 0003a000 08:06 1978619                    /usr/lib/x86_64-linux-gnu/libjpeg.so.8.4.0
7fda4f8cd000-7fda4f8ce000 rw-p 00039000 08:06 1978619                    /usr/lib/x86_64-linux-gnu/libjpeg.so.8.4.0
7fda4f8ce000-7fda4f8d7000 r-xp 00000000 08:06 2884661                    /usr/lib/jvm/java-7-openjdk-amd64/jre/lib/amd64/libjavajpeg.so
7fda4f8d7000-7fda4fad6000 ---p 00009000 08:06 2884661                    /usr/lib/jvm/java-7-openjdk-amd64/jre/lib/amd64/libjavajpeg.so
7fda4fad6000-7fda4fad7000 rw-p 00008000 08:06 2884661                    /usr/lib/jvm/java-7-openjdk-amd64/jre/lib/amd64/libjavajpeg.so
7fda4fad7000-7fda4fada000 r-xp 00000000 08:07 3555793                    /home/speedy/Programming/Libraries/Java/slick/native/linux/libjinput-linux64.so
7fda4fada000-7fda4fcd9000 ---p 00003000 08:07 3555793                    /home/speedy/Programming/Libraries/Java/slick/native/linux/libjinput-linux64.so
7fda4fcd9000-7fda4fcda000 r--p 00002000 08:07 3555793                    /home/speedy/Programming/Libraries/Java/slick/native/linux/libjinput-linux64.so
7fda4fcda000-7fda4fcdb000 rw-p 00003000 08:07 3555793                    /home/speedy/Programming/Libraries/Java/slick/native/linux/libjinput-linux64.so
7fda4fcdb000-7fda4fcde000 ---p 00000000 00:00 0 
7fda4fcde000-7fda4fddc000 rw-p 00000000 00:00 0 
7fda4fe1c000-7fda4fe63000 rw-p 00000000 00:00 0 
7fda4fe63000-7fda50563000 rw-s 00006000 00:05 5447                       /dev/ati/card0
7fda50563000-7fda50663000 rw-p 00000000 00:00 0 
7fda50663000-7fda5069e000 r-xp 00000000 08:06 1709772                    /usr/lib/libatiadlxx.so
7fda5069e000-7fda5079d000 ---p 0003b000 08:06 1709772                    /usr/lib/libatiadlxx.so
7fda5079d000-7fda507a6000 rw-p 0003a000 08:06 1709772                    /usr/lib/libatiadlxx.so
7fda507a6000-7fda507b7000 rw-p 00000000 00:00 0 
7fda507ba000-7fda507c3000 r--s 00000000 08:06 788455                     /var/cache/fontconfig/6d41288fd70b0be22e8c3a91e032eec0-le64.cache-3
7fda507c3000-7fda507d3000 r--s 00000000 08:06 788433                     /var/cache/fontconfig/d52a8644073d54c13679302ca1180695-le64.cache-3
7fda507d3000-7fda507da000 r-xp 00000000 08:06 1709776                    /usr/lib/libatiuki.so.1.0
7fda507da000-7fda508da000 ---p 00007000 08:06 1709776                    /usr/lib/libatiuki.so.1.0
7fda508da000-7fda508db000 rw-p 00007000 08:06 1709776                    /usr/lib/libatiuki.so.1.0
7fda508db000-7fda508dc000 rw-p 00000000 00:00 0 
7fda508dc000-7fda5274f000 r-xp 00000000 08:06 1709779                    /usr/lib/dri/fglrx_dri.so
7fda5274f000-7fda5284e000 ---p 01e73000 08:06 1709779                    /usr/lib/dri/fglrx_dri.so
7fda5284e000-7fda52980000 rwxp 01e72000 08:06 1709779                    /usr/lib/dri/fglrx_dri.so
7fda52980000-7fda52aa4000 rwxp 00000000 00:00 0 
7fda52aa4000-7fda52ab9000 r-xp 00000000 08:06 2884657                    /usr/lib/jvm/java-7-openjdk-amd64/jre/lib/amd64/libnet.so
7fda52ab9000-7fda52cb9000 ---p 00015000 08:06 2884657                    /usr/lib/jvm/java-7-openjdk-amd64/jre/lib/amd64/libnet.so
7fda52cb9000-7fda52cba000 rw-p 00015000 08:06 2884657                    /usr/lib/jvm/java-7-openjdk-amd64/jre/lib/amd64/libnet.so
7fda52cba000-7fda52cca000 r-xp 00000000 08:06 2884641                    /usr/lib/jvm/java-7-openjdk-amd64/jre/lib/amd64/libnio.so
7fda52cca000-7fda52eca000 ---p 00010000 08:06 2884641                    /usr/lib/jvm/java-7-openjdk-amd64/jre/lib/amd64/libnio.so
7fda52eca000-7fda52ecb000 rw-p 00010000 08:06 2884641                    /usr/lib/jvm/java-7-openjdk-amd64/jre/lib/amd64/libnio.so
7fda52ecb000-7fda52f8e000 r-xp 00000000 08:06 2490543                    /usr/lib/fglrx/fglrx-libGL.so.1.2
7fda52f8e000-7fda5308d000 ---p 000c3000 08:06 2490543                    /usr/lib/fglrx/fglrx-libGL.so.1.2
7fda5308d000-7fda530b4000 rwxp 000c2000 08:06 2490543                    /usr/lib/fglrx/fglrx-libGL.so.1.2
7fda530b4000-7fda530d4000 rwxp 00000000 00:00 0 
7fda530d4000-7fda530d9000 r-xp 00000000 08:06 1979605                    /usr/lib/x86_64-linux-gnu/libXxf86vm.so.1.0.0
7fda530d9000-7fda532d8000 ---p 00005000 08:06 1979605                    /usr/lib/x86_64-linux-gnu/libXxf86vm.so.1.0.0
7fda532d8000-7fda532d9000 rw-p 00004000 08:06 1979605                    /usr/lib/x86_64-linux-gnu/libXxf86vm.so.1.0.0
7fda532d9000-7fda53340000 r-xp 00000000 08:07 3555791                    /home/speedy/Programming/Libraries/Java/slick/native/linux/liblwjgl64.so
7fda53340000-7fda53540000 ---p 00067000 08:07 3555791                    /home/speedy/Programming/Libraries/Java/slick/native/linux/liblwjgl64.so
7fda53540000-7fda53542000 r--p 00067000 08:07 3555791                    /home/speedy/Programming/Libraries/Java/slick/native/linux/liblwjgl64.so
7fda53542000-7fda53543000 rw-p 00069000 08:07 3555791                    /home/speedy/Programming/Libraries/Java/slick/native/linux/liblwjgl64.so
7fda53543000-7fda53544000 r-xp 00000000 08:06 2884649                    /usr/lib/jvm/java-7-openjdk-amd64/jre/lib/amd64/libjawt.so
7fda53544000-7fda53743000 ---p 00001000 08:06 2884649                    /usr/lib/jvm/java-7-openjdk-amd64/jre/lib/amd64/libjawt.so
7fda53743000-7fda53744000 rw-p 00000000 08:06 2884649                    /usr/lib/jvm/java-7-openjdk-amd64/jre/lib/amd64/libjawt.so
7fda53744000-7fda53747000 ---p 00000000 00:00 0 
7fda53747000-7fda53845000 rw-p 00000000 00:00 0 
7fda53845000-7fda53848000 ---p 00000000 00:00 0 
7fda53848000-7fda53946000 rw-p 00000000 00:00 0 
7fda53946000-7fda53989000 r-xp 00000000 08:06 2752607                    /lib/x86_64-linux-gnu/libdbus-1.so.3.5.8
7fda53989000-7fda53b88000 ---p 00043000 08:06 2752607                    /lib/x86_64-linux-gnu/libdbus-1.so.3.5.8
7fda53b88000-7fda53b8a000 r--p 00042000 08:06 2752607                    /lib/x86_64-linux-gnu/libdbus-1.so.3.5.8
7fda53b8a000-7fda53b8b000 rw-p 00044000 08:06 2752607                    /lib/x86_64-linux-gnu/libdbus-1.so.3.5.8
7fda53b8b000-7fda53b8e000 r-xp 00000000 08:06 2757703                    /lib/x86_64-linux-gnu/libgpg-error.so.0.8.0
7fda53b8e000-7fda53d8d000 ---p 00003000 08:06 2757703                    /lib/x86_64-linux-gnu/libgpg-error.so.0.8.0
7fda53d8d000-7fda53d8e000 rw-p 00002000 08:06 2757703                    /lib/x86_64-linux-gnu/libgpg-error.so.0.8.0
7fda53d8e000-7fda53d9f000 r-xp 00000000 08:06 1970821                    /usr/lib/x86_64-linux-gnu/libp11-kit.so.0.0.0
7fda53d9f000-7fda53f9f000 ---p 00011000 08:06 1970821                    /usr/lib/x86_64-linux-gnu/libp11-kit.so.0.0.0
7fda53f9f000-7fda53fa0000 rw-p 00011000 08:06 1970821                    /usr/lib/x86_64-linux-gnu/libp11-kit.so.0.0.0
7fda53fa0000-7fda53fb0000 r-xp 00000000 08:06 1971812                    /usr/lib/x86_64-linux-gnu/libtasn1.so.3.1.13
7fda53fb0000-7fda541af000 ---p 00010000 08:06 1971812                    /usr/lib/x86_64-linux-gnu/libtasn1.so.3.1.13
7fda541af000-7fda541b0000 rw-p 0000f000 08:06 1971812                    /usr/lib/x86_64-linux-gnu/libtasn1.so.3.1.13
7fda541b0000-7fda541b3000 r-xp 00000000 08:06 2752833                    /lib/x86_64-linux-gnu/libkeyutils.so.1.4
7fda541b3000-7fda543b2000 ---p 00003000 08:06 2752833                    /lib/x86_64-linux-gnu/libkeyutils.so.1.4
7fda543b2000-7fda543b3000 rw-p 00002000 08:06 2752833                    /lib/x86_64-linux-gnu/libkeyutils.so.1.4
7fda543b3000-7fda543bb000 r-xp 00000000 08:06 1968160                    /usr/lib/x86_64-linux-gnu/libkrb5support.so.0.1
7fda543bb000-7fda545ba000 ---p 00008000 08:06 1968160                    /usr/lib/x86_64-linux-gnu/libkrb5support.so.0.1
7fda545ba000-7fda545bb000 r--p 00007000 08:06 1968160                    /usr/lib/x86_64-linux-gnu/libkrb5support.so.0.1
7fda545bb000-7fda545bc000 rw-p 00008000 08:06 1968160                    /usr/lib/x86_64-linux-gnu/libkrb5support.so.0.1
7fda545bc000-7fda545c1000 r-xp 00000000 08:06 1970246                    /usr/lib/x86_64-linux-gnu/libXdmcp.so.6.0.0
7fda545c1000-7fda547c0000 ---p 00005000 08:06 1970246                    /usr/lib/x86_64-linux-gnu/libXdmcp.so.6.0.0
7fda547c0000-7fda547c1000 r--p 00004000 08:06 1970246                    /usr/lib/x86_64-linux-gnu/libXdmcp.so.6.0.0
7fda547c1000-7fda547c2000 rw-p 00005000 08:06 1970246                    /usr/lib/x86_64-linux-gnu/libXdmcp.so.6.0.0
7fda547c2000-7fda547c4000 r-xp 00000000 08:06 1968899                    /usr/lib/x86_64-linux-gnu/libXau.so.6.0.0
7fda547c4000-7fda549c3000 ---p 00002000 08:06 1968899                    /usr/lib/x86_64-linux-gnu/libXau.so.6.0.0
7fda549c3000-7fda549c4000 r--p 00001000 08:06 1968899                    /usr/lib/x86_64-linux-gnu/libXau.so.6.0.0
7fda549c4000-7fda549c5000 rw-p 00002000 08:06 1968899                    /usr/lib/x86_64-linux-gnu/libXau.so.6.0.0
7fda549c5000-7fda549d5000 r-xp 00000000 08:06 1968913                    /usr/lib/x86_64-linux-gnu/libavahi-client.so.3.2.9
7fda549d5000-7fda54bd5000 ---p 00010000 08:06 1968913                    /usr/lib/x86_64-linux-gnu/libavahi-client.so.3.2.9
7fda54bd5000-7fda54bd6000 r--p 00010000 08:06 1968913                    /usr/lib/x86_64-linux-gnu/libavahi-client.so.3.2.9
7fda54bd6000-7fda54bd7000 rw-p 00011000 08:06 1968913                    /usr/lib/x86_64-linux-gnu/libavahi-client.so.3.2.9
7fda54bd7000-7fda54be3000 r-xp 00000000 08:06 1968902                    /usr/lib/x86_64-linux-gnu/libavahi-common.so.3.5.3
7fda54be3000-7fda54de2000 ---p 0000c000 08:06 1968902                    /usr/lib/x86_64-linux-gnu/libavahi-common.so.3.5.3
7fda54de2000-7fda54de3000 r--p 0000b000 08:06 1968902                    /usr/lib/x86_64-linux-gnu/libavahi-common.so.3.5.3
7fda54de3000-7fda54de4000 rw-p 0000c000 08:06 1968902                    /usr/lib/x86_64-linux-gnu/libavahi-common.so.3.5.3
7fda54de4000-7fda54e5e000 r-xp 00000000 08:06 2752831                    /lib/x86_64-linux-gnu/libgcrypt.so.11.7.0
7fda54e5e000-7fda5505e000 ---p 0007a000 08:06 2752831                    /lib/x86_64-linux-gnu/libgcrypt.so.11.7.0
7fda5505e000-7fda55062000 rw-p 0007a000 08:06 2752831                    /lib/x86_64-linux-gnu/libgcrypt.so.11.7.0
7fda55062000-7fda5511a000 r-xp 00000000 08:06 1971262                    /usr/lib/x86_64-linux-gnu/libgnutls.so.26.21.9
7fda5511a000-7fda55319000 ---p 000b8000 08:06 1971262                    /usr/lib/x86_64-linux-gnu/libgnutls.so.26.21.9
7fda55319000-7fda55321000 rw-p 000b7000 08:06 1971262                    /usr/lib/x86_64-linux-gnu/libgnutls.so.26.21.9
7fda55321000-7fda55324000 r-xp 00000000 08:06 2752559                    /lib/x86_64-linux-gnu/libcom_err.so.2.1
7fda55324000-7fda55523000 ---p 00003000 08:06 2752559                    /lib/x86_64-linux-gnu/libcom_err.so.2.1
7fda55523000-7fda55524000 r--p 00002000 08:06 2752559                    /lib/x86_64-linux-gnu/libcom_err.so.2.1
7fda55524000-7fda55525000 rw-p 00003000 08:06 2752559                    /lib/x86_64-linux-gnu/libcom_err.so.2.1
7fda55525000-7fda5554b000 r-xp 00000000 08:06 1968166                    /usr/lib/x86_64-linux-gnu/libk5crypto.so.3.1
7fda5554b000-7fda5574b000 ---p 00026000 08:06 1968166                    /usr/lib/x86_64-linux-gnu/libk5crypto.so.3.1
7fda5574b000-7fda5574c000 r--p 00026000 08:06 1968166                    /usr/lib/x86_64-linux-gnu/libk5crypto.so.3.1
7fda5574c000-7fda5574d000 rw-p 00027000 08:06 1968166                    /usr/lib/x86_64-linux-gnu/libk5crypto.so.3.1
7fda5574d000-7fda5574e000 rw-p 00000000 00:00 0 
7fda5574e000-7fda55817000 r-xp 00000000 08:06 1968156                    /usr/lib/x86_64-linux-gnu/libkrb5.so.3.3
7fda55817000-7fda55a16000 ---p 000c9000 08:06 1968156                    /usr/lib/x86_64-linux-gnu/libkrb5.so.3.3
7fda55a16000-7fda55a20000 r--p 000c8000 08:06 1968156                    /usr/lib/x86_64-linux-gnu/libkrb5.so.3.3
7fda55a20000-7fda55a22000 rw-p 000d2000 08:06 1968156                    /usr/lib/x86_64-linux-gnu/libkrb5.so.3.3
7fda55a22000-7fda55a5e000 r-xp 00000000 08:06 1972194                    /usr/lib/x86_64-linux-gnu/libgssapi_krb5.so.2.2
7fda55a5e000-7fda55c5e000 ---p 0003c000 08:06 1972194                    /usr/lib/x86_64-linux-gnu/libgssapi_krb5.so.2.2
7fda55c5e000-7fda55c5f000 r--p 0003c000 08:06 1972194                    /usr/lib/x86_64-linux-gnu/libgssapi_krb5.so.2.2
7fda55c5f000-7fda55c61000 rw-p 0003d000 08:06 1972194                    /usr/lib/x86_64-linux-gnu/libgssapi_krb5.so.2.2
7fda55c61000-7fda55c9d000 r-xp 00000000 08:06 2755932                    /lib/x86_64-linux-gnu/libpcre.so.3.12.1
7fda55c9d000-7fda55e9c000 ---p 0003c000 08:06 2755932                    /lib/x86_64-linux-gnu/libpcre.so.3.12.1
7fda55e9c000-7fda55e9d000 rw-p 0003b000 08:06 2755932                    /lib/x86_64-linux-gnu/libpcre.so.3.12.1
7fda55e9d000-7fda55ea9000 r-xp 00000000 08:06 1971731                    /usr/lib/x86_64-linux-gnu/libffi.so.5.0.10
7fda55ea9000-7fda560a9000 ---p 0000c000 08:06 1971731                    /usr/lib/x86_64-linux-gnu/libffi.so.5.0.10
7fda560a9000-7fda560aa000 rw-p 0000c000 08:06 1971731                    /usr/lib/x86_64-linux-gnu/libffi.so.5.0.10
7fda560aa000-7fda560d1000 r-xp 00000000 08:06 2752609                    /lib/x86_64-linux-gnu/libexpat.so.1.5.2
7fda560d1000-7fda562d1000 ---p 00027000 08:06 2752609                    /lib/x86_64-linux-gnu/libexpat.so.1.5.2
7fda562d1000-7fda562d3000 rw-p 00027000 08:06 2752609                    /lib/x86_64-linux-gnu/libexpat.so.1.5.2
7fda562d3000-7fda562db000 r-xp 00000000 08:06 1970251                    /usr/lib/x86_64-linux-gnu/libxcb-render.so.0.0.0
7fda562db000-7fda564db000 ---p 00008000 08:06 1970251                    /usr/lib/x86_64-linux-gnu/libxcb-render.so.0.0.0
7fda564db000-7fda564dc000 r--p 00008000 08:06 1970251                    /usr/lib/x86_64-linux-gnu/libxcb-render.so.0.0.0
7fda564dc000-7fda564dd000 rw-p 00009000 08:06 1970251                    /usr/lib/x86_64-linux-gnu/libxcb-render.so.0.0.0
7fda564dd000-7fda564df000 r-xp 00000000 08:06 1968101                    /usr/lib/x86_64-linux-gnu/libxcb-shm.so.0.0.0
7fda564df000-7fda566de000 ---p 00002000 08:06 1968101                    /usr/lib/x86_64-linux-gnu/libxcb-shm.so.0.0.0
7fda566de000-7fda566df000 r--p 00001000 08:06 1968101                    /usr/lib/x86_64-linux-gnu/libxcb-shm.so.0.0.0
7fda566df000-7fda566e0000 rw-p 00002000 08:06 1968101                    /usr/lib/x86_64-linux-gnu/libxcb-shm.so.0.0.0
7fda566e0000-7fda56762000 r-xp 00000000 08:06 1969187                    /usr/lib/x86_64-linux-gnu/libpixman-1.so.0.24.4
7fda56762000-7fda56961000 ---p 00082000 08:06 1969187                    /usr/lib/x86_64-linux-gnu/libpixman-1.so.0.24.4
7fda56961000-7fda56967000 rw-p 00081000 08:06 1969187                    /usr/lib/x86_64-linux-gnu/libpixman-1.so.0.24.4
7fda56967000-7fda5698e000 r-xp 00000000 08:06 2752837                    /lib/x86_64-linux-gnu/libpng12.so.0.47.0
7fda5698e000-7fda56b8d000 ---p 00027000 08:06 2752837                    /lib/x86_64-linux-gnu/libpng12.so.0.47.0
7fda56b8d000-7fda56b8e000 r--p 00026000 08:06 2752837                    /lib/x86_64-linux-gnu/libpng12.so.0.47.0
7fda56b8e000-7fda56b8f000 rw-p 00027000 08:06 2752837                    /lib/x86_64-linux-gnu/libpng12.so.0.47.0
7fda56b8f000-7fda56ba2000 r-xp 00000000 08:06 2759611                    /lib/x86_64-linux-gnu/libresolv-2.13.so
7fda56ba2000-7fda56da1000 ---p 00013000 08:06 2759611                    /lib/x86_64-linux-gnu/libresolv-2.13.so
7fda56da1000-7fda56da2000 r--p 00012000 08:06 2759611                    /lib/x86_64-linux-gnu/libresolv-2.13.so
7fda56da2000-7fda56da3000 rw-p 00013000 08:06 2759611                    /lib/x86_64-linux-gnu/libresolv-2.13.so
7fda56da3000-7fda56da5000 rw-p 00000000 00:00 0 
7fda56da5000-7fda56dc3000 r-xp 00000000 08:06 2752578                    /lib/x86_64-linux-gnu/libselinux.so.1
7fda56dc3000-7fda56fc2000 ---p 0001e000 08:06 2752578                    /lib/x86_64-linux-gnu/libselinux.so.1
7fda56fc2000-7fda56fc3000 r--p 0001d000 08:06 2752578                    /lib/x86_64-linux-gnu/libselinux.so.1
7fda56fc3000-7fda56fc4000 rw-p 0001e000 08:06 2752578                    /lib/x86_64-linux-gnu/libselinux.so.1
7fda56fc4000-7fda56fc5000 rw-p 00000000 00:00 0 
7fda56fc5000-7fda56fce000 r-xp 00000000 08:06 1969986                    /usr/lib/x86_64-linux-gnu/libXcursor.so.1.0.2
7fda56fce000-7fda571ce000 ---p 00009000 08:06 1969986                    /usr/lib/x86_64-linux-gnu/libXcursor.so.1.0.2
7fda571ce000-7fda571cf000 rw-p 00009000 08:06 1969986                    /usr/lib/x86_64-linux-gnu/libXcursor.so.1.0.2
7fda571cf000-7fda571d7000 r-xp 00000000 08:06 1969068                    /usr/lib/x86_64-linux-gnu/libXrandr.so.2.2.0
7fda571d7000-7fda573d6000 ---p 00008000 08:06 1969068                    /usr/lib/x86_64-linux-gnu/libXrandr.so.2.2.0
7fda573d6000-7fda573d7000 rw-p 00007000 08:06 1969068                    /usr/lib/x86_64-linux-gnu/libXrandr.so.2.2.0
7fda573d7000-7fda573d9000 r-xp 00000000 08:06 1973890                    /usr/lib/x86_64-linux-gnu/libXinerama.so.1.0.0
7fda573d9000-7fda575d8000 ---p 00002000 08:06 1973890                    /usr/lib/x86_64-linux-gnu/libXinerama.so.1.0.0
7fda575d8000-7fda575d9000 rw-p 00001000 08:06 1973890                    /usr/lib/x86_64-linux-gnu/libXinerama.so.1.0.0
7fda575d9000-7fda575de000 r-xp 00000000 08:06 1969984                    /usr/lib/x86_64-linux-gnu/libXfixes.so.3.1.0
7fda575de000-7fda577de000 ---p 00005000 08:06 1969984                    /usr/lib/x86_64-linux-gnu/libXfixes.so.3.1.0
7fda577de000-7fda577df000 rw-p 00005000 08:06 1969984                    /usr/lib/x86_64-linux-gnu/libXfixes.so.3.1.0
7fda577df000-7fda577e1000 r-xp 00000000 08:06 1979594                    /usr/lib/x86_64-linux-gnu/libXdamage.so.1.1.0
7fda577e1000-7fda579e0000 ---p 00002000 08:06 1979594                    /usr/lib/x86_64-linux-gnu/libXdamage.so.1.1.0
7fda579e0000-7fda579e1000 rw-p 00001000 08:06 1979594                    /usr/lib/x86_64-linux-gnu/libXdamage.so.1.1.0
7fda579e1000-7fda579e3000 r-xp 00000000 08:06 1979581                    /usr/lib/x86_64-linux-gnu/libXcomposite.so.1.0.0
7fda579e3000-7fda57be2000 ---p 00002000 08:06 1979581                    /usr/lib/x86_64-linux-gnu/libXcomposite.so.1.0.0
7fda57be2000-7fda57be3000 rw-p 00001000 08:06 1979581                    /usr/lib/x86_64-linux-gnu/libXcomposite.so.1.0.0
7fda57be3000-7fda57c02000 r-xp 00000000 08:06 1970249                    /usr/lib/x86_64-linux-gnu/libxcb.so.1.1.0
7fda57c02000-7fda57e01000 ---p 0001f000 08:06 1970249                    /usr/lib/x86_64-linux-gnu/libxcb.so.1.1.0
7fda57e01000-7fda57e02000 r--p 0001e000 08:06 1970249                    /usr/lib/x86_64-linux-gnu/libxcb.so.1.1.0
7fda57e02000-7fda57e03000 rw-p 0001f000 08:06 1970249                    /usr/lib/x86_64-linux-gnu/libxcb.so.1.1.0
7fda57e03000-7fda57e56000 r-xp 00000000 08:06 1976545                    /usr/lib/x86_64-linux-gnu/libcups.so.2
7fda57e56000-7fda58055000 ---p 00053000 08:06 1976545                    /usr/lib/x86_64-linux-gnu/libcups.so.2
7fda58055000-7fda5805a000 r--p 00052000 08:06 1976545                    /usr/lib/x86_64-linux-gnu/libcups.so.2
7fda5805a000-7fda5805b000 rw-p 00057000 08:06 1976545                    /usr/lib/x86_64-linux-gnu/libcups.so.2
7fda5805b000-7fda58151000 r-xp 00000000 08:06 2757526                    /lib/x86_64-linux-gnu/libglib-2.0.so.0.3000.2
7fda58151000-7fda58350000 ---p 000f6000 08:06 2757526                    /lib/x86_64-linux-gnu/libglib-2.0.so.0.3000.2
7fda58350000-7fda58352000 rw-p 000f5000 08:06 2757526                    /lib/x86_64-linux-gnu/libglib-2.0.so.0.3000.2
7fda58352000-7fda58356000 r-xp 00000000 08:06 1970358                    /usr/lib/x86_64-linux-gnu/libgthread-2.0.so.0.3000.2
7fda58356000-7fda58556000 ---p 00004000 08:06 1970358                    /usr/lib/x86_64-linux-gnu/libgthread-2.0.so.0.3000.2
7fda58556000-7fda58557000 rw-p 00004000 08:06 1970358                    /usr/lib/x86_64-linux-gnu/libgthread-2.0.so.0.3000.2
7fda58557000-7fda5855a000 r-xp 00000000 08:06 1970363                    /usr/lib/x86_64-linux-gnu/libgmodule-2.0.so.0.3000.2
7fda5855a000-7fda58759000 ---p 00003000 08:06 1970363                    /usr/lib/x86_64-linux-gnu/libgmodule-2.0.so.0.3000.2
7fda58759000-7fda5875a000 rw-p 00002000 08:06 1970363                    /usr/lib/x86_64-linux-gnu/libgmodule-2.0.so.0.3000.2
7fda5875a000-7fda587a9000 r-xp 00000000 08:06 1970362                    /usr/lib/x86_64-linux-gnu/libgobject-2.0.so.0.3000.2
7fda587a9000-7fda589a8000 ---p 0004f000 08:06 1970362                    /usr/lib/x86_64-linux-gnu/libgobject-2.0.so.0.3000.2
7fda589a8000-7fda589aa000 rw-p 0004e000 08:06 1970362                    /usr/lib/x86_64-linux-gnu/libgobject-2.0.so.0.3000.2
7fda589aa000-7fda589ab000 rw-p 00000000 00:00 0 
7fda589ab000-7fda589df000 r-xp 00000000 08:06 1967803                    /usr/lib/x86_64-linux-gnu/libfontconfig.so.1.4.4
7fda589df000-7fda58bde000 ---p 00034000 08:06 1967803                    /usr/lib/x86_64-linux-gnu/libfontconfig.so.1.4.4
7fda58bde000-7fda58be0000 rw-p 00033000 08:06 1967803                    /usr/lib/x86_64-linux-gnu/libfontconfig.so.1.4.4
7fda58be0000-7fda58c78000 r-xp 00000000 08:06 1970043                    /usr/lib/x86_64-linux-gnu/libfreetype.so.6.8.0
7fda58c78000-7fda58e77000 ---p 00098000 08:06 1970043                    /usr/lib/x86_64-linux-gnu/libfreetype.so.6.8.0
7fda58e77000-7fda58e7d000 r--p 00097000 08:06 1970043                    /usr/lib/x86_64-linux-gnu/libfreetype.so.6.8.0
7fda58e7d000-7fda58e7e000 rw-p 0009d000 08:06 1970043                    /usr/lib/x86_64-linux-gnu/libfreetype.so.6.8.0
7fda58e7e000-7fda58ec9000 r-xp 00000000 08:06 1969023                    /usr/lib/x86_64-linux-gnu/libpango-1.0.so.0.2904.0
7fda58ec9000-7fda590c8000 ---p 0004b000 08:06 1969023                    /usr/lib/x86_64-linux-gnu/libpango-1.0.so.0.2904.0
7fda590c8000-7fda590cb000 rw-p 0004a000 08:06 1969023                    /usr/lib/x86_64-linux-gnu/libpango-1.0.so.0.2904.0
7fda590cb000-7fda591ba000 r-xp 00000000 08:06 1710009                    /usr/lib/libcairo.so.2.11000.2
7fda591ba000-7fda593b9000 ---p 000ef000 08:06 1710009                    /usr/lib/libcairo.so.2.11000.2
7fda593b9000-7fda593bc000 rw-p 000ee000 08:06 1710009                    /usr/lib/libcairo.so.2.11000.2
7fda593bc000-7fda593bf000 rw-p 00000000 00:00 0 
7fda593bf000-7fda593dd000 r-xp 00000000 08:06 1969127                    /usr/lib/x86_64-linux-gnu/libgdk_pixbuf-2.0.so.0.2400.1
7fda593dd000-7fda595dd000 ---p 0001e000 08:06 1969127                    /usr/lib/x86_64-linux-gnu/libgdk_pixbuf-2.0.so.0.2400.1
7fda595dd000-7fda595de000 rw-p 0001e000 08:06 1969127                    /usr/lib/x86_64-linux-gnu/libgdk_pixbuf-2.0.so.0.2400.1
7fda595de000-7fda595ea000 r-xp 00000000 08:06 1969024                    /usr/lib/x86_64-linux-gnu/libpangocairo-1.0.so.0.2904.0
7fda595ea000-7fda597ea000 ---p 0000c000 08:06 1969024                    /usr/lib/x86_64-linux-gnu/libpangocairo-1.0.so.0.2904.0
7fda597ea000-7fda597eb000 rw-p 0000c000 08:06 1969024                    /usr/lib/x86_64-linux-gnu/libpangocairo-1.0.so.0.2904.0
7fda597eb000-7fda59816000 r-xp 00000000 08:06 1969022                    /usr/lib/x86_64-linux-gnu/libpangoft2-1.0.so.0.2904.0
7fda59816000-7fda59a16000 ---p 0002b000 08:06 1969022                    /usr/lib/x86_64-linux-gnu/libpangoft2-1.0.so.0.2904.0
7fda59a16000-7fda59a17000 rw-p 0002b000 08:06 1969022                    /usr/lib/x86_64-linux-gnu/libpangoft2-1.0.so.0.2904.0
7fda59a17000-7fda59b55000 r-xp 00000000 08:06 1970359                    /usr/lib/x86_64-linux-gnu/libgio-2.0.so.0.3000.2
7fda59b55000-7fda59d55000 ---p 0013e000 08:06 1970359                    /usr/lib/x86_64-linux-gnu/libgio-2.0.so.0.3000.2
7fda59d55000-7fda59d5b000 rw-p 0013e000 08:06 1970359                    /usr/lib/x86_64-linux-gnu/libgio-2.0.so.0.3000.2
7fda59d5b000-7fda59d5c000 rw-p 00000000 00:00 0 
7fda59d5c000-7fda59d7d000 r-xp 00000000 08:06 1971830                    /usr/lib/x86_64-linux-gnu/libatk-1.0.so.0.20209.1
7fda59d7d000-7fda59f7c000 ---p 00021000 08:06 1971830                    /usr/lib/x86_64-linux-gnu/libatk-1.0.so.0.20209.1
7fda59f7c000-7fda59f7f000 rw-p 00020000 08:06 1971830                    /usr/lib/x86_64-linux-gnu/libatk-1.0.so.0.20209.1
7fda59f7f000-7fda5a02e000 r-xp 00000000 08:06 1969142                    /usr/lib/x86_64-linux-gnu/libgdk-x11-2.0.so.0.2400.10
7fda5a02e000-7fda5a22e000 ---p 000af000 08:06 1969142                    /usr/lib/x86_64-linux-gnu/libgdk-x11-2.0.so.0.2400.10
7fda5a22e000-7fda5a233000 rw-p 000af000 08:06 1969142                    /usr/lib/x86_64-linux-gnu/libgdk-x11-2.0.so.0.2400.10
7fda5a233000-7fda5a668000 r-xp 00000000 08:06 1969141                    /usr/lib/x86_64-linux-gnu/libgtk-x11-2.0.so.0.2400.10
7fda5a668000-7fda5a867000 ---p 00435000 08:06 1969141                    /usr/lib/x86_64-linux-gnu/libgtk-x11-2.0.so.0.2400.10
7fda5a867000-7fda5a872000 rw-p 00434000 08:06 1969141                    /usr/lib/x86_64-linux-gnu/libgtk-x11-2.0.so.0.2400.10
7fda5a872000-7fda5a874000 rw-p 00000000 00:00 0 
7fda5a874000-7fda5a883000 r-xp 00000000 08:06 1969062                    /usr/lib/x86_64-linux-gnu/libXi.so.6.1.0
7fda5a883000-7fda5aa82000 ---p 0000f000 08:06 1969062                    /usr/lib/x86_64-linux-gnu/libXi.so.6.1.0
7fda5aa82000-7fda5aa83000 rw-p 0000e000 08:06 1969062                    /usr/lib/x86_64-linux-gnu/libXi.so.6.1.0
7fda5aa83000-7fda5aa88000 r-xp 00000000 08:06 1969076                    /usr/lib/x86_64-linux-gnu/libXtst.so.6.1.0
7fda5aa88000-7fda5ac88000 ---p 00005000 08:06 1969076                    /usr/lib/x86_64-linux-gnu/libXtst.so.6.1.0
7fda5ac88000-7fda5ac89000 rw-p 00005000 08:06 1969076                    /usr/lib/x86_64-linux-gnu/libXtst.so.6.1.0
7fda5ac89000-7fda5ac93000 r-xp 00000000 08:06 1970265                    /usr/lib/x86_64-linux-gnu/libXrender.so.1.3.0
7fda5ac93000-7fda5ae92000 ---p 0000a000 08:06 1970265                    /usr/lib/x86_64-linux-gnu/libXrender.so.1.3.0
7fda5ae92000-7fda5ae93000 rw-p 00009000 08:06 1970265                    /usr/lib/x86_64-linux-gnu/libXrender.so.1.3.0
7fda5ae93000-7fda5afcc000 r-xp 00000000 08:06 1978979                    /usr/lib/x86_64-linux-gnu/libX11.so.6.3.0
7fda5afcc000-7fda5b1cc000 ---p 00139000 08:06 1978979                    /usr/lib/x86_64-linux-gnu/libX11.so.6.3.0
7fda5b1cc000-7fda5b1d2000 rw-p 00139000 08:06 1978979                    /usr/lib/x86_64-linux-gnu/libX11.so.6.3.0
7fda5b1d2000-7fda5b1e4000 r-xp 00000000 08:06 1967602                    /usr/lib/x86_64-linux-gnu/libXext.so.6.4.0
7fda5b1e4000-7fda5b3e4000 ---p 00012000 08:06 1967602                    /usr/lib/x86_64-linux-gnu/libXext.so.6.4.0
7fda5b3e4000-7fda5b3e5000 rw-p 00012000 08:06 1967602                    /usr/lib/x86_64-linux-gnu/libXext.so.6.4.0
7fda5b3e5000-7fda5b437000 r-xp 00000000 08:06 2884765                    /usr/lib/jvm/java-7-openjdk-amd64/jre/lib/amd64/xawt/libmawt.so
7fda5b437000-7fda5b636000 ---p 00052000 08:06 2884765                    /usr/lib/jvm/java-7-openjdk-amd64/jre/lib/amd64/xawt/libmawt.so
7fda5b636000-7fda5b63a000 rw-p 00051000 08:06 2884765                    /usr/lib/jvm/java-7-openjdk-amd64/jre/lib/amd64/xawt/libmawt.so
7fda5b63a000-7fda5b63b000 rw-p 00000000 00:00 0 
7fda5b63b000-7fda5b6dc000 r-xp 00000000 08:06 2884648                    /usr/lib/jvm/java-7-openjdk-amd64/jre/lib/amd64/libawt.so
7fda5b6dc000-7fda5b8dc000 ---p 000a1000 08:06 2884648                    /usr/lib/jvm/java-7-openjdk-amd64/jre/lib/amd64/libawt.so
7fda5b8dc000-7fda5b8e7000 rw-p 000a1000 08:06 2884648                    /usr/lib/jvm/java-7-openjdk-amd64/jre/lib/amd64/libawt.so
7fda5b8e7000-7fda5b90c000 rw-p 00000000 00:00 0 
7fda5b90c000-7fda5b90e000 r--s 00015000 08:07 3280485                    /home/speedy/Programming/Libraries/Java/slick/lib/tinylinepp.jar
7fda5b90e000-7fda5b911000 r--s 00015000 08:07 3280483                    /home/speedy/Programming/Libraries/Java/slick/lib/slick-util.jar
7fda5b911000-7fda5b913000 r--s 00013000 08:07 3280501                    /home/speedy/Programming/Libraries/Java/slick/lib/slick-util-src.zip
7fda5b913000-7fda5b91b000 r--s 00067000 08:07 3280494                    /home/speedy/Programming/Libraries/Java/slick/lib/slick-sources.jar
7fda5b91b000-7fda5b91c000 r--s 00000000 08:07 3280489                    /home/speedy/Programming/Libraries/Java/slick/lib/slick-examples.jar
7fda5b91c000-7fda5b91d000 r--s 00003000 08:07 3280486                    /home/speedy/Programming/Libraries/Java/slick/lib/scalar.jar
7fda5b91d000-7fda5b928000 r--s 00093000 08:07 1573503                    /home/speedy/Programming/Libraries/Java/slick/lib/slick.jar
7fda5b928000-7fda5b92b000 r--s 00017000 08:07 3280498                    /home/speedy/Programming/Libraries/Java/slick/lib/pedigree.jar
7fda5b92b000-7fda5b92d000 r--s 00004000 08:07 3280490                    /home/speedy/Programming/Libraries/Java/slick/lib/packulike.jar
7fda5b92d000-7fda5b92f000 r--s 00063000 08:07 3280497                    /home/speedy/Programming/Libraries/Java/slick/lib/natives-win32.jar
7fda5b92f000-7fda5b930000 r--s 00049000 08:07 3280495                    /home/speedy/Programming/Libraries/Java/slick/lib/natives-mac.jar
7fda5b930000-7fda5b931000 r--s 0006b000 08:07 3280499                    /home/speedy/Programming/Libraries/Java/slick/lib/natives-linux.jar
7fda5b931000-7fda5b932000 r--s 00001000 08:07 3280521                    /home/speedy/Programming/Libraries/Java/slick/lib/lzma.jar
7fda5b932000-7fda5b933000 r--s 00007000 08:07 3280519                    /home/speedy/Programming/Libraries/Java/slick/lib/lwjgl_util_applet.jar
7fda5b933000-7fda5b937000 r--s 00027000 08:07 3280520                    /home/speedy/Programming/Libraries/Java/slick/lib/lwjgl_util.jar
7fda5b937000-7fda5b93c000 r--s 00041000 08:07 3280518                    /home/speedy/Programming/Libraries/Java/slick/lib/lwjgl_test.jar
7fda5b93c000-7fda5b94b000 r--s 000cb000 08:07 3280484                    /home/speedy/Programming/Libraries/Java/slick/lib/lwjgl.jar
7fda5b94b000-7fda5b958000 r--s 000db000 08:07 3280517                    /home/speedy/Programming/Libraries/Java/slick/lib/lwjgl-debug.jar
7fda5b958000-7fda5b95a000 r--s 0000d000 08:07 3280487                    /home/speedy/Programming/Libraries/Java/slick/lib/jorbis-0.0.15.jar
7fda5b95a000-7fda5b95b000 r--s 00001000 08:07 3280488                    /home/speedy/Programming/Libraries/Java/slick/lib/jogg-0.0.7.jar
7fda5b95b000-7fda5b95c000 r--s 00001000 08:07 3280491                    /home/speedy/Programming/Libraries/Java/slick/lib/jnlp.jar
7fda5b95c000-7fda5b961000 r--s 00030000 08:07 3280493                    /home/speedy/Programming/Libraries/Java/slick/lib/jinput.jar
7fda5b961000-7fda5b963000 r--s 00008000 08:07 3280492                    /home/speedy/Programming/Libraries/Java/slick/lib/ibxm.jar
7fda5b963000-7fda5b966000 r--s 0005b000 08:07 3280496                    /home/speedy/Programming/Libraries/Java/slick/lib/hiero.jar
7fda5b966000-7fda5b96b000 r--s 0004a000 08:07 3280516                    /home/speedy/Programming/Libraries/Java/slick/lib/asm-debug-all.jar
7fda5b96b000-7fda5b96d000 r--s 00000000 08:07 3280515                    /home/speedy/Programming/Libraries/Java/slick/lib/AppleJavaExtensions.jar
7fda5b96d000-7fda5b970000 r--s 0003c000 08:06 2758237                    /usr/lib/jvm/java-7-openjdk-common/jre/lib/ext/sunpkcs11.jar
7fda5b970000-7fda5b971000 r--s 00002000 08:06 2758236                    /usr/lib/jvm/java-7-openjdk-common/jre/lib/ext/dnsns.jar
7fda5b971000-7fda5b974000 r--s 00085000 08:06 2758239                    /usr/lib/jvm/java-7-openjdk-common/jre/lib/ext/localedata.jar
7fda5b974000-7fda5b977000 r--s 00032000 08:06 2758234                    /usr/lib/jvm/java-7-openjdk-common/jre/lib/ext/sunjce_provider.jar
7fda5b977000-7fda5b979000 r--s 00012000 08:06 2758238                    /usr/lib/jvm/java-7-openjdk-common/jre/lib/ext/zipfs.jar
7fda5b979000-7fda5b981000 r--s 00066000 08:06 1844237                    /usr/share/java/gnome-java-bridge.jar
7fda5b981000-7fda5b984000 r--s 0000f000 08:06 2758235                    /usr/lib/jvm/java-7-openjdk-common/jre/lib/ext/pulse-java.jar
7fda5b984000-7fda5b985000 ---p 00000000 00:00 0 
7fda5b985000-7fda5ba85000 rw-p 00000000 00:00 0 
7fda5ba85000-7fda5ba88000 ---p 00000000 00:00 0 
7fda5ba88000-7fda5bb86000 rw-p 00000000 00:00 0 
7fda5bb86000-7fda5bb89000 ---p 00000000 00:00 0 
7fda5bb89000-7fda5bc87000 rw-p 00000000 00:00 0 
7fda5bc87000-7fda5bc8a000 ---p 00000000 00:00 0 
7fda5bc8a000-7fda5bd88000 rw-p 00000000 00:00 0 
7fda5bd88000-7fda5bd8b000 ---p 00000000 00:00 0 
7fda5bd8b000-7fda5be89000 rw-p 00000000 00:00 0 
7fda5be89000-7fda5c000000 r--p 00000000 08:06 1710362                    /usr/lib/locale/locale-archive
7fda5c000000-7fda5d7a8000 rw-p 00000000 00:00 0 
7fda5d7a8000-7fda60000000 ---p 00000000 00:00 0 
7fda60004000-7fda60005000 r--s 00000000 08:06 788454                     /var/cache/fontconfig/393be3659170ead87bc7d2aed521dc5c-le64.cache-3
7fda60005000-7fda6000a000 r--s 00000000 08:06 791152                     /var/cache/fontconfig/3047814df9a2f067bd2d96a2b9c36e5a-le64.cache-3
7fda6000a000-7fda6000d000 r--s 00000000 08:06 790198                     /var/cache/fontconfig/e49e89034d371f0f9de17aab02136486-le64.cache-3
7fda6000d000-7fda6000f000 r--s 00000000 08:06 790195                     /var/cache/fontconfig/4b14b093aebc79c320de5e86ae1d3314-le64.cache-3
7fda6000f000-7fda60015000 r--s 00000000 08:06 789900                     /var/cache/fontconfig/3f7329c5293ffd510edef78f73874cfd-le64.cache-3
7fda60015000-7fda60035000 rw-s f0020000 00:05 5447                       /dev/ati/card0
7fda60035000-7fda60066000 rw-p 00000000 00:00 0 
7fda60066000-7fda60069000 ---p 00000000 00:00 0 
7fda60069000-7fda60167000 rw-p 00000000 00:00 0 
7fda60167000-7fda6016a000 ---p 00000000 00:00 0 
7fda6016a000-7fda60268000 rw-p 00000000 00:00 0 
7fda60268000-7fda60269000 ---p 00000000 00:00 0 
7fda60269000-7fda608da000 rw-p 00000000 00:00 0 
7fda608da000-7fda60a88000 r--s 03e77000 08:06 2884624                    /usr/lib/jvm/java-7-openjdk-amd64/jre/lib/rt.jar
7fda60a88000-7fda60ab0000 rw-p 00000000 00:00 0 
7fda60ab0000-7fda60ab1000 ---p 00000000 00:00 0 
7fda60ab1000-7fda60bb1000 rw-p 00000000 00:00 0 
7fda60bb1000-7fda60bb2000 ---p 00000000 00:00 0 
7fda60bb2000-7fda60cb2000 rw-p 00000000 00:00 0 
7fda60cb2000-7fda60cb3000 ---p 00000000 00:00 0 
7fda60cb3000-7fda60db3000 rw-p 00000000 00:00 0 
7fda60db3000-7fda60db4000 ---p 00000000 00:00 0 
7fda60db4000-7fda60ebf000 rw-p 00000000 00:00 0 
7fda60ebf000-7fda60f07000 rw-p 00000000 00:00 0 
7fda60f07000-7fda60f1b000 rw-p 00000000 00:00 0 
7fda60f1b000-7fda61046000 rw-p 00000000 00:00 0 
7fda61046000-7fda61051000 rw-p 00000000 00:00 0 
7fda61051000-7fda61099000 rw-p 00000000 00:00 0 
7fda61099000-7fda610ad000 rw-p 00000000 00:00 0 
7fda610ad000-7fda611d7000 rw-p 00000000 00:00 0 
7fda611d7000-7fda611f9000 rw-p 00000000 00:00 0 
7fda611f9000-7fda61277000 rw-p 00000000 00:00 0 
7fda61277000-7fda61278000 rw-p 00000000 00:00 0 
7fda61278000-7fda614e8000 rwxp 00000000 00:00 0 
7fda614e8000-7fda64278000 rw-p 00000000 00:00 0 
7fda64278000-7fda64280000 r-xp 00000000 08:06 2884653                    /usr/lib/jvm/java-7-openjdk-amd64/jre/lib/amd64/libzip.so
7fda64280000-7fda6447f000 ---p 00008000 08:06 2884653                    /usr/lib/jvm/java-7-openjdk-amd64/jre/lib/amd64/libzip.so
7fda6447f000-7fda64480000 rw-p 00007000 08:06 2884653                    /usr/lib/jvm/java-7-openjdk-amd64/jre/lib/amd64/libzip.so
7fda64480000-7fda6448b000 r-xp 00000000 08:06 2759626                    /lib/x86_64-linux-gnu/libnss_files-2.13.so
7fda6448b000-7fda6468a000 ---p 0000b000 08:06 2759626                    /lib/x86_64-linux-gnu/libnss_files-2.13.so
7fda6468a000-7fda6468b000 r--p 0000a000 08:06 2759626                    /lib/x86_64-linux-gnu/libnss_files-2.13.so
7fda6468b000-7fda6468c000 rw-p 0000b000 08:06 2759626                    /lib/x86_64-linux-gnu/libnss_files-2.13.so
7fda6468c000-7fda64696000 r-xp 00000000 08:06 2759622                    /lib/x86_64-linux-gnu/libnss_nis-2.13.so
7fda64696000-7fda64895000 ---p 0000a000 08:06 2759622                    /lib/x86_64-linux-gnu/libnss_nis-2.13.so
7fda64895000-7fda64896000 r--p 00009000 08:06 2759622                    /lib/x86_64-linux-gnu/libnss_nis-2.13.so
7fda64896000-7fda64897000 rw-p 0000a000 08:06 2759622                    /lib/x86_64-linux-gnu/libnss_nis-2.13.so
7fda64897000-7fda648ac000 r-xp 00000000 08:06 2759620                    /lib/x86_64-linux-gnu/libnsl-2.13.so
7fda648ac000-7fda64aab000 ---p 00015000 08:06 2759620                    /lib/x86_64-linux-gnu/libnsl-2.13.so
7fda64aab000-7fda64aac000 r--p 00014000 08:06 2759620                    /lib/x86_64-linux-gnu/libnsl-2.13.so
7fda64aac000-7fda64aad000 rw-p 00015000 08:06 2759620                    /lib/x86_64-linux-gnu/libnsl-2.13.so
7fda64aad000-7fda64aaf000 rw-p 00000000 00:00 0 
7fda64aaf000-7fda64ab6000 r-xp 00000000 08:06 2759615                    /lib/x86_64-linux-gnu/libnss_compat-2.13.so
7fda64ab6000-7fda64cb5000 ---p 00007000 08:06 2759615                    /lib/x86_64-linux-gnu/libnss_compat-2.13.so
7fda64cb5000-7fda64cb6000 r--p 00006000 08:06 2759615                    /lib/x86_64-linux-gnu/libnss_compat-2.13.so
7fda64cb6000-7fda64cb7000 rw-p 00007000 08:06 2759615                    /lib/x86_64-linux-gnu/libnss_compat-2.13.so
7fda64cb7000-7fda64cdf000 r-xp 00000000 08:06 2884638                    /usr/lib/jvm/java-7-openjdk-amd64/jre/lib/amd64/libjava.so
7fda64cdf000-7fda64edf000 ---p 00028000 08:06 2884638                    /usr/lib/jvm/java-7-openjdk-amd64/jre/lib/amd64/libjava.so
7fda64edf000-7fda64ee1000 rw-p 00028000 08:06 2884638                    /usr/lib/jvm/java-7-openjdk-amd64/jre/lib/amd64/libjava.so
7fda64ee1000-7fda64eef000 r-xp 00000000 08:06 2884671                    /usr/lib/jvm/java-7-openjdk-amd64/jre/lib/amd64/libverify.so
7fda64eef000-7fda650ee000 ---p 0000e000 08:06 2884671                    /usr/lib/jvm/java-7-openjdk-amd64/jre/lib/amd64/libverify.so
7fda650ee000-7fda650f0000 rw-p 0000d000 08:06 2884671                    /usr/lib/jvm/java-7-openjdk-amd64/jre/lib/amd64/libverify.so
7fda650f0000-7fda650f7000 r-xp 00000000 08:06 2759630                    /lib/x86_64-linux-gnu/librt-2.13.so
7fda650f7000-7fda652f6000 ---p 00007000 08:06 2759630                    /lib/x86_64-linux-gnu/librt-2.13.so
7fda652f6000-7fda652f7000 r--p 00006000 08:06 2759630                    /lib/x86_64-linux-gnu/librt-2.13.so
7fda652f7000-7fda652f8000 rw-p 00007000 08:06 2759630                    /lib/x86_64-linux-gnu/librt-2.13.so
7fda652f8000-7fda6530d000 r-xp 00000000 08:06 2757459                    /lib/x86_64-linux-gnu/libgcc_s.so.1
7fda6530d000-7fda6550d000 ---p 00015000 08:06 2757459                    /lib/x86_64-linux-gnu/libgcc_s.so.1
7fda6550d000-7fda6550e000 rw-p 00015000 08:06 2757459                    /lib/x86_64-linux-gnu/libgcc_s.so.1
7fda6550e000-7fda6558f000 r-xp 00000000 08:06 2759617                    /lib/x86_64-linux-gnu/libm-2.13.so
7fda6558f000-7fda6578e000 ---p 00081000 08:06 2759617                    /lib/x86_64-linux-gnu/libm-2.13.so
7fda6578e000-7fda6578f000 r--p 00080000 08:06 2759617                    /lib/x86_64-linux-gnu/libm-2.13.so
7fda6578f000-7fda65790000 rw-p 00081000 08:06 2759617                    /lib/x86_64-linux-gnu/libm-2.13.so
7fda65790000-7fda65875000 r-xp 00000000 08:06 1971743                    /usr/lib/x86_64-linux-gnu/libstdc++.so.6.0.16
7fda65875000-7fda65a75000 ---p 000e5000 08:06 1971743                    /usr/lib/x86_64-linux-gnu/libstdc++.so.6.0.16
7fda65a75000-7fda65a7d000 r--p 000e5000 08:06 1971743                    /usr/lib/x86_64-linux-gnu/libstdc++.so.6.0.16
7fda65a7d000-7fda65a7f000 rw-p 000ed000 08:06 1971743                    /usr/lib/x86_64-linux-gnu/libstdc++.so.6.0.16
7fda65a7f000-7fda65a94000 rw-p 00000000 00:00 0 
7fda65a94000-7fda66418000 r-xp 00000000 08:06 2884646                    /usr/lib/jvm/java-7-openjdk-amd64/jre/lib/amd64/server/libjvm.so
7fda66418000-7fda66617000 ---p 00984000 08:06 2884646                    /usr/lib/jvm/java-7-openjdk-amd64/jre/lib/amd64/server/libjvm.so
7fda66617000-7fda666b0000 rw-p 00983000 08:06 2884646                    /usr/lib/jvm/java-7-openjdk-amd64/jre/lib/amd64/server/libjvm.so
7fda666b0000-7fda666db000 rw-p 00000000 00:00 0 
7fda666db000-7fda66858000 r-xp 00000000 08:06 2757460                    /lib/x86_64-linux-gnu/libc-2.13.so
7fda66858000-7fda66a58000 ---p 0017d000 08:06 2757460                    /lib/x86_64-linux-gnu/libc-2.13.so
7fda66a58000-7fda66a5c000 r--p 0017d000 08:06 2757460                    /lib/x86_64-linux-gnu/libc-2.13.so
7fda66a5c000-7fda66a5d000 rw-p 00181000 08:06 2757460                    /lib/x86_64-linux-gnu/libc-2.13.so
7fda66a5d000-7fda66a62000 rw-p 00000000 00:00 0 
7fda66a62000-7fda66a64000 r-xp 00000000 08:06 2759624                    /lib/x86_64-linux-gnu/libdl-2.13.so
7fda66a64000-7fda66c64000 ---p 00002000 08:06 2759624                    /lib/x86_64-linux-gnu/libdl-2.13.so
7fda66c64000-7fda66c65000 r--p 00002000 08:06 2759624                    /lib/x86_64-linux-gnu/libdl-2.13.so
7fda66c65000-7fda66c66000 rw-p 00003000 08:06 2759624                    /lib/x86_64-linux-gnu/libdl-2.13.so
7fda66c66000-7fda66c7c000 r-xp 00000000 08:06 1966114                    /usr/lib/x86_64-linux-gnu/libz.so.1.2.6
7fda66c7c000-7fda66e7b000 ---p 00016000 08:06 1966114                    /usr/lib/x86_64-linux-gnu/libz.so.1.2.6
7fda66e7b000-7fda66e7c000 rw-p 00015000 08:06 1966114                    /usr/lib/x86_64-linux-gnu/libz.so.1.2.6
7fda66e7c000-7fda66e88000 r-xp 00000000 08:06 2884637                    /usr/lib/jvm/java-7-openjdk-amd64/jre/lib/amd64/jli/libjli.so
7fda66e88000-7fda67088000 ---p 0000c000 08:06 2884637                    /usr/lib/jvm/java-7-openjdk-amd64/jre/lib/amd64/jli/libjli.so
7fda67088000-7fda67089000 rw-p 0000c000 08:06 2884637                    /usr/lib/jvm/java-7-openjdk-amd64/jre/lib/amd64/jli/libjli.so
7fda67089000-7fda670a0000 r-xp 00000000 08:06 2759628                    /lib/x86_64-linux-gnu/libpthread-2.13.so
7fda670a0000-7fda6729f000 ---p 00017000 08:06 2759628                    /lib/x86_64-linux-gnu/libpthread-2.13.so
7fda6729f000-7fda672a0000 r--p 00016000 08:06 2759628                    /lib/x86_64-linux-gnu/libpthread-2.13.so
7fda672a0000-7fda672a1000 rw-p 00017000 08:06 2759628                    /lib/x86_64-linux-gnu/libpthread-2.13.so
7fda672a1000-7fda672a5000 rw-p 00000000 00:00 0 
7fda672a5000-7fda672c4000 r-xp 00000000 08:06 2759632                    /lib/x86_64-linux-gnu/ld-2.13.so
7fda672c4000-7fda672c6000 r--s 00000000 08:06 787205                     /var/cache/fontconfig/e13b20fdb08344e0e664864cc2ede53d-le64.cache-3
7fda672c6000-7fda672c9000 ---p 00000000 00:00 0 
7fda672c9000-7fda672ea000 rw-p 00000000 00:00 0 
7fda672ea000-7fda673a0000 rw-p 00000000 00:00 0 
7fda673a0000-7fda673a3000 ---p 00000000 00:00 0 
7fda673a3000-7fda674a6000 rw-p 00000000 00:00 0 
7fda674a7000-7fda674ab000 r--s 000a0000 08:06 2758213                    /usr/lib/jvm/java-7-openjdk-common/jre/lib/jsse.jar
7fda674ab000-7fda674ac000 rw-s 00005000 00:05 5447                       /dev/ati/card0
7fda674ac000-7fda674ae000 rw-s 00002000 00:05 5447                       /dev/ati/card0
7fda674ae000-7fda674af000 r--p 00000000 00:00 0 
7fda674af000-7fda674b8000 r--s 00263000 08:06 2758218                    /usr/lib/jvm/java-7-openjdk-common/jre/lib/resources.jar
7fda674b8000-7fda674c0000 rw-s 00000000 08:06 1181387                    /tmp/hsperfdata_speedy/5845 (deleted)
7fda674c0000-7fda674c1000 rw-p 00000000 00:00 0 
7fda674c1000-7fda674c2000 ---p 00000000 00:00 0 
7fda674c2000-7fda674c4000 rw-p 00000000 00:00 0 
7fda674c4000-7fda674c5000 r--p 0001f000 08:06 2759632                    /lib/x86_64-linux-gnu/ld-2.13.so
7fda674c5000-7fda674c6000 rw-p 00020000 08:06 2759632                    /lib/x86_64-linux-gnu/ld-2.13.so
7fda674c6000-7fda674c7000 rw-p 00000000 00:00 0 
7fff8798a000-7fff879ab000 rw-p 00000000 00:00 0                          [stack]
7fff879cd000-7fff879ce000 r-xp 00000000 00:00 0                          [vdso]
ffffffffff600000-ffffffffff601000 r-xp 00000000 00:00 0                  [vsyscall]

VM Arguments:
jvm_args: -Dfile.encoding=UTF-8 -Djava.library.path=/home/speedy/Programming/Libraries/Java/slick/native/linux 
java_command: prehistoricreactivation.PrehistoricReactivation
Launcher Type: SUN_STANDARD

Environment Variables:
PATH=/usr/local/bin:/usr/bin:/bin:/usr/bin/X11:/usr/games:/sbin/:/usr/sbin/:/usr/local/sbin/:/sbin:/usr/sbin:/usr/local/sbin
USERNAME=speedy
SHELL=/bin/bash
DISPLAY=:0.0

Signal Handlers:
SIGSEGV: [libjvm.so+0x7fa760], sa_mask[0]=0x7ffbfeff, sa_flags=0x10000004
SIGBUS: [libjvm.so+0x7fa760], sa_mask[0]=0x7ffbfeff, sa_flags=0x10000004
SIGFPE: [libjvm.so+0x69f9f0], sa_mask[0]=0x7ffbfeff, sa_flags=0x10000004
SIGPIPE: [libjvm.so+0x69f9f0], sa_mask[0]=0x7ffbfeff, sa_flags=0x10000004
SIGXFSZ: [libjvm.so+0x69f9f0], sa_mask[0]=0x7ffbfeff, sa_flags=0x10000004
SIGILL: [libjvm.so+0x69f9f0], sa_mask[0]=0x7ffbfeff, sa_flags=0x10000004
SIGUSR1: SIG_DFL, sa_mask[0]=0x00000000, sa_flags=0x00000000
SIGUSR2: [libjvm.so+0x69fd70], sa_mask[0]=0x00000004, sa_flags=0x10000004
SIGHUP: [libjvm.so+0x69feb0], sa_mask[0]=0x7ffbfeff, sa_flags=0x10000004
SIGINT: SIG_IGN, sa_mask[0]=0x00000000, sa_flags=0x00000000
SIGTERM: [libjvm.so+0x69feb0], sa_mask[0]=0x7ffbfeff, sa_flags=0x10000004
SIGQUIT: [libjvm.so+0x69feb0], sa_mask[0]=0x7ffbfeff, sa_flags=0x10000004


---------------  S Y S T E M  ---------------

OS:wheezy/sid

uname:Linux 3.2.0-1-amd64 #1 SMP Fri Feb 17 05:17:36 UTC 2012 x86_64
libc:glibc 2.13 NPTL 2.13 
rlimit: STACK 8192k, CORE 0k, NPROC 30484, NOFILE 4096, AS infinity
load average:0.68 0.48 0.43

/proc/meminfo:
MemTotal:        3913988 kB
MemFree:          147616 kB
Buffers:          110236 kB
Cached:          1182284 kB
SwapCached:          120 kB
Active:          2415988 kB
Inactive:        1039272 kB
Active(anon):    1776604 kB
Inactive(anon):   409868 kB
Active(file):     639384 kB
Inactive(file):   629404 kB
Unevictable:          16 kB
Mlocked:              16 kB
SwapTotal:      12280828 kB
SwapFree:       12278356 kB
Dirty:               360 kB
Writeback:             0 kB
AnonPages:       2162700 kB
Mapped:           196700 kB
Shmem:             23732 kB
Slab:             114744 kB
SReclaimable:      85480 kB
SUnreclaim:        29264 kB
KernelStack:        3744 kB
PageTables:        33588 kB
NFS_Unstable:          0 kB
Bounce:                0 kB
WritebackTmp:          0 kB
CommitLimit:    14237820 kB
Committed_AS:    4071300 kB
VmallocTotal:   34359738367 kB
VmallocUsed:      106436 kB
VmallocChunk:   34359629820 kB
HardwareCorrupted:     0 kB
AnonHugePages:         0 kB
HugePages_Total:       0
HugePages_Free:        0
HugePages_Rsvd:        0
HugePages_Surp:        0
Hugepagesize:       2048 kB
DirectMap4k:      496112 kB
DirectMap2M:     3549184 kB


CPU:total 4 (2 cores per cpu, 2 threads per core) family 6 model 37 stepping 2, cmov, cx8, fxsr, mmx, sse, sse2, sse3, ssse3, sse4.1, sse4.2, popcnt, ht

Memory: 4k page, physical 3913988k(147616k free), swap 12280828k(12278356k free)

vm_info: OpenJDK 64-Bit Server VM (21.0-b17) for linux-amd64 JRE (1.7.0_147-b147), built on Oct 20 2011 18:07:37 by "pbuilder" with gcc 4.6.1

time: Tue Mar 20 00:15:11 2012
elapsed time: 44 seconds

