#
# A fatal error has been detected by the Java Runtime Environment:
#
#  SIGSEGV (0xb) at pc=0x00007fecf345af58, pid=5143, tid=140655758665472
#
# JRE version: 7.0_147-b147
# Java VM: OpenJDK 64-Bit Server VM (21.0-b17 mixed mode linux-amd64 compressed oops)
# Derivative: IcedTea7 2.0
# Distribution: Debian GNU/Linux unstable (sid), package 7~b147-2.0-1
# Problematic frame:
# C  [libX11.so.6+0x3cf58]  XQueryExtension+0x28
#
# Failed to write core dump. Core dumps have been disabled. To enable core dumping, try "ulimit -c unlimited" before starting Java again
#
# If you would like to submit a bug report, please include
# instructions on how to reproduce the bug and visit:
#   http://icedtea.classpath.org/bugzilla
#

---------------  T H R E A D  ---------------

Current thread (0x00007fecf4085800):  VMThread [stack: 0x00007fecf877e000,0x00007fecf887f000] [id=5153]

siginfo:si_signo=SIGSEGV: si_errno=0, si_code=1 (SEGV_MAPERR), si_addr=0xfffffffff437ff38

Registers:
RAX=0x0000000001ad02f0, RBX=0xfffffffff437f5d0, RCX=0x00007fecf887d708, RDX=0x00007fecf887d704
RSP=0x00007fecf887d6a0, RBP=0x00007feceb4b6872, RSI=0x00007feceb4b6872, RDI=0xfffffffff437f5d0
R8 =0x00007fecf887d70c, R9 =0x0000000000000000, R10=0x00007fecfef75768, R11=0x00007fecfec280d0
R12=0x00007fecf887d704, R13=0x00007feceb4b6872, R14=0x0000000001ad02f0, R15=0x0000000000000000
RIP=0x00007fecf345af58, EFLAGS=0x0000000000010206, CSGSFS=0x0000000000000033, ERR=0x0000000000000005
  TRAPNO=0x000000000000000e

Top of Stack: (sp=0x00007fecf887d6a0)
0x00007fecf887d6a0:   0000000000000020 00007fecff7d1f72
0x00007fecf887d6b0:   00007fecfebff5c8 00007fecff9ba000
0x00007fecf887d6c0:   00007fecfebff5c8 fffffffff437f5d0
0x00007fecf887d6d0:   00007feceb4b6872 0000000000000000
0x00007fecf887d6e0:   00007feceb4b6872 0000000001ad02f0
0x00007fecf887d6f0:   0000000000000000 00007fecf344e905
0x00007fecf887d700:   00007fecf437ed70 00007feceb5ef3e0
0x00007fecf887d710:   00007feceb5ef3e0 fffffffff437f5d0
0x00007fecf887d720:   00007fecf43e0770 00007fecf376bb8b
0x00007fecf887d730:   0000000100000005 00000011febff5c8
0x00007fecf887d740:   00007fecf887d7c0 0000000000000000
0x00007fecf887d750:   00007fecf887d7c0 fffffffff437f5d0
0x00007fecf887d760:   00007fecff9db048 00007fecf437ed70
0x00007fecf887d770:   00007feceb608bd0 00007feceb45d0b9
0x00007fecf887d780:   0000000000000000 0000000000000055
0x00007fecf887d790:   00007fecf887d7c0 0000000000000000
0x00007fecf887d7a0:   00007fecff9db048 00007fecf437ed70
0x00007fecf887d7b0:   0000000000000034 00007feceb453ad2
0x00007fecf887d7c0:   00007fecf887db10 00007feceb4b67f1
0x00007fecf887d7d0:   00007fecf887db10 00007fecff7c923c
0x00007fecf887d7e0:   00007fecff9dc1c8 00007fecff9dc758
0x00007fecf887d7f0:   00007fecff9bb000 0000000001ac3e80
0x00007fecf887d800:   0000000001ac4940 0000000001ac4330
0x00007fecf887d810:   0000000001ac4e40 0000000001ac9af0
0x00007fecf887d820:   00007fecf4377bc0 00007fecf4376d80
0x00007fecf887d830:   00007fecf42754b0 00007fecf427c0c0
0x00007fecf887d840:   00007fecf42846a0 00007fecf4287740
0x00007fecf887d850:   00007fecf4284170 00007fecf4283750
0x00007fecf887d860:   00007fecf4286c20 00007fecf4286710
0x00007fecf887d870:   00007fecf4283c60 00007fecf42871b0
0x00007fecf887d880:   00007fecf42822f0 00007fecf4282810
0x00007fecf887d890:   00007fecf4283240 00007fecf4282d20 

Instructions: (pc=0x00007fecf345af58)
0x00007fecf345af38:   24 d8 48 89 fb 4c 89 64 24 e0 4c 89 6c 24 e8 49
0x00007fecf345af48:   89 d4 4c 89 74 24 f0 4c 89 7c 24 f8 48 83 ec 58
0x00007fecf345af58:   48 8b 87 68 09 00 00 49 89 f5 48 89 cd 4d 89 c6
0x00007fecf345af68:   48 85 c0 74 02 ff 10 4c 8b bb b0 00 00 00 49 8d 

Register to memory mapping:

RAX=0x0000000001ad02f0 is an unknown value
RBX=0xfffffffff437f5d0 is an unknown value
RCX=0x00007fecf887d708 is an unknown value
RDX=0x00007fecf887d704 is an unknown value
RSP=0x00007fecf887d6a0 is an unknown value
RBP=0x00007feceb4b6872: <offset 0x96872> in /usr/lib/libGL.so.1 at 0x00007feceb420000
RSI=0x00007feceb4b6872: <offset 0x96872> in /usr/lib/libGL.so.1 at 0x00007feceb420000
RDI=0xfffffffff437f5d0 is an unknown value
R8 =0x00007fecf887d70c is an unknown value
R9 =0x0000000000000000 is an unknown value
R10=0x00007fecfef75768: <offset 0x384768> in /lib/x86_64-linux-gnu/libc.so.6 at 0x00007fecfebf1000
R11=0x00007fecfec280d0: __cxa_finalize+0 in /lib/x86_64-linux-gnu/libc.so.6 at 0x00007fecfebf1000
R12=0x00007fecf887d704 is an unknown value
R13=0x00007feceb4b6872: <offset 0x96872> in /usr/lib/libGL.so.1 at 0x00007feceb420000
R14=0x0000000001ad02f0 is an unknown value
R15=0x0000000000000000 is an unknown value


Stack: [0x00007fecf877e000,0x00007fecf887f000],  sp=0x00007fecf887d6a0,  free space=1021k
Native frames: (J=compiled Java code, j=interpreted, Vv=VM code, C=native code)
C  [libX11.so.6+0x3cf58]  XQueryExtension+0x28

VM_Operation (0x00007fecff9b5660): Exit, mode: safepoint, requested by thread 0x0000000001ac5800


---------------  P R O C E S S  ---------------

Java Threads: ( => current thread )
  0x00007fecf49b8000 JavaThread "Thread-1" daemon [_thread_blocked, id=5168, stack(0x00007fece81df000,0x00007fece82e0000)]
  0x00007fecf4375800 JavaThread "process reaper" daemon [_thread_blocked, id=5164, stack(0x00007fecebcb5000,0x00007fecebccf000)]
  0x00007fecf435d000 JavaThread "AWT-XAWT" daemon [_thread_blocked, id=5162, stack(0x00007fecebccf000,0x00007fecebdd0000)]
  0x00007fecf4322000 JavaThread "Java2D Disposer" daemon [_thread_blocked, id=5161, stack(0x00007fecebdd0000,0x00007fecebed1000)]
  0x00007fecf40ef000 JavaThread "Service Thread" daemon [_thread_blocked, id=5159, stack(0x00007fecf8001000,0x00007fecf8102000)]
  0x00007fecf40ec800 JavaThread "C2 CompilerThread1" daemon [_thread_blocked, id=5158, stack(0x00007fecf8102000,0x00007fecf8203000)]
  0x00007fecf40e9000 JavaThread "C2 CompilerThread0" daemon [_thread_blocked, id=5157, stack(0x00007fecf8203000,0x00007fecf8304000)]
  0x00007fecf40e7000 JavaThread "Signal Dispatcher" daemon [_thread_blocked, id=5156, stack(0x00007fecf8304000,0x00007fecf8405000)]
  0x00007fecf4090000 JavaThread "Finalizer" daemon [_thread_blocked, id=5155, stack(0x00007fecf857c000,0x00007fecf867d000)]
  0x00007fecf408d800 JavaThread "Reference Handler" daemon [_thread_blocked, id=5154, stack(0x00007fecf867d000,0x00007fecf877e000)]
  0x0000000001ac5800 JavaThread "main" [_thread_blocked, id=5146, stack(0x00007fecff8b6000,0x00007fecff9b7000)]

Other Threads:
=>0x00007fecf4085800 VMThread [stack: 0x00007fecf877e000,0x00007fecf887f000] [id=5153]

VM state:at safepoint (shutting down)

VM Mutex/Monitor currently owned by a thread:  ([mutex/lock_event])
[0x0000000001ac2250] Threads_lock - owner thread: 0x00007fecf4085800

Heap
 PSYoungGen      total 17856K, used 12570K [0x00000000ec160000, 0x00000000ed540000, 0x0000000100000000)
  eden space 15360K, 81% used [0x00000000ec160000,0x00000000ecda6978,0x00000000ed060000)
  from space 2496K, 0% used [0x00000000ed2d0000,0x00000000ed2d0000,0x00000000ed540000)
  to   space 2496K, 0% used [0x00000000ed060000,0x00000000ed060000,0x00000000ed2d0000)
 PSOldGen        total 40832K, used 0K [0x00000000c4400000, 0x00000000c6be0000, 0x00000000ec160000)
  object space 40832K, 0% used [0x00000000c4400000,0x00000000c4400000,0x00000000c6be0000)
 PSPermGen       total 21248K, used 9896K [0x00000000b9e00000, 0x00000000bb2c0000, 0x00000000c4400000)
  object space 21248K, 46% used [0x00000000b9e00000,0x00000000ba7aa160,0x00000000bb2c0000)

Code Cache  [0x00007fecf978e000, 0x00007fecf99fe000, 0x00007fecfc78e000)
 total_blobs=580 nmethods=98 adapters=435 free_code_cache=48443Kb largest_free_block=49590080

Dynamic libraries:
00400000-00401000 r-xp 00000000 08:06 2884677                            /usr/lib/jvm/java-7-openjdk-amd64/jre/bin/java
00600000-00601000 rw-p 00000000 08:06 2884677                            /usr/lib/jvm/java-7-openjdk-amd64/jre/bin/java
01aba000-01f1e000 rw-p 00000000 00:00 0                                  [heap]
b9e00000-bb2c0000 rw-p 00000000 00:00 0 
bb2c0000-c4400000 rw-p 00000000 00:00 0 
c4400000-c6be0000 rw-p 00000000 00:00 0 
c6be0000-ec160000 rw-p 00000000 00:00 0 
ec160000-ed540000 rw-p 00000000 00:00 0 
ed540000-100000000 rw-p 00000000 00:00 0 
7fece7254000-7fece7555000 rw-p 00000000 00:00 0 
7fece7616000-7fece76d7000 rw-p 00000000 00:00 0 
7fece7858000-7fece79d9000 rw-p 00000000 00:00 0 
7fece7ad8000-7fece7adb000 ---p 00000000 00:00 0 
7fece7adb000-7fece7bd9000 rw-p 00000000 00:00 0 
7fece7bd9000-7fece7bdc000 ---p 00000000 00:00 0 
7fece7bdc000-7fece7fdb000 rw-p 00000000 00:00 0 
7fece7fdb000-7fece7fde000 r-xp 00000000 08:07 3555793                    /home/speedy/Programming/Libraries/Java/slick/native/linux/libjinput-linux64.so
7fece7fde000-7fece81dd000 ---p 00003000 08:07 3555793                    /home/speedy/Programming/Libraries/Java/slick/native/linux/libjinput-linux64.so
7fece81dd000-7fece81de000 r--p 00002000 08:07 3555793                    /home/speedy/Programming/Libraries/Java/slick/native/linux/libjinput-linux64.so
7fece81de000-7fece81df000 rw-p 00003000 08:07 3555793                    /home/speedy/Programming/Libraries/Java/slick/native/linux/libjinput-linux64.so
7fece81df000-7fece81e2000 ---p 00000000 00:00 0 
7fece81e2000-7fece82e0000 rw-p 00000000 00:00 0 
7fece8320000-7fece8367000 rw-p 00000000 00:00 0 
7fece8367000-7fece8a67000 rw-s 00006000 00:05 5447                       /dev/ati/card0
7fece8a67000-7fece8b67000 rw-p 00000000 00:00 0 
7fece8b67000-7fece8ba2000 r-xp 00000000 08:06 1709772                    /usr/lib/libatiadlxx.so
7fece8ba2000-7fece8ca1000 ---p 0003b000 08:06 1709772                    /usr/lib/libatiadlxx.so
7fece8ca1000-7fece8caa000 rw-p 0003a000 08:06 1709772                    /usr/lib/libatiadlxx.so
7fece8caa000-7fece8cbb000 rw-p 00000000 00:00 0 
7fece8cd7000-7fece8cf7000 rw-s f0020000 00:05 5447                       /dev/ati/card0
7fece8cf7000-7fece8cfe000 r-xp 00000000 08:06 1709776                    /usr/lib/libatiuki.so.1.0
7fece8cfe000-7fece8dfe000 ---p 00007000 08:06 1709776                    /usr/lib/libatiuki.so.1.0
7fece8dfe000-7fece8dff000 rw-p 00007000 08:06 1709776                    /usr/lib/libatiuki.so.1.0
7fece8dff000-7fece8e00000 rw-p 00000000 00:00 0 
7fece8e00000-7feceac73000 r-xp 00000000 08:06 1709779                    /usr/lib/dri/fglrx_dri.so
7feceac73000-7fecead72000 ---p 01e73000 08:06 1709779                    /usr/lib/dri/fglrx_dri.so
7fecead72000-7feceaea4000 rwxp 01e72000 08:06 1709779                    /usr/lib/dri/fglrx_dri.so
7feceaea4000-7feceafc8000 rwxp 00000000 00:00 0 
7feceafc8000-7feceaff9000 rw-p 00000000 00:00 0 
7feceaff9000-7feceb00e000 r-xp 00000000 08:06 2884657                    /usr/lib/jvm/java-7-openjdk-amd64/jre/lib/amd64/libnet.so
7feceb00e000-7feceb20e000 ---p 00015000 08:06 2884657                    /usr/lib/jvm/java-7-openjdk-amd64/jre/lib/amd64/libnet.so
7feceb20e000-7feceb20f000 rw-p 00015000 08:06 2884657                    /usr/lib/jvm/java-7-openjdk-amd64/jre/lib/amd64/libnet.so
7feceb20f000-7feceb21f000 r-xp 00000000 08:06 2884641                    /usr/lib/jvm/java-7-openjdk-amd64/jre/lib/amd64/libnio.so
7feceb21f000-7feceb41f000 ---p 00010000 08:06 2884641                    /usr/lib/jvm/java-7-openjdk-amd64/jre/lib/amd64/libnio.so
7feceb41f000-7feceb420000 rw-p 00010000 08:06 2884641                    /usr/lib/jvm/java-7-openjdk-amd64/jre/lib/amd64/libnio.so
7feceb420000-7feceb4e3000 r-xp 00000000 08:06 2490543                    /usr/lib/fglrx/fglrx-libGL.so.1.2
7feceb4e3000-7feceb5e2000 ---p 000c3000 08:06 2490543                    /usr/lib/fglrx/fglrx-libGL.so.1.2
7feceb5e2000-7feceb609000 rwxp 000c2000 08:06 2490543                    /usr/lib/fglrx/fglrx-libGL.so.1.2
7feceb609000-7feceb629000 rwxp 00000000 00:00 0 
7feceb629000-7feceb62e000 r-xp 00000000 08:06 1979605                    /usr/lib/x86_64-linux-gnu/libXxf86vm.so.1.0.0
7feceb62e000-7feceb82d000 ---p 00005000 08:06 1979605                    /usr/lib/x86_64-linux-gnu/libXxf86vm.so.1.0.0
7feceb82d000-7feceb82e000 rw-p 00004000 08:06 1979605                    /usr/lib/x86_64-linux-gnu/libXxf86vm.so.1.0.0
7feceb84a000-7feceb8b1000 r-xp 00000000 08:07 3555791                    /home/speedy/Programming/Libraries/Java/slick/native/linux/liblwjgl64.so
7feceb8b1000-7fecebab1000 ---p 00067000 08:07 3555791                    /home/speedy/Programming/Libraries/Java/slick/native/linux/liblwjgl64.so
7fecebab1000-7fecebab3000 r--p 00067000 08:07 3555791                    /home/speedy/Programming/Libraries/Java/slick/native/linux/liblwjgl64.so
7fecebab3000-7fecebab4000 rw-p 00069000 08:07 3555791                    /home/speedy/Programming/Libraries/Java/slick/native/linux/liblwjgl64.so
7fecebab4000-7fecebab5000 r-xp 00000000 08:06 2884649                    /usr/lib/jvm/java-7-openjdk-amd64/jre/lib/amd64/libjawt.so
7fecebab5000-7fecebcb4000 ---p 00001000 08:06 2884649                    /usr/lib/jvm/java-7-openjdk-amd64/jre/lib/amd64/libjawt.so
7fecebcb4000-7fecebcb5000 rw-p 00000000 08:06 2884649                    /usr/lib/jvm/java-7-openjdk-amd64/jre/lib/amd64/libjawt.so
7fecebcb5000-7fecebcb8000 ---p 00000000 00:00 0 
7fecebcb8000-7fecebccf000 rw-p 00000000 00:00 0 
7fecebccf000-7fecebcd2000 ---p 00000000 00:00 0 
7fecebcd2000-7fecebdd0000 rw-p 00000000 00:00 0 
7fecebdd0000-7fecebdd3000 ---p 00000000 00:00 0 
7fecebdd3000-7fecebed1000 rw-p 00000000 00:00 0 
7fecebed1000-7fecebf14000 r-xp 00000000 08:06 2752607                    /lib/x86_64-linux-gnu/libdbus-1.so.3.5.8
7fecebf14000-7fecec113000 ---p 00043000 08:06 2752607                    /lib/x86_64-linux-gnu/libdbus-1.so.3.5.8
7fecec113000-7fecec115000 r--p 00042000 08:06 2752607                    /lib/x86_64-linux-gnu/libdbus-1.so.3.5.8
7fecec115000-7fecec116000 rw-p 00044000 08:06 2752607                    /lib/x86_64-linux-gnu/libdbus-1.so.3.5.8
7fecec116000-7fecec119000 r-xp 00000000 08:06 2757703                    /lib/x86_64-linux-gnu/libgpg-error.so.0.8.0
7fecec119000-7fecec318000 ---p 00003000 08:06 2757703                    /lib/x86_64-linux-gnu/libgpg-error.so.0.8.0
7fecec318000-7fecec319000 rw-p 00002000 08:06 2757703                    /lib/x86_64-linux-gnu/libgpg-error.so.0.8.0
7fecec319000-7fecec32a000 r-xp 00000000 08:06 1970821                    /usr/lib/x86_64-linux-gnu/libp11-kit.so.0.0.0
7fecec32a000-7fecec52a000 ---p 00011000 08:06 1970821                    /usr/lib/x86_64-linux-gnu/libp11-kit.so.0.0.0
7fecec52a000-7fecec52b000 rw-p 00011000 08:06 1970821                    /usr/lib/x86_64-linux-gnu/libp11-kit.so.0.0.0
7fecec52b000-7fecec53b000 r-xp 00000000 08:06 1971812                    /usr/lib/x86_64-linux-gnu/libtasn1.so.3.1.13
7fecec53b000-7fecec73a000 ---p 00010000 08:06 1971812                    /usr/lib/x86_64-linux-gnu/libtasn1.so.3.1.13
7fecec73a000-7fecec73b000 rw-p 0000f000 08:06 1971812                    /usr/lib/x86_64-linux-gnu/libtasn1.so.3.1.13
7fecec73b000-7fecec73e000 r-xp 00000000 08:06 2752833                    /lib/x86_64-linux-gnu/libkeyutils.so.1.4
7fecec73e000-7fecec93d000 ---p 00003000 08:06 2752833                    /lib/x86_64-linux-gnu/libkeyutils.so.1.4
7fecec93d000-7fecec93e000 rw-p 00002000 08:06 2752833                    /lib/x86_64-linux-gnu/libkeyutils.so.1.4
7fecec93e000-7fecec946000 r-xp 00000000 08:06 1968160                    /usr/lib/x86_64-linux-gnu/libkrb5support.so.0.1
7fecec946000-7fececb45000 ---p 00008000 08:06 1968160                    /usr/lib/x86_64-linux-gnu/libkrb5support.so.0.1
7fececb45000-7fececb46000 r--p 00007000 08:06 1968160                    /usr/lib/x86_64-linux-gnu/libkrb5support.so.0.1
7fececb46000-7fececb47000 rw-p 00008000 08:06 1968160                    /usr/lib/x86_64-linux-gnu/libkrb5support.so.0.1
7fececb47000-7fececb4c000 r-xp 00000000 08:06 1970246                    /usr/lib/x86_64-linux-gnu/libXdmcp.so.6.0.0
7fececb4c000-7fececd4b000 ---p 00005000 08:06 1970246                    /usr/lib/x86_64-linux-gnu/libXdmcp.so.6.0.0
7fececd4b000-7fececd4c000 r--p 00004000 08:06 1970246                    /usr/lib/x86_64-linux-gnu/libXdmcp.so.6.0.0
7fececd4c000-7fececd4d000 rw-p 00005000 08:06 1970246                    /usr/lib/x86_64-linux-gnu/libXdmcp.so.6.0.0
7fececd4d000-7fececd4f000 r-xp 00000000 08:06 1968899                    /usr/lib/x86_64-linux-gnu/libXau.so.6.0.0
7fececd4f000-7fececf4e000 ---p 00002000 08:06 1968899                    /usr/lib/x86_64-linux-gnu/libXau.so.6.0.0
7fececf4e000-7fececf4f000 r--p 00001000 08:06 1968899                    /usr/lib/x86_64-linux-gnu/libXau.so.6.0.0
7fececf4f000-7fececf50000 rw-p 00002000 08:06 1968899                    /usr/lib/x86_64-linux-gnu/libXau.so.6.0.0
7fececf50000-7fececf60000 r-xp 00000000 08:06 1968913                    /usr/lib/x86_64-linux-gnu/libavahi-client.so.3.2.9
7fececf60000-7feced160000 ---p 00010000 08:06 1968913                    /usr/lib/x86_64-linux-gnu/libavahi-client.so.3.2.9
7feced160000-7feced161000 r--p 00010000 08:06 1968913                    /usr/lib/x86_64-linux-gnu/libavahi-client.so.3.2.9
7feced161000-7feced162000 rw-p 00011000 08:06 1968913                    /usr/lib/x86_64-linux-gnu/libavahi-client.so.3.2.9
7feced162000-7feced16e000 r-xp 00000000 08:06 1968902                    /usr/lib/x86_64-linux-gnu/libavahi-common.so.3.5.3
7feced16e000-7feced36d000 ---p 0000c000 08:06 1968902                    /usr/lib/x86_64-linux-gnu/libavahi-common.so.3.5.3
7feced36d000-7feced36e000 r--p 0000b000 08:06 1968902                    /usr/lib/x86_64-linux-gnu/libavahi-common.so.3.5.3
7feced36e000-7feced36f000 rw-p 0000c000 08:06 1968902                    /usr/lib/x86_64-linux-gnu/libavahi-common.so.3.5.3
7feced36f000-7feced3e9000 r-xp 00000000 08:06 2752831                    /lib/x86_64-linux-gnu/libgcrypt.so.11.7.0
7feced3e9000-7feced5e9000 ---p 0007a000 08:06 2752831                    /lib/x86_64-linux-gnu/libgcrypt.so.11.7.0
7feced5e9000-7feced5ed000 rw-p 0007a000 08:06 2752831                    /lib/x86_64-linux-gnu/libgcrypt.so.11.7.0
7feced5ed000-7feced6a5000 r-xp 00000000 08:06 1971262                    /usr/lib/x86_64-linux-gnu/libgnutls.so.26.21.9
7feced6a5000-7feced8a4000 ---p 000b8000 08:06 1971262                    /usr/lib/x86_64-linux-gnu/libgnutls.so.26.21.9
7feced8a4000-7feced8ac000 rw-p 000b7000 08:06 1971262                    /usr/lib/x86_64-linux-gnu/libgnutls.so.26.21.9
7feced8ac000-7feced8af000 r-xp 00000000 08:06 2752559                    /lib/x86_64-linux-gnu/libcom_err.so.2.1
7feced8af000-7fecedaae000 ---p 00003000 08:06 2752559                    /lib/x86_64-linux-gnu/libcom_err.so.2.1
7fecedaae000-7fecedaaf000 r--p 00002000 08:06 2752559                    /lib/x86_64-linux-gnu/libcom_err.so.2.1
7fecedaaf000-7fecedab0000 rw-p 00003000 08:06 2752559                    /lib/x86_64-linux-gnu/libcom_err.so.2.1
7fecedab0000-7fecedad6000 r-xp 00000000 08:06 1968166                    /usr/lib/x86_64-linux-gnu/libk5crypto.so.3.1
7fecedad6000-7fecedcd6000 ---p 00026000 08:06 1968166                    /usr/lib/x86_64-linux-gnu/libk5crypto.so.3.1
7fecedcd6000-7fecedcd7000 r--p 00026000 08:06 1968166                    /usr/lib/x86_64-linux-gnu/libk5crypto.so.3.1
7fecedcd7000-7fecedcd8000 rw-p 00027000 08:06 1968166                    /usr/lib/x86_64-linux-gnu/libk5crypto.so.3.1
7fecedcd8000-7fecedcd9000 rw-p 00000000 00:00 0 
7fecedcd9000-7fecedda2000 r-xp 00000000 08:06 1968156                    /usr/lib/x86_64-linux-gnu/libkrb5.so.3.3
7fecedda2000-7fecedfa1000 ---p 000c9000 08:06 1968156                    /usr/lib/x86_64-linux-gnu/libkrb5.so.3.3
7fecedfa1000-7fecedfab000 r--p 000c8000 08:06 1968156                    /usr/lib/x86_64-linux-gnu/libkrb5.so.3.3
7fecedfab000-7fecedfad000 rw-p 000d2000 08:06 1968156                    /usr/lib/x86_64-linux-gnu/libkrb5.so.3.3
7fecedfad000-7fecedfe9000 r-xp 00000000 08:06 1972194                    /usr/lib/x86_64-linux-gnu/libgssapi_krb5.so.2.2
7fecedfe9000-7fecee1e9000 ---p 0003c000 08:06 1972194                    /usr/lib/x86_64-linux-gnu/libgssapi_krb5.so.2.2
7fecee1e9000-7fecee1ea000 r--p 0003c000 08:06 1972194                    /usr/lib/x86_64-linux-gnu/libgssapi_krb5.so.2.2
7fecee1ea000-7fecee1ec000 rw-p 0003d000 08:06 1972194                    /usr/lib/x86_64-linux-gnu/libgssapi_krb5.so.2.2
7fecee1ec000-7fecee228000 r-xp 00000000 08:06 2755932                    /lib/x86_64-linux-gnu/libpcre.so.3.12.1
7fecee228000-7fecee427000 ---p 0003c000 08:06 2755932                    /lib/x86_64-linux-gnu/libpcre.so.3.12.1
7fecee427000-7fecee428000 rw-p 0003b000 08:06 2755932                    /lib/x86_64-linux-gnu/libpcre.so.3.12.1
7fecee428000-7fecee434000 r-xp 00000000 08:06 1971731                    /usr/lib/x86_64-linux-gnu/libffi.so.5.0.10
7fecee434000-7fecee634000 ---p 0000c000 08:06 1971731                    /usr/lib/x86_64-linux-gnu/libffi.so.5.0.10
7fecee634000-7fecee635000 rw-p 0000c000 08:06 1971731                    /usr/lib/x86_64-linux-gnu/libffi.so.5.0.10
7fecee635000-7fecee65c000 r-xp 00000000 08:06 2752609                    /lib/x86_64-linux-gnu/libexpat.so.1.5.2
7fecee65c000-7fecee85c000 ---p 00027000 08:06 2752609                    /lib/x86_64-linux-gnu/libexpat.so.1.5.2
7fecee85c000-7fecee85e000 rw-p 00027000 08:06 2752609                    /lib/x86_64-linux-gnu/libexpat.so.1.5.2
7fecee85e000-7fecee866000 r-xp 00000000 08:06 1970251                    /usr/lib/x86_64-linux-gnu/libxcb-render.so.0.0.0
7fecee866000-7feceea66000 ---p 00008000 08:06 1970251                    /usr/lib/x86_64-linux-gnu/libxcb-render.so.0.0.0
7feceea66000-7feceea67000 r--p 00008000 08:06 1970251                    /usr/lib/x86_64-linux-gnu/libxcb-render.so.0.0.0
7feceea67000-7feceea68000 rw-p 00009000 08:06 1970251                    /usr/lib/x86_64-linux-gnu/libxcb-render.so.0.0.0
7feceea68000-7feceea6a000 r-xp 00000000 08:06 1968101                    /usr/lib/x86_64-linux-gnu/libxcb-shm.so.0.0.0
7feceea6a000-7feceec69000 ---p 00002000 08:06 1968101                    /usr/lib/x86_64-linux-gnu/libxcb-shm.so.0.0.0
7feceec69000-7feceec6a000 r--p 00001000 08:06 1968101                    /usr/lib/x86_64-linux-gnu/libxcb-shm.so.0.0.0
7feceec6a000-7feceec6b000 rw-p 00002000 08:06 1968101                    /usr/lib/x86_64-linux-gnu/libxcb-shm.so.0.0.0
7feceec6b000-7feceeced000 r-xp 00000000 08:06 1969187                    /usr/lib/x86_64-linux-gnu/libpixman-1.so.0.24.4
7feceeced000-7feceeeec000 ---p 00082000 08:06 1969187                    /usr/lib/x86_64-linux-gnu/libpixman-1.so.0.24.4
7feceeeec000-7feceeef2000 rw-p 00081000 08:06 1969187                    /usr/lib/x86_64-linux-gnu/libpixman-1.so.0.24.4
7feceeef2000-7feceef19000 r-xp 00000000 08:06 2752837                    /lib/x86_64-linux-gnu/libpng12.so.0.47.0
7feceef19000-7fecef118000 ---p 00027000 08:06 2752837                    /lib/x86_64-linux-gnu/libpng12.so.0.47.0
7fecef118000-7fecef119000 r--p 00026000 08:06 2752837                    /lib/x86_64-linux-gnu/libpng12.so.0.47.0
7fecef119000-7fecef11a000 rw-p 00027000 08:06 2752837                    /lib/x86_64-linux-gnu/libpng12.so.0.47.0
7fecef11a000-7fecef12d000 r-xp 00000000 08:06 2759611                    /lib/x86_64-linux-gnu/libresolv-2.13.so
7fecef12d000-7fecef32c000 ---p 00013000 08:06 2759611                    /lib/x86_64-linux-gnu/libresolv-2.13.so
7fecef32c000-7fecef32d000 r--p 00012000 08:06 2759611                    /lib/x86_64-linux-gnu/libresolv-2.13.so
7fecef32d000-7fecef32e000 rw-p 00013000 08:06 2759611                    /lib/x86_64-linux-gnu/libresolv-2.13.so
7fecef32e000-7fecef330000 rw-p 00000000 00:00 0 
7fecef330000-7fecef34e000 r-xp 00000000 08:06 2752578                    /lib/x86_64-linux-gnu/libselinux.so.1
7fecef34e000-7fecef54d000 ---p 0001e000 08:06 2752578                    /lib/x86_64-linux-gnu/libselinux.so.1
7fecef54d000-7fecef54e000 r--p 0001d000 08:06 2752578                    /lib/x86_64-linux-gnu/libselinux.so.1
7fecef54e000-7fecef54f000 rw-p 0001e000 08:06 2752578                    /lib/x86_64-linux-gnu/libselinux.so.1
7fecef54f000-7fecef550000 rw-p 00000000 00:00 0 
7fecef550000-7fecef559000 r-xp 00000000 08:06 1969986                    /usr/lib/x86_64-linux-gnu/libXcursor.so.1.0.2
7fecef559000-7fecef759000 ---p 00009000 08:06 1969986                    /usr/lib/x86_64-linux-gnu/libXcursor.so.1.0.2
7fecef759000-7fecef75a000 rw-p 00009000 08:06 1969986                    /usr/lib/x86_64-linux-gnu/libXcursor.so.1.0.2
7fecef75a000-7fecef762000 r-xp 00000000 08:06 1969068                    /usr/lib/x86_64-linux-gnu/libXrandr.so.2.2.0
7fecef762000-7fecef961000 ---p 00008000 08:06 1969068                    /usr/lib/x86_64-linux-gnu/libXrandr.so.2.2.0
7fecef961000-7fecef962000 rw-p 00007000 08:06 1969068                    /usr/lib/x86_64-linux-gnu/libXrandr.so.2.2.0
7fecef962000-7fecef964000 r-xp 00000000 08:06 1973890                    /usr/lib/x86_64-linux-gnu/libXinerama.so.1.0.0
7fecef964000-7fecefb63000 ---p 00002000 08:06 1973890                    /usr/lib/x86_64-linux-gnu/libXinerama.so.1.0.0
7fecefb63000-7fecefb64000 rw-p 00001000 08:06 1973890                    /usr/lib/x86_64-linux-gnu/libXinerama.so.1.0.0
7fecefb64000-7fecefb69000 r-xp 00000000 08:06 1969984                    /usr/lib/x86_64-linux-gnu/libXfixes.so.3.1.0
7fecefb69000-7fecefd69000 ---p 00005000 08:06 1969984                    /usr/lib/x86_64-linux-gnu/libXfixes.so.3.1.0
7fecefd69000-7fecefd6a000 rw-p 00005000 08:06 1969984                    /usr/lib/x86_64-linux-gnu/libXfixes.so.3.1.0
7fecefd6a000-7fecefd6c000 r-xp 00000000 08:06 1979594                    /usr/lib/x86_64-linux-gnu/libXdamage.so.1.1.0
7fecefd6c000-7feceff6b000 ---p 00002000 08:06 1979594                    /usr/lib/x86_64-linux-gnu/libXdamage.so.1.1.0
7feceff6b000-7feceff6c000 rw-p 00001000 08:06 1979594                    /usr/lib/x86_64-linux-gnu/libXdamage.so.1.1.0
7feceff6c000-7feceff6e000 r-xp 00000000 08:06 1979581                    /usr/lib/x86_64-linux-gnu/libXcomposite.so.1.0.0
7feceff6e000-7fecf016d000 ---p 00002000 08:06 1979581                    /usr/lib/x86_64-linux-gnu/libXcomposite.so.1.0.0
7fecf016d000-7fecf016e000 rw-p 00001000 08:06 1979581                    /usr/lib/x86_64-linux-gnu/libXcomposite.so.1.0.0
7fecf016e000-7fecf018d000 r-xp 00000000 08:06 1970249                    /usr/lib/x86_64-linux-gnu/libxcb.so.1.1.0
7fecf018d000-7fecf038c000 ---p 0001f000 08:06 1970249                    /usr/lib/x86_64-linux-gnu/libxcb.so.1.1.0
7fecf038c000-7fecf038d000 r--p 0001e000 08:06 1970249                    /usr/lib/x86_64-linux-gnu/libxcb.so.1.1.0
7fecf038d000-7fecf038e000 rw-p 0001f000 08:06 1970249                    /usr/lib/x86_64-linux-gnu/libxcb.so.1.1.0
7fecf038e000-7fecf03e1000 r-xp 00000000 08:06 1976545                    /usr/lib/x86_64-linux-gnu/libcups.so.2
7fecf03e1000-7fecf05e0000 ---p 00053000 08:06 1976545                    /usr/lib/x86_64-linux-gnu/libcups.so.2
7fecf05e0000-7fecf05e5000 r--p 00052000 08:06 1976545                    /usr/lib/x86_64-linux-gnu/libcups.so.2
7fecf05e5000-7fecf05e6000 rw-p 00057000 08:06 1976545                    /usr/lib/x86_64-linux-gnu/libcups.so.2
7fecf05e6000-7fecf06dc000 r-xp 00000000 08:06 2757526                    /lib/x86_64-linux-gnu/libglib-2.0.so.0.3000.2
7fecf06dc000-7fecf08db000 ---p 000f6000 08:06 2757526                    /lib/x86_64-linux-gnu/libglib-2.0.so.0.3000.2
7fecf08db000-7fecf08dd000 rw-p 000f5000 08:06 2757526                    /lib/x86_64-linux-gnu/libglib-2.0.so.0.3000.2
7fecf08dd000-7fecf08e1000 r-xp 00000000 08:06 1970358                    /usr/lib/x86_64-linux-gnu/libgthread-2.0.so.0.3000.2
7fecf08e1000-7fecf0ae1000 ---p 00004000 08:06 1970358                    /usr/lib/x86_64-linux-gnu/libgthread-2.0.so.0.3000.2
7fecf0ae1000-7fecf0ae2000 rw-p 00004000 08:06 1970358                    /usr/lib/x86_64-linux-gnu/libgthread-2.0.so.0.3000.2
7fecf0ae2000-7fecf0ae5000 r-xp 00000000 08:06 1970363                    /usr/lib/x86_64-linux-gnu/libgmodule-2.0.so.0.3000.2
7fecf0ae5000-7fecf0ce4000 ---p 00003000 08:06 1970363                    /usr/lib/x86_64-linux-gnu/libgmodule-2.0.so.0.3000.2
7fecf0ce4000-7fecf0ce5000 rw-p 00002000 08:06 1970363                    /usr/lib/x86_64-linux-gnu/libgmodule-2.0.so.0.3000.2
7fecf0ce5000-7fecf0d34000 r-xp 00000000 08:06 1970362                    /usr/lib/x86_64-linux-gnu/libgobject-2.0.so.0.3000.2
7fecf0d34000-7fecf0f33000 ---p 0004f000 08:06 1970362                    /usr/lib/x86_64-linux-gnu/libgobject-2.0.so.0.3000.2
7fecf0f33000-7fecf0f35000 rw-p 0004e000 08:06 1970362                    /usr/lib/x86_64-linux-gnu/libgobject-2.0.so.0.3000.2
7fecf0f35000-7fecf0f36000 rw-p 00000000 00:00 0 
7fecf0f36000-7fecf0f6a000 r-xp 00000000 08:06 1967803                    /usr/lib/x86_64-linux-gnu/libfontconfig.so.1.4.4
7fecf0f6a000-7fecf1169000 ---p 00034000 08:06 1967803                    /usr/lib/x86_64-linux-gnu/libfontconfig.so.1.4.4
7fecf1169000-7fecf116b000 rw-p 00033000 08:06 1967803                    /usr/lib/x86_64-linux-gnu/libfontconfig.so.1.4.4
7fecf116b000-7fecf1203000 r-xp 00000000 08:06 1970043                    /usr/lib/x86_64-linux-gnu/libfreetype.so.6.8.0
7fecf1203000-7fecf1402000 ---p 00098000 08:06 1970043                    /usr/lib/x86_64-linux-gnu/libfreetype.so.6.8.0
7fecf1402000-7fecf1408000 r--p 00097000 08:06 1970043                    /usr/lib/x86_64-linux-gnu/libfreetype.so.6.8.0
7fecf1408000-7fecf1409000 rw-p 0009d000 08:06 1970043                    /usr/lib/x86_64-linux-gnu/libfreetype.so.6.8.0
7fecf1409000-7fecf1454000 r-xp 00000000 08:06 1969023                    /usr/lib/x86_64-linux-gnu/libpango-1.0.so.0.2904.0
7fecf1454000-7fecf1653000 ---p 0004b000 08:06 1969023                    /usr/lib/x86_64-linux-gnu/libpango-1.0.so.0.2904.0
7fecf1653000-7fecf1656000 rw-p 0004a000 08:06 1969023                    /usr/lib/x86_64-linux-gnu/libpango-1.0.so.0.2904.0
7fecf1656000-7fecf1745000 r-xp 00000000 08:06 1710009                    /usr/lib/libcairo.so.2.11000.2
7fecf1745000-7fecf1944000 ---p 000ef000 08:06 1710009                    /usr/lib/libcairo.so.2.11000.2
7fecf1944000-7fecf1947000 rw-p 000ee000 08:06 1710009                    /usr/lib/libcairo.so.2.11000.2
7fecf1947000-7fecf194a000 rw-p 00000000 00:00 0 
7fecf194a000-7fecf1968000 r-xp 00000000 08:06 1969127                    /usr/lib/x86_64-linux-gnu/libgdk_pixbuf-2.0.so.0.2400.1
7fecf1968000-7fecf1b68000 ---p 0001e000 08:06 1969127                    /usr/lib/x86_64-linux-gnu/libgdk_pixbuf-2.0.so.0.2400.1
7fecf1b68000-7fecf1b69000 rw-p 0001e000 08:06 1969127                    /usr/lib/x86_64-linux-gnu/libgdk_pixbuf-2.0.so.0.2400.1
7fecf1b69000-7fecf1b75000 r-xp 00000000 08:06 1969024                    /usr/lib/x86_64-linux-gnu/libpangocairo-1.0.so.0.2904.0
7fecf1b75000-7fecf1d75000 ---p 0000c000 08:06 1969024                    /usr/lib/x86_64-linux-gnu/libpangocairo-1.0.so.0.2904.0
7fecf1d75000-7fecf1d76000 rw-p 0000c000 08:06 1969024                    /usr/lib/x86_64-linux-gnu/libpangocairo-1.0.so.0.2904.0
7fecf1d76000-7fecf1da1000 r-xp 00000000 08:06 1969022                    /usr/lib/x86_64-linux-gnu/libpangoft2-1.0.so.0.2904.0
7fecf1da1000-7fecf1fa1000 ---p 0002b000 08:06 1969022                    /usr/lib/x86_64-linux-gnu/libpangoft2-1.0.so.0.2904.0
7fecf1fa1000-7fecf1fa2000 rw-p 0002b000 08:06 1969022                    /usr/lib/x86_64-linux-gnu/libpangoft2-1.0.so.0.2904.0
7fecf1fa2000-7fecf20e0000 r-xp 00000000 08:06 1970359                    /usr/lib/x86_64-linux-gnu/libgio-2.0.so.0.3000.2
7fecf20e0000-7fecf22e0000 ---p 0013e000 08:06 1970359                    /usr/lib/x86_64-linux-gnu/libgio-2.0.so.0.3000.2
7fecf22e0000-7fecf22e6000 rw-p 0013e000 08:06 1970359                    /usr/lib/x86_64-linux-gnu/libgio-2.0.so.0.3000.2
7fecf22e6000-7fecf22e7000 rw-p 00000000 00:00 0 
7fecf22e7000-7fecf2308000 r-xp 00000000 08:06 1971830                    /usr/lib/x86_64-linux-gnu/libatk-1.0.so.0.20209.1
7fecf2308000-7fecf2507000 ---p 00021000 08:06 1971830                    /usr/lib/x86_64-linux-gnu/libatk-1.0.so.0.20209.1
7fecf2507000-7fecf250a000 rw-p 00020000 08:06 1971830                    /usr/lib/x86_64-linux-gnu/libatk-1.0.so.0.20209.1
7fecf250a000-7fecf25b9000 r-xp 00000000 08:06 1969142                    /usr/lib/x86_64-linux-gnu/libgdk-x11-2.0.so.0.2400.10
7fecf25b9000-7fecf27b9000 ---p 000af000 08:06 1969142                    /usr/lib/x86_64-linux-gnu/libgdk-x11-2.0.so.0.2400.10
7fecf27b9000-7fecf27be000 rw-p 000af000 08:06 1969142                    /usr/lib/x86_64-linux-gnu/libgdk-x11-2.0.so.0.2400.10
7fecf27be000-7fecf2bf3000 r-xp 00000000 08:06 1969141                    /usr/lib/x86_64-linux-gnu/libgtk-x11-2.0.so.0.2400.10
7fecf2bf3000-7fecf2df2000 ---p 00435000 08:06 1969141                    /usr/lib/x86_64-linux-gnu/libgtk-x11-2.0.so.0.2400.10
7fecf2df2000-7fecf2dfd000 rw-p 00434000 08:06 1969141                    /usr/lib/x86_64-linux-gnu/libgtk-x11-2.0.so.0.2400.10
7fecf2dfd000-7fecf2dff000 rw-p 00000000 00:00 0 
7fecf2dff000-7fecf2e0e000 r-xp 00000000 08:06 1969062                    /usr/lib/x86_64-linux-gnu/libXi.so.6.1.0
7fecf2e0e000-7fecf300d000 ---p 0000f000 08:06 1969062                    /usr/lib/x86_64-linux-gnu/libXi.so.6.1.0
7fecf300d000-7fecf300e000 rw-p 0000e000 08:06 1969062                    /usr/lib/x86_64-linux-gnu/libXi.so.6.1.0
7fecf300e000-7fecf3013000 r-xp 00000000 08:06 1969076                    /usr/lib/x86_64-linux-gnu/libXtst.so.6.1.0
7fecf3013000-7fecf3213000 ---p 00005000 08:06 1969076                    /usr/lib/x86_64-linux-gnu/libXtst.so.6.1.0
7fecf3213000-7fecf3214000 rw-p 00005000 08:06 1969076                    /usr/lib/x86_64-linux-gnu/libXtst.so.6.1.0
7fecf3214000-7fecf321e000 r-xp 00000000 08:06 1970265                    /usr/lib/x86_64-linux-gnu/libXrender.so.1.3.0
7fecf321e000-7fecf341d000 ---p 0000a000 08:06 1970265                    /usr/lib/x86_64-linux-gnu/libXrender.so.1.3.0
7fecf341d000-7fecf341e000 rw-p 00009000 08:06 1970265                    /usr/lib/x86_64-linux-gnu/libXrender.so.1.3.0
7fecf341e000-7fecf3557000 r-xp 00000000 08:06 1978979                    /usr/lib/x86_64-linux-gnu/libX11.so.6.3.0
7fecf3557000-7fecf3757000 ---p 00139000 08:06 1978979                    /usr/lib/x86_64-linux-gnu/libX11.so.6.3.0
7fecf3757000-7fecf375d000 rw-p 00139000 08:06 1978979                    /usr/lib/x86_64-linux-gnu/libX11.so.6.3.0
7fecf375d000-7fecf376f000 r-xp 00000000 08:06 1967602                    /usr/lib/x86_64-linux-gnu/libXext.so.6.4.0
7fecf376f000-7fecf396f000 ---p 00012000 08:06 1967602                    /usr/lib/x86_64-linux-gnu/libXext.so.6.4.0
7fecf396f000-7fecf3970000 rw-p 00012000 08:06 1967602                    /usr/lib/x86_64-linux-gnu/libXext.so.6.4.0
7fecf3981000-7fecf3983000 rw-s 00002000 00:05 5447                       /dev/ati/card0
7fecf3983000-7fecf398c000 r--s 00263000 08:06 2758218                    /usr/lib/jvm/java-7-openjdk-common/jre/lib/resources.jar
7fecf398c000-7fecf39de000 r-xp 00000000 08:06 2884765                    /usr/lib/jvm/java-7-openjdk-amd64/jre/lib/amd64/xawt/libmawt.so
7fecf39de000-7fecf3bdd000 ---p 00052000 08:06 2884765                    /usr/lib/jvm/java-7-openjdk-amd64/jre/lib/amd64/xawt/libmawt.so
7fecf3bdd000-7fecf3be1000 rw-p 00051000 08:06 2884765                    /usr/lib/jvm/java-7-openjdk-amd64/jre/lib/amd64/xawt/libmawt.so
7fecf3be1000-7fecf3be2000 rw-p 00000000 00:00 0 
7fecf3be2000-7fecf3c83000 r-xp 00000000 08:06 2884648                    /usr/lib/jvm/java-7-openjdk-amd64/jre/lib/amd64/libawt.so
7fecf3c83000-7fecf3e83000 ---p 000a1000 08:06 2884648                    /usr/lib/jvm/java-7-openjdk-amd64/jre/lib/amd64/libawt.so
7fecf3e83000-7fecf3e8e000 rw-p 000a1000 08:06 2884648                    /usr/lib/jvm/java-7-openjdk-amd64/jre/lib/amd64/libawt.so
7fecf3e8e000-7fecf3eb3000 rw-p 00000000 00:00 0 
7fecf3eb3000-7fecf3eb5000 r--s 00015000 08:07 3280485                    /home/speedy/Programming/Libraries/Java/slick/lib/tinylinepp.jar
7fecf3eb5000-7fecf3eb8000 r--s 00015000 08:07 3280483                    /home/speedy/Programming/Libraries/Java/slick/lib/slick-util.jar
7fecf3eb8000-7fecf3eba000 r--s 00013000 08:07 3280501                    /home/speedy/Programming/Libraries/Java/slick/lib/slick-util-src.zip
7fecf3eba000-7fecf3ec2000 r--s 00067000 08:07 3280494                    /home/speedy/Programming/Libraries/Java/slick/lib/slick-sources.jar
7fecf3ec2000-7fecf3ec3000 r--s 00000000 08:07 3280489                    /home/speedy/Programming/Libraries/Java/slick/lib/slick-examples.jar
7fecf3ec3000-7fecf3ec4000 r--s 00003000 08:07 3280486                    /home/speedy/Programming/Libraries/Java/slick/lib/scalar.jar
7fecf3ec4000-7fecf3ecf000 r--s 00093000 08:07 1573503                    /home/speedy/Programming/Libraries/Java/slick/lib/slick.jar
7fecf3ecf000-7fecf3ed2000 r--s 00017000 08:07 3280498                    /home/speedy/Programming/Libraries/Java/slick/lib/pedigree.jar
7fecf3ed2000-7fecf3ed4000 r--s 00004000 08:07 3280490                    /home/speedy/Programming/Libraries/Java/slick/lib/packulike.jar
7fecf3ed4000-7fecf3ed6000 r--s 00063000 08:07 3280497                    /home/speedy/Programming/Libraries/Java/slick/lib/natives-win32.jar
7fecf3ed6000-7fecf3ed7000 r--s 00049000 08:07 3280495                    /home/speedy/Programming/Libraries/Java/slick/lib/natives-mac.jar
7fecf3ed7000-7fecf3ed8000 r--s 0006b000 08:07 3280499                    /home/speedy/Programming/Libraries/Java/slick/lib/natives-linux.jar
7fecf3ed8000-7fecf3ed9000 r--s 00001000 08:07 3280521                    /home/speedy/Programming/Libraries/Java/slick/lib/lzma.jar
7fecf3ed9000-7fecf3eda000 r--s 00007000 08:07 3280519                    /home/speedy/Programming/Libraries/Java/slick/lib/lwjgl_util_applet.jar
7fecf3eda000-7fecf3ede000 r--s 00027000 08:07 3280520                    /home/speedy/Programming/Libraries/Java/slick/lib/lwjgl_util.jar
7fecf3ede000-7fecf3ee3000 r--s 00041000 08:07 3280518                    /home/speedy/Programming/Libraries/Java/slick/lib/lwjgl_test.jar
7fecf3ee3000-7fecf3ef2000 r--s 000cb000 08:07 3280484                    /home/speedy/Programming/Libraries/Java/slick/lib/lwjgl.jar
7fecf3ef2000-7fecf3eff000 r--s 000db000 08:07 3280517                    /home/speedy/Programming/Libraries/Java/slick/lib/lwjgl-debug.jar
7fecf3eff000-7fecf3f00000 ---p 00000000 00:00 0 
7fecf3f00000-7fecf4000000 rw-p 00000000 00:00 0 
7fecf4000000-7fecf4ce6000 rw-p 00000000 00:00 0 
7fecf4ce6000-7fecf8000000 ---p 00000000 00:00 0 
7fecf8001000-7fecf8004000 ---p 00000000 00:00 0 
7fecf8004000-7fecf8102000 rw-p 00000000 00:00 0 
7fecf8102000-7fecf8105000 ---p 00000000 00:00 0 
7fecf8105000-7fecf8203000 rw-p 00000000 00:00 0 
7fecf8203000-7fecf8206000 ---p 00000000 00:00 0 
7fecf8206000-7fecf8304000 rw-p 00000000 00:00 0 
7fecf8304000-7fecf8307000 ---p 00000000 00:00 0 
7fecf8307000-7fecf8405000 rw-p 00000000 00:00 0 
7fecf8405000-7fecf857c000 r--p 00000000 08:06 1710362                    /usr/lib/locale/locale-archive
7fecf857c000-7fecf857f000 ---p 00000000 00:00 0 
7fecf857f000-7fecf867d000 rw-p 00000000 00:00 0 
7fecf867d000-7fecf8680000 ---p 00000000 00:00 0 
7fecf8680000-7fecf877e000 rw-p 00000000 00:00 0 
7fecf877e000-7fecf877f000 ---p 00000000 00:00 0 
7fecf877f000-7fecf8df0000 rw-p 00000000 00:00 0 
7fecf8df0000-7fecf8f9e000 r--s 03e77000 08:06 2884624                    /usr/lib/jvm/java-7-openjdk-amd64/jre/lib/rt.jar
7fecf8f9e000-7fecf8fc6000 rw-p 00000000 00:00 0 
7fecf8fc6000-7fecf8fc7000 ---p 00000000 00:00 0 
7fecf8fc7000-7fecf90c7000 rw-p 00000000 00:00 0 
7fecf90c7000-7fecf90c8000 ---p 00000000 00:00 0 
7fecf90c8000-7fecf91c8000 rw-p 00000000 00:00 0 
7fecf91c8000-7fecf91c9000 ---p 00000000 00:00 0 
7fecf91c9000-7fecf92c9000 rw-p 00000000 00:00 0 
7fecf92c9000-7fecf92ca000 ---p 00000000 00:00 0 
7fecf92ca000-7fecf93d5000 rw-p 00000000 00:00 0 
7fecf93d5000-7fecf941d000 rw-p 00000000 00:00 0 
7fecf941d000-7fecf9431000 rw-p 00000000 00:00 0 
7fecf9431000-7fecf955c000 rw-p 00000000 00:00 0 
7fecf955c000-7fecf9567000 rw-p 00000000 00:00 0 
7fecf9567000-7fecf95af000 rw-p 00000000 00:00 0 
7fecf95af000-7fecf95c3000 rw-p 00000000 00:00 0 
7fecf95c3000-7fecf96ed000 rw-p 00000000 00:00 0 
7fecf96ed000-7fecf96f8000 rw-p 00000000 00:00 0 
7fecf96f8000-7fecf978d000 rw-p 00000000 00:00 0 
7fecf978d000-7fecf978e000 rw-p 00000000 00:00 0 
7fecf978e000-7fecf99fe000 rwxp 00000000 00:00 0 
7fecf99fe000-7fecfc78e000 rw-p 00000000 00:00 0 
7fecfc78e000-7fecfc796000 r-xp 00000000 08:06 2884653                    /usr/lib/jvm/java-7-openjdk-amd64/jre/lib/amd64/libzip.so
7fecfc796000-7fecfc995000 ---p 00008000 08:06 2884653                    /usr/lib/jvm/java-7-openjdk-amd64/jre/lib/amd64/libzip.so
7fecfc995000-7fecfc996000 rw-p 00007000 08:06 2884653                    /usr/lib/jvm/java-7-openjdk-amd64/jre/lib/amd64/libzip.so
7fecfc996000-7fecfc9a1000 r-xp 00000000 08:06 2759626                    /lib/x86_64-linux-gnu/libnss_files-2.13.so
7fecfc9a1000-7fecfcba0000 ---p 0000b000 08:06 2759626                    /lib/x86_64-linux-gnu/libnss_files-2.13.so
7fecfcba0000-7fecfcba1000 r--p 0000a000 08:06 2759626                    /lib/x86_64-linux-gnu/libnss_files-2.13.so
7fecfcba1000-7fecfcba2000 rw-p 0000b000 08:06 2759626                    /lib/x86_64-linux-gnu/libnss_files-2.13.so
7fecfcba2000-7fecfcbac000 r-xp 00000000 08:06 2759622                    /lib/x86_64-linux-gnu/libnss_nis-2.13.so
7fecfcbac000-7fecfcdab000 ---p 0000a000 08:06 2759622                    /lib/x86_64-linux-gnu/libnss_nis-2.13.so
7fecfcdab000-7fecfcdac000 r--p 00009000 08:06 2759622                    /lib/x86_64-linux-gnu/libnss_nis-2.13.so
7fecfcdac000-7fecfcdad000 rw-p 0000a000 08:06 2759622                    /lib/x86_64-linux-gnu/libnss_nis-2.13.so
7fecfcdad000-7fecfcdc2000 r-xp 00000000 08:06 2759620                    /lib/x86_64-linux-gnu/libnsl-2.13.so
7fecfcdc2000-7fecfcfc1000 ---p 00015000 08:06 2759620                    /lib/x86_64-linux-gnu/libnsl-2.13.so
7fecfcfc1000-7fecfcfc2000 r--p 00014000 08:06 2759620                    /lib/x86_64-linux-gnu/libnsl-2.13.so
7fecfcfc2000-7fecfcfc3000 rw-p 00015000 08:06 2759620                    /lib/x86_64-linux-gnu/libnsl-2.13.so
7fecfcfc3000-7fecfcfc5000 rw-p 00000000 00:00 0 
7fecfcfc5000-7fecfcfcc000 r-xp 00000000 08:06 2759615                    /lib/x86_64-linux-gnu/libnss_compat-2.13.so
7fecfcfcc000-7fecfd1cb000 ---p 00007000 08:06 2759615                    /lib/x86_64-linux-gnu/libnss_compat-2.13.so
7fecfd1cb000-7fecfd1cc000 r--p 00006000 08:06 2759615                    /lib/x86_64-linux-gnu/libnss_compat-2.13.so
7fecfd1cc000-7fecfd1cd000 rw-p 00007000 08:06 2759615                    /lib/x86_64-linux-gnu/libnss_compat-2.13.so
7fecfd1cd000-7fecfd1f5000 r-xp 00000000 08:06 2884638                    /usr/lib/jvm/java-7-openjdk-amd64/jre/lib/amd64/libjava.so
7fecfd1f5000-7fecfd3f5000 ---p 00028000 08:06 2884638                    /usr/lib/jvm/java-7-openjdk-amd64/jre/lib/amd64/libjava.so
7fecfd3f5000-7fecfd3f7000 rw-p 00028000 08:06 2884638                    /usr/lib/jvm/java-7-openjdk-amd64/jre/lib/amd64/libjava.so
7fecfd3f7000-7fecfd405000 r-xp 00000000 08:06 2884671                    /usr/lib/jvm/java-7-openjdk-amd64/jre/lib/amd64/libverify.so
7fecfd405000-7fecfd604000 ---p 0000e000 08:06 2884671                    /usr/lib/jvm/java-7-openjdk-amd64/jre/lib/amd64/libverify.so
7fecfd604000-7fecfd606000 rw-p 0000d000 08:06 2884671                    /usr/lib/jvm/java-7-openjdk-amd64/jre/lib/amd64/libverify.so
7fecfd606000-7fecfd60d000 r-xp 00000000 08:06 2759630                    /lib/x86_64-linux-gnu/librt-2.13.so
7fecfd60d000-7fecfd80c000 ---p 00007000 08:06 2759630                    /lib/x86_64-linux-gnu/librt-2.13.so
7fecfd80c000-7fecfd80d000 r--p 00006000 08:06 2759630                    /lib/x86_64-linux-gnu/librt-2.13.so
7fecfd80d000-7fecfd80e000 rw-p 00007000 08:06 2759630                    /lib/x86_64-linux-gnu/librt-2.13.so
7fecfd80e000-7fecfd823000 r-xp 00000000 08:06 2757459                    /lib/x86_64-linux-gnu/libgcc_s.so.1
7fecfd823000-7fecfda23000 ---p 00015000 08:06 2757459                    /lib/x86_64-linux-gnu/libgcc_s.so.1
7fecfda23000-7fecfda24000 rw-p 00015000 08:06 2757459                    /lib/x86_64-linux-gnu/libgcc_s.so.1
7fecfda24000-7fecfdaa5000 r-xp 00000000 08:06 2759617                    /lib/x86_64-linux-gnu/libm-2.13.so
7fecfdaa5000-7fecfdca4000 ---p 00081000 08:06 2759617                    /lib/x86_64-linux-gnu/libm-2.13.so
7fecfdca4000-7fecfdca5000 r--p 00080000 08:06 2759617                    /lib/x86_64-linux-gnu/libm-2.13.so
7fecfdca5000-7fecfdca6000 rw-p 00081000 08:06 2759617                    /lib/x86_64-linux-gnu/libm-2.13.so
7fecfdca6000-7fecfdd8b000 r-xp 00000000 08:06 1971743                    /usr/lib/x86_64-linux-gnu/libstdc++.so.6.0.16
7fecfdd8b000-7fecfdf8b000 ---p 000e5000 08:06 1971743                    /usr/lib/x86_64-linux-gnu/libstdc++.so.6.0.16
7fecfdf8b000-7fecfdf93000 r--p 000e5000 08:06 1971743                    /usr/lib/x86_64-linux-gnu/libstdc++.so.6.0.16
7fecfdf93000-7fecfdf95000 rw-p 000ed000 08:06 1971743                    /usr/lib/x86_64-linux-gnu/libstdc++.so.6.0.16
7fecfdf95000-7fecfdfaa000 rw-p 00000000 00:00 0 
7fecfdfaa000-7fecfe92e000 r-xp 00000000 08:06 2884646                    /usr/lib/jvm/java-7-openjdk-amd64/jre/lib/amd64/server/libjvm.so
7fecfe92e000-7fecfeb2d000 ---p 00984000 08:06 2884646                    /usr/lib/jvm/java-7-openjdk-amd64/jre/lib/amd64/server/libjvm.so
7fecfeb2d000-7fecfebc6000 rw-p 00983000 08:06 2884646                    /usr/lib/jvm/java-7-openjdk-amd64/jre/lib/amd64/server/libjvm.so
7fecfebc6000-7fecfebf1000 rw-p 00000000 00:00 0 
7fecfebf1000-7fecfed6e000 r-xp 00000000 08:06 2757460                    /lib/x86_64-linux-gnu/libc-2.13.so
7fecfed6e000-7fecfef6e000 ---p 0017d000 08:06 2757460                    /lib/x86_64-linux-gnu/libc-2.13.so
7fecfef6e000-7fecfef72000 r--p 0017d000 08:06 2757460                    /lib/x86_64-linux-gnu/libc-2.13.so
7fecfef72000-7fecfef73000 rw-p 00181000 08:06 2757460                    /lib/x86_64-linux-gnu/libc-2.13.so
7fecfef73000-7fecfef78000 rw-p 00000000 00:00 0 
7fecfef78000-7fecfef7a000 r-xp 00000000 08:06 2759624                    /lib/x86_64-linux-gnu/libdl-2.13.so
7fecfef7a000-7fecff17a000 ---p 00002000 08:06 2759624                    /lib/x86_64-linux-gnu/libdl-2.13.so
7fecff17a000-7fecff17b000 r--p 00002000 08:06 2759624                    /lib/x86_64-linux-gnu/libdl-2.13.so
7fecff17b000-7fecff17c000 rw-p 00003000 08:06 2759624                    /lib/x86_64-linux-gnu/libdl-2.13.so
7fecff17c000-7fecff192000 r-xp 00000000 08:06 1966114                    /usr/lib/x86_64-linux-gnu/libz.so.1.2.6
7fecff192000-7fecff391000 ---p 00016000 08:06 1966114                    /usr/lib/x86_64-linux-gnu/libz.so.1.2.6
7fecff391000-7fecff392000 rw-p 00015000 08:06 1966114                    /usr/lib/x86_64-linux-gnu/libz.so.1.2.6
7fecff392000-7fecff39e000 r-xp 00000000 08:06 2884637                    /usr/lib/jvm/java-7-openjdk-amd64/jre/lib/amd64/jli/libjli.so
7fecff39e000-7fecff59e000 ---p 0000c000 08:06 2884637                    /usr/lib/jvm/java-7-openjdk-amd64/jre/lib/amd64/jli/libjli.so
7fecff59e000-7fecff59f000 rw-p 0000c000 08:06 2884637                    /usr/lib/jvm/java-7-openjdk-amd64/jre/lib/amd64/jli/libjli.so
7fecff59f000-7fecff5b6000 r-xp 00000000 08:06 2759628                    /lib/x86_64-linux-gnu/libpthread-2.13.so
7fecff5b6000-7fecff7b5000 ---p 00017000 08:06 2759628                    /lib/x86_64-linux-gnu/libpthread-2.13.so
7fecff7b5000-7fecff7b6000 r--p 00016000 08:06 2759628                    /lib/x86_64-linux-gnu/libpthread-2.13.so
7fecff7b6000-7fecff7b7000 rw-p 00017000 08:06 2759628                    /lib/x86_64-linux-gnu/libpthread-2.13.so
7fecff7b7000-7fecff7bb000 rw-p 00000000 00:00 0 
7fecff7bb000-7fecff7da000 r-xp 00000000 08:06 2759632                    /lib/x86_64-linux-gnu/ld-2.13.so
7fecff7da000-7fecff7dc000 r--s 0000d000 08:07 3280487                    /home/speedy/Programming/Libraries/Java/slick/lib/jorbis-0.0.15.jar
7fecff7dc000-7fecff7dd000 r--s 00001000 08:07 3280488                    /home/speedy/Programming/Libraries/Java/slick/lib/jogg-0.0.7.jar
7fecff7dd000-7fecff7de000 r--s 00001000 08:07 3280491                    /home/speedy/Programming/Libraries/Java/slick/lib/jnlp.jar
7fecff7de000-7fecff7e3000 r--s 00030000 08:07 3280493                    /home/speedy/Programming/Libraries/Java/slick/lib/jinput.jar
7fecff7e3000-7fecff7e5000 r--s 00008000 08:07 3280492                    /home/speedy/Programming/Libraries/Java/slick/lib/ibxm.jar
7fecff7e5000-7fecff7e8000 r--s 0005b000 08:07 3280496                    /home/speedy/Programming/Libraries/Java/slick/lib/hiero.jar
7fecff7e8000-7fecff7ed000 r--s 0004a000 08:07 3280516                    /home/speedy/Programming/Libraries/Java/slick/lib/asm-debug-all.jar
7fecff7ed000-7fecff7ef000 r--s 00000000 08:07 3280515                    /home/speedy/Programming/Libraries/Java/slick/lib/AppleJavaExtensions.jar
7fecff7ef000-7fecff7f2000 r--s 0003c000 08:06 2758237                    /usr/lib/jvm/java-7-openjdk-common/jre/lib/ext/sunpkcs11.jar
7fecff7f2000-7fecff7f3000 r--s 00002000 08:06 2758236                    /usr/lib/jvm/java-7-openjdk-common/jre/lib/ext/dnsns.jar
7fecff7f3000-7fecff7f6000 r--s 00085000 08:06 2758239                    /usr/lib/jvm/java-7-openjdk-common/jre/lib/ext/localedata.jar
7fecff7f6000-7fecff800000 rw-p 00000000 00:00 0 
7fecff800000-7fecff8b6000 rw-p 00000000 00:00 0 
7fecff8b6000-7fecff8b9000 ---p 00000000 00:00 0 
7fecff8b9000-7fecff9bc000 rw-p 00000000 00:00 0 
7fecff9bc000-7fecff9bd000 rw-s 00005000 00:05 5447                       /dev/ati/card0
7fecff9bd000-7fecff9be000 r--p 00000000 00:00 0 
7fecff9be000-7fecff9c1000 r--s 00032000 08:06 2758234                    /usr/lib/jvm/java-7-openjdk-common/jre/lib/ext/sunjce_provider.jar
7fecff9c1000-7fecff9c3000 r--s 00012000 08:06 2758238                    /usr/lib/jvm/java-7-openjdk-common/jre/lib/ext/zipfs.jar
7fecff9c3000-7fecff9cb000 r--s 00066000 08:06 1844237                    /usr/share/java/gnome-java-bridge.jar
7fecff9cb000-7fecff9ce000 r--s 0000f000 08:06 2758235                    /usr/lib/jvm/java-7-openjdk-common/jre/lib/ext/pulse-java.jar
7fecff9ce000-7fecff9d6000 rw-s 00000000 08:06 1181381                    /tmp/hsperfdata_speedy/5143 (deleted)
7fecff9d6000-7fecff9d7000 rw-p 00000000 00:00 0 
7fecff9d7000-7fecff9d8000 ---p 00000000 00:00 0 
7fecff9d8000-7fecff9da000 rw-p 00000000 00:00 0 
7fecff9da000-7fecff9db000 r--p 0001f000 08:06 2759632                    /lib/x86_64-linux-gnu/ld-2.13.so
7fecff9db000-7fecff9dc000 rw-p 00020000 08:06 2759632                    /lib/x86_64-linux-gnu/ld-2.13.so
7fecff9dc000-7fecff9dd000 rw-p 00000000 00:00 0 
7fff9b3bc000-7fff9b3dd000 rw-p 00000000 00:00 0                          [stack]
7fff9b3ff000-7fff9b400000 r-xp 00000000 00:00 0                          [vdso]
ffffffffff600000-ffffffffff601000 r-xp 00000000 00:00 0                  [vsyscall]

VM Arguments:
jvm_args: -Dfile.encoding=UTF-8 -Djava.library.path=/home/speedy/Programming/Libraries/Java/slick/native/linux 
java_command: prehistoricreactivation.PrehistoricReactivation
Launcher Type: SUN_STANDARD

Environment Variables:
PATH=/usr/local/bin:/usr/bin:/bin:/usr/bin/X11:/usr/games:/sbin/:/usr/sbin/:/usr/local/sbin/:/sbin:/usr/sbin:/usr/local/sbin
USERNAME=speedy
SHELL=/bin/bash
DISPLAY=:0.0

Signal Handlers:
SIGSEGV: [libjvm.so+0x7fa760], sa_mask[0]=0x7ffbfeff, sa_flags=0x10000004
SIGBUS: [libjvm.so+0x7fa760], sa_mask[0]=0x7ffbfeff, sa_flags=0x10000004
SIGFPE: [libjvm.so+0x69f9f0], sa_mask[0]=0x7ffbfeff, sa_flags=0x10000004
SIGPIPE: [libjvm.so+0x69f9f0], sa_mask[0]=0x7ffbfeff, sa_flags=0x10000004
SIGXFSZ: [libjvm.so+0x69f9f0], sa_mask[0]=0x7ffbfeff, sa_flags=0x10000004
SIGILL: [libjvm.so+0x69f9f0], sa_mask[0]=0x7ffbfeff, sa_flags=0x10000004
SIGUSR1: SIG_DFL, sa_mask[0]=0x00000000, sa_flags=0x00000000
SIGUSR2: [libjvm.so+0x69fd70], sa_mask[0]=0x00000004, sa_flags=0x10000004
SIGHUP: [libjvm.so+0x69feb0], sa_mask[0]=0x7ffbfeff, sa_flags=0x10000004
SIGINT: SIG_IGN, sa_mask[0]=0x00000000, sa_flags=0x00000000
SIGTERM: [libjvm.so+0x69feb0], sa_mask[0]=0x7ffbfeff, sa_flags=0x10000004
SIGQUIT: [libjvm.so+0x69feb0], sa_mask[0]=0x7ffbfeff, sa_flags=0x10000004


---------------  S Y S T E M  ---------------

OS:wheezy/sid

uname:Linux 3.2.0-1-amd64 #1 SMP Fri Feb 17 05:17:36 UTC 2012 x86_64
libc:glibc 2.13 NPTL 2.13 
rlimit: STACK 8192k, CORE 0k, NPROC 30484, NOFILE 4096, AS infinity
load average:0.26 0.52 0.39

/proc/meminfo:
MemTotal:        3913988 kB
MemFree:          155284 kB
Buffers:          100324 kB
Cached:          1396032 kB
SwapCached:          120 kB
Active:          2328076 kB
Inactive:        1102864 kB
Active(anon):    1589220 kB
Inactive(anon):   370640 kB
Active(file):     738856 kB
Inactive(file):   732224 kB
Unevictable:          16 kB
Mlocked:              16 kB
SwapTotal:      12280828 kB
SwapFree:       12279940 kB
Dirty:               824 kB
Writeback:             0 kB
AnonPages:       1934596 kB
Mapped:           198756 kB
Shmem:             25204 kB
Slab:             123272 kB
SReclaimable:      93584 kB
SUnreclaim:        29688 kB
KernelStack:        3680 kB
PageTables:        32984 kB
NFS_Unstable:          0 kB
Bounce:                0 kB
WritebackTmp:          0 kB
CommitLimit:    14237820 kB
Committed_AS:    3851900 kB
VmallocTotal:   34359738367 kB
VmallocUsed:      106436 kB
VmallocChunk:   34359629820 kB
HardwareCorrupted:     0 kB
AnonHugePages:         0 kB
HugePages_Total:       0
HugePages_Free:        0
HugePages_Rsvd:        0
HugePages_Surp:        0
Hugepagesize:       2048 kB
DirectMap4k:      483824 kB
DirectMap2M:     3561472 kB


CPU:total 4 (2 cores per cpu, 2 threads per core) family 6 model 37 stepping 2, cmov, cx8, fxsr, mmx, sse, sse2, sse3, ssse3, sse4.1, sse4.2, popcnt, ht

Memory: 4k page, physical 3913988k(155284k free), swap 12280828k(12279940k free)

vm_info: OpenJDK 64-Bit Server VM (21.0-b17) for linux-amd64 JRE (1.7.0_147-b147), built on Oct 20 2011 18:07:37 by "pbuilder" with gcc 4.6.1

time: Mon Mar 19 23:47:06 2012
elapsed time: 6 seconds

